2024-11-01 13:34:09.235 | INFO     | __main__:<module>:34 - Using environment: production
2024-11-01 13:34:09.905 | INFO     | __main__:is_market_open:166 - Current ET time: 09:34:09
2024-11-01 13:34:09.907 | INFO     | __main__:is_market_open:167 - Market open time: 09:30:00
2024-11-01 13:34:09.908 | INFO     | __main__:<module>:496 - Waiting for market open...
2024-11-01 13:34:39.932 | INFO     | __main__:is_market_open:166 - Current ET time: 09:34:39
2024-11-01 13:34:39.934 | INFO     | __main__:is_market_open:167 - Market open time: 09:30:00
2024-11-01 13:34:39.937 | INFO     | __main__:<module>:496 - Waiting for market open...
2024-11-01 13:35:09.961 | INFO     | __main__:is_market_open:166 - Current ET time: 09:35:09
2024-11-01 13:35:09.970 | INFO     | __main__:is_market_open:167 - Market open time: 09:30:00
2024-11-01 13:35:09.974 | INFO     | __main__:<module>:496 - Waiting for market open...
2024-11-01 13:35:39.978 | INFO     | __main__:is_market_open:166 - Current ET time: 09:35:39
2024-11-01 13:35:39.980 | INFO     | __main__:is_market_open:167 - Market open time: 09:30:00
2024-11-01 13:35:39.981 | INFO     | __main__:<module>:496 - Waiting for market open...
2024-11-01 13:36:09.985 | INFO     | __main__:is_market_open:166 - Current ET time: 09:36:09
2024-11-01 13:36:09.986 | INFO     | __main__:is_market_open:167 - Market open time: 09:30:00
2024-11-01 13:36:09.988 | INFO     | __main__:<module>:492 - Trading time reached - executing trading tasks
2024-11-01 13:36:10.149 | WARNING  | __main__:get_session_token:61 - Session token expired or invalid, generating new session token...
2024-11-01 13:36:10.151 | INFO     | __main__:get_session_token:71 - Using environment:production with base url: https://api.tastyworks.com/sessions
2024-11-01 13:36:10.161 | DEBUG    | __main__:get_session_token:76 - Generated payload.
2024-11-01 13:36:10.750 | INFO     | __main__:get_session_token:79 - Posted request: <Response [201]>
2024-11-01 13:36:10.752 | SUCCESS  | __main__:get_session_token:82 - Response status code: 201. Received session token.
2024-11-01 13:36:10.753 | DEBUG    | __main__:get_session_token:86 - Saved new session token expiring at: 2024-11-02 13:36:10.753714.
2024-11-01 13:36:10.789 | SUCCESS  | __main__:get_session_token:92 - Stored new session token and token expiry.
2024-11-01 13:36:11.271 | SUCCESS  | __main__:account_information_and_balances:119 - Retrieved account information for account 5WX16582 - a production account.
2024-11-01 13:36:12.561 | SUCCESS  | __main__:account_information_and_balances:128 - Retrieved account balances for account 5WX16582 - a production account.
2024-11-01 13:36:12.561 | INFO     | __main__:account_information_and_balances:133 - Option Buying Power: $40034.728
2024-11-01 13:36:16.926 | INFO     | __main__:get_underlying_regime:229 - Retrieved and calculated underlying regime.
2024-11-01 13:36:18.111 | INFO     | __main__:get_underlying_regime:229 - Retrieved and calculated underlying regime.
2024-11-01 13:36:18.973 | SUCCESS  | __main__:calculate_expected_move:273 - Calculated expected move.
2024-11-01 13:36:19.440 | INFO     | __main__:calculate_expected_move:296 - Generated Call-Side Trade | Short: 5760 Long: 5765
2024-11-01 13:36:21.129 | INFO     | __main__:get_underlying_regime:229 - Retrieved and calculated underlying regime.
2024-11-01 13:36:22.152 | SUCCESS  | __main__:calculate_expected_move:273 - Calculated expected move.
2024-11-01 13:36:22.673 | INFO     | __main__:calculate_expected_move:296 - Generated Call-Side Trade | Short: 5760 Long: 5765
2024-11-01 13:36:24.538 | SUCCESS  | __main__:get_option_chain_data:358 - Retrieved nested option chain.
2024-11-01 13:36:24.547 | SUCCESS  | __main__:get_option_chain_data:368 - Retrieved call-side tickers.
2024-11-01 13:36:25.192 | SUCCESS  | __main__:submit_order:471 - Validated order, no issues in preflight.
2024-11-01 13:36:26.061 | SUCCESS  | __main__:submit_order:480 - Sent order.
