2025-01-24 18:12:23.102 | INFO     | __main__:<module>:31 - Using environment: sandbox
2025-01-24 18:12:24.609 | SUCCESS  | __main__:get_session_token:806 - Found existing session token.
2025-01-24 18:12:24.610 | INFO     | __main__:get_session_token:807 - Existing session token will expire at 2025-01-25 16:19:19.226580.
2025-01-24 18:12:24.618 | SUCCESS  | __main__:get_quote_token:873 - Found existing quote token.
2025-01-24 18:12:24.619 | INFO     | __main__:get_quote_token:874 - Existing quote token will expire at 2025-01-25 16:19:21.413653.
2025-01-24 18:12:24.621 | INFO     | __main__:connect:275 - Connecting to wss://tasty-demo-ws.dxfeed.com/delayed
2025-01-24 18:12:26.083 | INFO     | __main__:connect:299 - Sending SETUP message
2025-01-24 18:12:26.167 | DEBUG    | __main__:_message_processor:517 - Processing message: {'type': 'SETUP', 'channel': 0, 'keepaliveTimeout': 60, 'acceptKeepaliveTimeout': 60, 'version': '1.0-1.2.3-20240912-171526'}
2025-01-24 18:12:26.169 | DEBUG    | __main__:_message_processor:517 - Processing message: {'type': 'AUTH_STATE', 'channel': 0, 'state': 'UNAUTHORIZED'}
2025-01-24 18:12:26.171 | INFO     | __main__:connect:306 - SETUP completed successfully
2025-01-24 18:12:26.172 | INFO     | __main__:connect:313 - Received initial UNAUTHORIZED state
2025-01-24 18:12:26.173 | INFO     | __main__:connect:321 - Sending AUTH message
2025-01-24 18:12:26.351 | DEBUG    | __main__:_message_processor:517 - Processing message: {'type': 'AUTH_STATE', 'channel': 0, 'state': 'AUTHORIZED', 'userId': '0e81d26d-94b7-42e1-905a-758cbbb5a257'}
2025-01-24 18:12:26.353 | INFO     | __main__:connect:331 - Authorization successful
2025-01-24 18:12:26.354 | INFO     | __main__:connect:343 - Requesting feed channel
2025-01-24 18:12:26.592 | DEBUG    | __main__:_message_processor:517 - Processing message: {'type': 'CHANNEL_OPENED', 'channel': 3, 'service': 'FEED', 'parameters': {'contract': 'AUTO', 'subFormat': 'LIST'}}
2025-01-24 18:12:26.594 | INFO     | __main__:connect:352 - Feed channel opened successfully
2025-01-24 18:12:26.595 | INFO     | __main__:connect:365 - Setting up feed configuration
2025-01-24 18:12:26.778 | DEBUG    | __main__:_message_processor:517 - Processing message: {'type': 'FEED_CONFIG', 'channel': 3, 'dataFormat': 'COMPACT', 'aggregationPeriod': 0.1}
2025-01-24 18:12:26.779 | INFO     | __main__:connect:375 - Feed config response: {'type': 'FEED_CONFIG', 'channel': 3, 'dataFormat': 'COMPACT', 'aggregationPeriod': 0.1}
2025-01-24 18:12:26.781 | INFO     | __main__:connect:376 - Feed setup completed successfully
2025-01-24 18:12:26.782 | INFO     | __main__:subscribe_quote:408 - Subscribing to Quote for SPY
2025-01-24 18:12:26.964 | DEBUG    | __main__:_message_processor:517 - Processing message: {'type': 'FEED_CONFIG', 'channel': 3, 'dataFormat': 'COMPACT', 'aggregationPeriod': 0.1, 'eventFields': {'Quote': ['eventType', 'eventSymbol', 'bidPrice', 'askPrice']}}
2025-01-24 18:12:26.966 | DEBUG    | __main__:_message_processor:517 - Processing message: {'type': 'FEED_DATA', 'channel': 3, 'data': ['Quote', ['Quote', 'SPY', 608.87, 608.89]]}
2025-01-24 18:12:26.968 | INFO     | __main__:unsubscribe_quote:430 - Unsubscribing from Quote for SPY
2025-01-24 18:12:26.969 | INFO     | __main__:setup_spy_straddle_tracking:671 - Got SPY quote: $608.88
2025-01-24 18:12:26.970 | DEBUG    | __main__:get_atm_straddle:199 - Requesting option chain from: https://api.cert.tastyworks.com/option-chains/SPY/nested
2025-01-24 18:12:28.068 | INFO     | __main__:get_atm_straddle:212 - Looking for expiration date 2025-01-24
2025-01-24 18:12:28.069 | DEBUG    | __main__:get_atm_straddle:215 - Checking expiration 2025-01-24
2025-01-24 18:12:28.070 | INFO     | __main__:get_atm_straddle:218 - Found today's expiration: 2025-01-24
2025-01-24 18:12:28.070 | INFO     | __main__:get_atm_straddle:230 - Finding closest strike to $608.88
2025-01-24 18:12:28.071 | DEBUG    | __main__:get_atm_straddle:234 - Strike $350.0: diff = $258.88
2025-01-24 18:12:28.072 | DEBUG    | __main__:get_atm_straddle:234 - Strike $355.0: diff = $253.88
2025-01-24 18:12:28.073 | DEBUG    | __main__:get_atm_straddle:234 - Strike $360.0: diff = $248.88
2025-01-24 18:12:28.075 | DEBUG    | __main__:get_atm_straddle:234 - Strike $365.0: diff = $243.88
2025-01-24 18:12:28.076 | DEBUG    | __main__:get_atm_straddle:234 - Strike $370.0: diff = $238.88
2025-01-24 18:12:28.077 | DEBUG    | __main__:get_atm_straddle:234 - Strike $375.0: diff = $233.88
2025-01-24 18:12:28.078 | DEBUG    | __main__:get_atm_straddle:234 - Strike $380.0: diff = $228.88
2025-01-24 18:12:28.080 | DEBUG    | __main__:get_atm_straddle:234 - Strike $385.0: diff = $223.88
2025-01-24 18:12:28.082 | DEBUG    | __main__:get_atm_straddle:234 - Strike $390.0: diff = $218.88
2025-01-24 18:12:28.083 | DEBUG    | __main__:get_atm_straddle:234 - Strike $395.0: diff = $213.88
2025-01-24 18:12:28.084 | DEBUG    | __main__:get_atm_straddle:234 - Strike $400.0: diff = $208.88
2025-01-24 18:12:28.085 | DEBUG    | __main__:get_atm_straddle:234 - Strike $405.0: diff = $203.88
2025-01-24 18:12:28.086 | DEBUG    | __main__:get_atm_straddle:234 - Strike $410.0: diff = $198.88
2025-01-24 18:12:28.087 | DEBUG    | __main__:get_atm_straddle:234 - Strike $415.0: diff = $193.88
2025-01-24 18:12:28.088 | DEBUG    | __main__:get_atm_straddle:234 - Strike $420.0: diff = $188.88
2025-01-24 18:12:28.090 | DEBUG    | __main__:get_atm_straddle:234 - Strike $425.0: diff = $183.88
2025-01-24 18:12:28.091 | DEBUG    | __main__:get_atm_straddle:234 - Strike $430.0: diff = $178.88
2025-01-24 18:12:28.093 | DEBUG    | __main__:get_atm_straddle:234 - Strike $435.0: diff = $173.88
2025-01-24 18:12:28.096 | DEBUG    | __main__:get_atm_straddle:234 - Strike $440.0: diff = $168.88
2025-01-24 18:12:28.098 | DEBUG    | __main__:get_atm_straddle:234 - Strike $445.0: diff = $163.88
2025-01-24 18:12:28.100 | DEBUG    | __main__:get_atm_straddle:234 - Strike $450.0: diff = $158.88
2025-01-24 18:12:28.102 | DEBUG    | __main__:get_atm_straddle:234 - Strike $455.0: diff = $153.88
2025-01-24 18:12:28.104 | DEBUG    | __main__:get_atm_straddle:234 - Strike $460.0: diff = $148.88
2025-01-24 18:12:28.105 | DEBUG    | __main__:get_atm_straddle:234 - Strike $465.0: diff = $143.88
2025-01-24 18:12:28.107 | DEBUG    | __main__:get_atm_straddle:234 - Strike $470.0: diff = $138.88
2025-01-24 18:12:28.108 | DEBUG    | __main__:get_atm_straddle:234 - Strike $475.0: diff = $133.88
2025-01-24 18:12:28.116 | DEBUG    | __main__:get_atm_straddle:234 - Strike $480.0: diff = $128.88
2025-01-24 18:12:28.120 | DEBUG    | __main__:get_atm_straddle:234 - Strike $485.0: diff = $123.88
2025-01-24 18:12:28.122 | DEBUG    | __main__:get_atm_straddle:234 - Strike $490.0: diff = $118.88
2025-01-24 18:12:28.124 | DEBUG    | __main__:get_atm_straddle:234 - Strike $495.0: diff = $113.88
2025-01-24 18:12:28.132 | DEBUG    | __main__:get_atm_straddle:234 - Strike $497.0: diff = $111.88
2025-01-24 18:12:28.138 | DEBUG    | __main__:get_atm_straddle:234 - Strike $498.0: diff = $110.88
2025-01-24 18:12:28.151 | DEBUG    | __main__:get_atm_straddle:234 - Strike $499.0: diff = $109.88
2025-01-24 18:12:28.155 | DEBUG    | __main__:get_atm_straddle:234 - Strike $500.0: diff = $108.88
2025-01-24 18:12:28.162 | DEBUG    | __main__:get_atm_straddle:234 - Strike $505.0: diff = $103.88
2025-01-24 18:12:28.167 | DEBUG    | __main__:get_atm_straddle:234 - Strike $510.0: diff = $98.88
2025-01-24 18:12:28.168 | DEBUG    | __main__:get_atm_straddle:234 - Strike $515.0: diff = $93.88
2025-01-24 18:12:28.178 | DEBUG    | __main__:get_atm_straddle:234 - Strike $520.0: diff = $88.88
2025-01-24 18:12:28.180 | DEBUG    | __main__:get_atm_straddle:234 - Strike $525.0: diff = $83.88
2025-01-24 18:12:28.183 | DEBUG    | __main__:get_atm_straddle:234 - Strike $530.0: diff = $78.88
2025-01-24 18:12:28.184 | DEBUG    | __main__:get_atm_straddle:234 - Strike $531.0: diff = $77.88
2025-01-24 18:12:28.187 | DEBUG    | __main__:get_atm_straddle:234 - Strike $532.0: diff = $76.88
2025-01-24 18:12:28.190 | DEBUG    | __main__:get_atm_straddle:234 - Strike $533.0: diff = $75.88
2025-01-24 18:12:28.193 | DEBUG    | __main__:get_atm_straddle:234 - Strike $534.0: diff = $74.88
2025-01-24 18:12:28.196 | DEBUG    | __main__:get_atm_straddle:234 - Strike $535.0: diff = $73.88
2025-01-24 18:12:28.199 | DEBUG    | __main__:get_atm_straddle:234 - Strike $536.0: diff = $72.88
2025-01-24 18:12:28.211 | DEBUG    | __main__:get_atm_straddle:234 - Strike $537.0: diff = $71.88
2025-01-24 18:12:28.217 | DEBUG    | __main__:get_atm_straddle:234 - Strike $538.0: diff = $70.88
2025-01-24 18:12:28.220 | DEBUG    | __main__:get_atm_straddle:234 - Strike $539.0: diff = $69.88
2025-01-24 18:12:28.221 | DEBUG    | __main__:get_atm_straddle:234 - Strike $540.0: diff = $68.88
2025-01-24 18:12:28.231 | DEBUG    | __main__:get_atm_straddle:234 - Strike $541.0: diff = $67.88
2025-01-24 18:12:28.236 | DEBUG    | __main__:get_atm_straddle:234 - Strike $542.0: diff = $66.88
2025-01-24 18:12:28.238 | DEBUG    | __main__:get_atm_straddle:234 - Strike $543.0: diff = $65.88
2025-01-24 18:12:28.247 | DEBUG    | __main__:get_atm_straddle:234 - Strike $544.0: diff = $64.88
2025-01-24 18:12:28.285 | DEBUG    | __main__:get_atm_straddle:234 - Strike $545.0: diff = $63.879999999999995
2025-01-24 18:12:28.289 | DEBUG    | __main__:get_atm_straddle:234 - Strike $546.0: diff = $62.879999999999995
2025-01-24 18:12:28.292 | DEBUG    | __main__:get_atm_straddle:234 - Strike $547.0: diff = $61.879999999999995
2025-01-24 18:12:28.304 | DEBUG    | __main__:get_atm_straddle:234 - Strike $548.0: diff = $60.879999999999995
2025-01-24 18:12:28.309 | DEBUG    | __main__:get_atm_straddle:234 - Strike $549.0: diff = $59.879999999999995
2025-01-24 18:12:28.314 | DEBUG    | __main__:get_atm_straddle:234 - Strike $550.0: diff = $58.879999999999995
2025-01-24 18:12:28.316 | DEBUG    | __main__:get_atm_straddle:234 - Strike $551.0: diff = $57.879999999999995
2025-01-24 18:12:28.321 | DEBUG    | __main__:get_atm_straddle:234 - Strike $552.0: diff = $56.879999999999995
2025-01-24 18:12:28.331 | DEBUG    | __main__:get_atm_straddle:234 - Strike $553.0: diff = $55.879999999999995
2025-01-24 18:12:28.334 | DEBUG    | __main__:get_atm_straddle:234 - Strike $554.0: diff = $54.879999999999995
2025-01-24 18:12:28.339 | DEBUG    | __main__:get_atm_straddle:234 - Strike $555.0: diff = $53.879999999999995
2025-01-24 18:12:28.346 | DEBUG    | __main__:get_atm_straddle:234 - Strike $556.0: diff = $52.879999999999995
2025-01-24 18:12:28.354 | DEBUG    | __main__:get_atm_straddle:234 - Strike $557.0: diff = $51.879999999999995
2025-01-24 18:12:28.357 | DEBUG    | __main__:get_atm_straddle:234 - Strike $558.0: diff = $50.879999999999995
2025-01-24 18:12:28.364 | DEBUG    | __main__:get_atm_straddle:234 - Strike $559.0: diff = $49.879999999999995
2025-01-24 18:12:28.367 | DEBUG    | __main__:get_atm_straddle:234 - Strike $560.0: diff = $48.879999999999995
2025-01-24 18:12:28.369 | DEBUG    | __main__:get_atm_straddle:234 - Strike $561.0: diff = $47.879999999999995
2025-01-24 18:12:28.381 | DEBUG    | __main__:get_atm_straddle:234 - Strike $562.0: diff = $46.879999999999995
2025-01-24 18:12:28.384 | DEBUG    | __main__:get_atm_straddle:234 - Strike $563.0: diff = $45.879999999999995
2025-01-24 18:12:28.386 | DEBUG    | __main__:get_atm_straddle:234 - Strike $564.0: diff = $44.879999999999995
2025-01-24 18:12:28.395 | DEBUG    | __main__:get_atm_straddle:234 - Strike $565.0: diff = $43.879999999999995
2025-01-24 18:12:28.398 | DEBUG    | __main__:get_atm_straddle:234 - Strike $566.0: diff = $42.879999999999995
2025-01-24 18:12:28.401 | DEBUG    | __main__:get_atm_straddle:234 - Strike $567.0: diff = $41.879999999999995
2025-01-24 18:12:28.402 | DEBUG    | __main__:get_atm_straddle:234 - Strike $568.0: diff = $40.879999999999995
2025-01-24 18:12:28.404 | DEBUG    | __main__:get_atm_straddle:234 - Strike $569.0: diff = $39.879999999999995
2025-01-24 18:12:28.405 | DEBUG    | __main__:get_atm_straddle:234 - Strike $570.0: diff = $38.879999999999995
2025-01-24 18:12:28.407 | DEBUG    | __main__:get_atm_straddle:234 - Strike $571.0: diff = $37.879999999999995
2025-01-24 18:12:28.410 | DEBUG    | __main__:get_atm_straddle:234 - Strike $572.0: diff = $36.879999999999995
2025-01-24 18:12:28.413 | DEBUG    | __main__:get_atm_straddle:234 - Strike $573.0: diff = $35.879999999999995
2025-01-24 18:12:28.417 | DEBUG    | __main__:get_atm_straddle:234 - Strike $574.0: diff = $34.879999999999995
2025-01-24 18:12:28.419 | DEBUG    | __main__:get_atm_straddle:234 - Strike $575.0: diff = $33.879999999999995
2025-01-24 18:12:28.420 | DEBUG    | __main__:get_atm_straddle:234 - Strike $576.0: diff = $32.879999999999995
2025-01-24 18:12:28.421 | DEBUG    | __main__:get_atm_straddle:234 - Strike $577.0: diff = $31.879999999999995
2025-01-24 18:12:28.424 | DEBUG    | __main__:get_atm_straddle:234 - Strike $578.0: diff = $30.879999999999995
2025-01-24 18:12:28.430 | DEBUG    | __main__:get_atm_straddle:234 - Strike $579.0: diff = $29.879999999999995
2025-01-24 18:12:28.434 | DEBUG    | __main__:get_atm_straddle:234 - Strike $580.0: diff = $28.879999999999995
2025-01-24 18:12:28.435 | DEBUG    | __main__:get_atm_straddle:234 - Strike $581.0: diff = $27.879999999999995
2025-01-24 18:12:28.436 | DEBUG    | __main__:get_atm_straddle:234 - Strike $582.0: diff = $26.879999999999995
2025-01-24 18:12:28.437 | DEBUG    | __main__:get_atm_straddle:234 - Strike $583.0: diff = $25.879999999999995
2025-01-24 18:12:28.439 | DEBUG    | __main__:get_atm_straddle:234 - Strike $584.0: diff = $24.879999999999995
2025-01-24 18:12:28.441 | DEBUG    | __main__:get_atm_straddle:234 - Strike $585.0: diff = $23.879999999999995
2025-01-24 18:12:28.443 | DEBUG    | __main__:get_atm_straddle:234 - Strike $586.0: diff = $22.879999999999995
2025-01-24 18:12:28.445 | DEBUG    | __main__:get_atm_straddle:234 - Strike $587.0: diff = $21.879999999999995
2025-01-24 18:12:28.447 | DEBUG    | __main__:get_atm_straddle:234 - Strike $588.0: diff = $20.879999999999995
2025-01-24 18:12:28.449 | DEBUG    | __main__:get_atm_straddle:234 - Strike $589.0: diff = $19.879999999999995
2025-01-24 18:12:28.451 | DEBUG    | __main__:get_atm_straddle:234 - Strike $590.0: diff = $18.879999999999995
2025-01-24 18:12:28.452 | DEBUG    | __main__:get_atm_straddle:234 - Strike $591.0: diff = $17.879999999999995
2025-01-24 18:12:28.453 | DEBUG    | __main__:get_atm_straddle:234 - Strike $592.0: diff = $16.879999999999995
2025-01-24 18:12:28.456 | DEBUG    | __main__:get_atm_straddle:234 - Strike $593.0: diff = $15.879999999999995
2025-01-24 18:12:28.457 | DEBUG    | __main__:get_atm_straddle:234 - Strike $594.0: diff = $14.879999999999995
2025-01-24 18:12:28.463 | DEBUG    | __main__:get_atm_straddle:234 - Strike $595.0: diff = $13.879999999999995
2025-01-24 18:12:28.465 | DEBUG    | __main__:get_atm_straddle:234 - Strike $596.0: diff = $12.879999999999995
2025-01-24 18:12:28.467 | DEBUG    | __main__:get_atm_straddle:234 - Strike $597.0: diff = $11.879999999999995
2025-01-24 18:12:28.468 | DEBUG    | __main__:get_atm_straddle:234 - Strike $597.5: diff = $11.379999999999995
2025-01-24 18:12:28.470 | DEBUG    | __main__:get_atm_straddle:234 - Strike $598.0: diff = $10.879999999999995
2025-01-24 18:12:28.473 | DEBUG    | __main__:get_atm_straddle:234 - Strike $599.0: diff = $9.879999999999995
2025-01-24 18:12:28.474 | DEBUG    | __main__:get_atm_straddle:234 - Strike $600.0: diff = $8.879999999999995
2025-01-24 18:12:28.481 | DEBUG    | __main__:get_atm_straddle:234 - Strike $601.0: diff = $7.8799999999999955
2025-01-24 18:12:28.482 | DEBUG    | __main__:get_atm_straddle:234 - Strike $602.0: diff = $6.8799999999999955
2025-01-24 18:12:28.484 | DEBUG    | __main__:get_atm_straddle:234 - Strike $602.5: diff = $6.3799999999999955
2025-01-24 18:12:28.487 | DEBUG    | __main__:get_atm_straddle:234 - Strike $603.0: diff = $5.8799999999999955
2025-01-24 18:12:28.489 | DEBUG    | __main__:get_atm_straddle:234 - Strike $604.0: diff = $4.8799999999999955
2025-01-24 18:12:28.490 | DEBUG    | __main__:get_atm_straddle:234 - Strike $605.0: diff = $3.8799999999999955
2025-01-24 18:12:28.493 | DEBUG    | __main__:get_atm_straddle:234 - Strike $606.0: diff = $2.8799999999999955
2025-01-24 18:12:28.497 | DEBUG    | __main__:get_atm_straddle:234 - Strike $607.0: diff = $1.8799999999999955
2025-01-24 18:12:28.499 | DEBUG    | __main__:get_atm_straddle:234 - Strike $607.5: diff = $1.3799999999999955
2025-01-24 18:12:28.501 | DEBUG    | __main__:get_atm_straddle:234 - Strike $608.0: diff = $0.8799999999999955
2025-01-24 18:12:28.502 | DEBUG    | __main__:get_atm_straddle:234 - Strike $609.0: diff = $0.12000000000000455
2025-01-24 18:12:28.503 | DEBUG    | __main__:get_atm_straddle:234 - Strike $610.0: diff = $1.1200000000000045
2025-01-24 18:12:28.504 | DEBUG    | __main__:get_atm_straddle:234 - Strike $611.0: diff = $2.1200000000000045
2025-01-24 18:12:28.506 | DEBUG    | __main__:get_atm_straddle:234 - Strike $612.0: diff = $3.1200000000000045
2025-01-24 18:12:28.507 | DEBUG    | __main__:get_atm_straddle:234 - Strike $612.5: diff = $3.6200000000000045
2025-01-24 18:12:28.510 | DEBUG    | __main__:get_atm_straddle:234 - Strike $613.0: diff = $4.1200000000000045
2025-01-24 18:12:28.511 | DEBUG    | __main__:get_atm_straddle:234 - Strike $614.0: diff = $5.1200000000000045
2025-01-24 18:12:28.515 | DEBUG    | __main__:get_atm_straddle:234 - Strike $615.0: diff = $6.1200000000000045
2025-01-24 18:12:28.517 | DEBUG    | __main__:get_atm_straddle:234 - Strike $616.0: diff = $7.1200000000000045
2025-01-24 18:12:28.518 | DEBUG    | __main__:get_atm_straddle:234 - Strike $617.0: diff = $8.120000000000005
2025-01-24 18:12:28.520 | DEBUG    | __main__:get_atm_straddle:234 - Strike $617.5: diff = $8.620000000000005
2025-01-24 18:12:28.521 | DEBUG    | __main__:get_atm_straddle:234 - Strike $618.0: diff = $9.120000000000005
2025-01-24 18:12:28.522 | DEBUG    | __main__:get_atm_straddle:234 - Strike $619.0: diff = $10.120000000000005
2025-01-24 18:12:28.524 | DEBUG    | __main__:get_atm_straddle:234 - Strike $620.0: diff = $11.120000000000005
2025-01-24 18:12:28.526 | DEBUG    | __main__:get_atm_straddle:234 - Strike $621.0: diff = $12.120000000000005
2025-01-24 18:12:28.529 | DEBUG    | __main__:get_atm_straddle:234 - Strike $622.0: diff = $13.120000000000005
2025-01-24 18:12:28.532 | DEBUG    | __main__:get_atm_straddle:234 - Strike $623.0: diff = $14.120000000000005
2025-01-24 18:12:28.533 | DEBUG    | __main__:get_atm_straddle:234 - Strike $624.0: diff = $15.120000000000005
2025-01-24 18:12:28.534 | DEBUG    | __main__:get_atm_straddle:234 - Strike $625.0: diff = $16.120000000000005
2025-01-24 18:12:28.536 | DEBUG    | __main__:get_atm_straddle:234 - Strike $630.0: diff = $21.120000000000005
2025-01-24 18:12:28.537 | DEBUG    | __main__:get_atm_straddle:234 - Strike $635.0: diff = $26.120000000000005
2025-01-24 18:12:28.538 | DEBUG    | __main__:get_atm_straddle:234 - Strike $640.0: diff = $31.120000000000005
2025-01-24 18:12:28.540 | DEBUG    | __main__:get_atm_straddle:234 - Strike $645.0: diff = $36.120000000000005
2025-01-24 18:12:28.541 | DEBUG    | __main__:get_atm_straddle:234 - Strike $650.0: diff = $41.120000000000005
2025-01-24 18:12:28.546 | DEBUG    | __main__:get_atm_straddle:234 - Strike $655.0: diff = $46.120000000000005
2025-01-24 18:12:28.548 | DEBUG    | __main__:get_atm_straddle:234 - Strike $660.0: diff = $51.120000000000005
2025-01-24 18:12:28.550 | DEBUG    | __main__:get_atm_straddle:234 - Strike $665.0: diff = $56.120000000000005
2025-01-24 18:12:28.551 | DEBUG    | __main__:get_atm_straddle:234 - Strike $670.0: diff = $61.120000000000005
2025-01-24 18:12:28.553 | DEBUG    | __main__:get_atm_straddle:234 - Strike $675.0: diff = $66.12
2025-01-24 18:12:28.555 | DEBUG    | __main__:get_atm_straddle:234 - Strike $680.0: diff = $71.12
2025-01-24 18:12:28.557 | DEBUG    | __main__:get_atm_straddle:234 - Strike $685.0: diff = $76.12
2025-01-24 18:12:28.558 | DEBUG    | __main__:get_atm_straddle:234 - Strike $690.0: diff = $81.12
2025-01-24 18:12:28.564 | DEBUG    | __main__:get_atm_straddle:234 - Strike $695.0: diff = $86.12
2025-01-24 18:12:28.566 | DEBUG    | __main__:get_atm_straddle:234 - Strike $700.0: diff = $91.12
2025-01-24 18:12:28.568 | INFO     | __main__:get_atm_straddle:244 - Selected ATM strike: $609.0 (diff: $0.12000000000000455)
2025-01-24 18:12:28.569 | INFO     | __main__:get_atm_straddle:245 - Call symbol: .SPY250124C609
2025-01-24 18:12:28.571 | INFO     | __main__:get_atm_straddle:246 - Put symbol: .SPY250124P609
2025-01-24 18:12:28.574 | INFO     | __main__:setup_spy_straddle_tracking:709 - Subscribing to Greeks for both options...
2025-01-24 18:12:28.579 | INFO     | __main__:subscribe_greeks:454 - Subscribing to Greeks for .SPY250124C609
2025-01-24 18:12:28.582 | INFO     | __main__:subscribe_greeks:454 - Subscribing to Greeks for .SPY250124P609
2025-01-24 18:12:28.585 | DEBUG    | __main__:_message_processor:517 - Processing message: {'type': 'FEED_DATA', 'channel': 3, 'data': ['Quote', ['Quote', 'SPY', 608.88, 608.91]]}
2025-01-24 18:12:28.587 | DEBUG    | __main__:_message_processor:517 - Processing message: {'type': 'FEED_DATA', 'channel': 3, 'data': ['Quote', ['Quote', 'SPY', 608.9, 608.91]]}
2025-01-24 18:12:28.588 | DEBUG    | __main__:_message_processor:517 - Processing message: {'type': 'FEED_DATA', 'channel': 3, 'data': ['Quote', ['Quote', 'SPY', 608.9, 608.91]]}
2025-01-24 18:12:28.590 | DEBUG    | __main__:_message_processor:517 - Processing message: {'type': 'FEED_DATA', 'channel': 3, 'data': ['Quote', ['Quote', 'SPY', 608.88, 608.91]]}
2025-01-24 18:12:28.593 | DEBUG    | __main__:_message_processor:517 - Processing message: {'type': 'FEED_DATA', 'channel': 3, 'data': ['Quote', ['Quote', 'SPY', 608.88, 608.91]]}
2025-01-24 18:12:28.595 | DEBUG    | __main__:_message_processor:517 - Processing message: {'type': 'FEED_DATA', 'channel': 3, 'data': ['Quote', ['Quote', 'SPY', 608.89, 608.91]]}
2025-01-24 18:12:28.597 | DEBUG    | __main__:_message_processor:517 - Processing message: {'type': 'FEED_DATA', 'channel': 3, 'data': ['Quote', ['Quote', 'SPY', 608.9, 608.92]]}
2025-01-24 18:12:28.599 | DEBUG    | __main__:_message_processor:517 - Processing message: {'type': 'FEED_DATA', 'channel': 3, 'data': ['Quote', ['Quote', 'SPY', 608.9, 608.91]]}
2025-01-24 18:12:28.604 | DEBUG    | __main__:_message_processor:517 - Processing message: {'type': 'FEED_DATA', 'channel': 3, 'data': ['Quote', ['Quote', 'SPY', 608.9, 608.91]]}
2025-01-24 18:12:28.607 | DEBUG    | __main__:_message_processor:517 - Processing message: {'type': 'FEED_DATA', 'channel': 3, 'data': ['Quote', ['Quote', 'SPY', 608.9, 608.92]]}
2025-01-24 18:12:28.608 | DEBUG    | __main__:_message_processor:517 - Processing message: {'type': 'FEED_DATA', 'channel': 3, 'data': ['Quote', ['Quote', 'SPY', 608.9, 608.92]]}
2025-01-24 18:12:28.613 | DEBUG    | __main__:_message_processor:517 - Processing message: {'type': 'FEED_DATA', 'channel': 3, 'data': ['Quote', ['Quote', 'SPY', 608.9, 608.93]]}
2025-01-24 18:12:28.616 | DEBUG    | __main__:_message_processor:517 - Processing message: {'type': 'FEED_DATA', 'channel': 3, 'data': ['Quote', ['Quote', 'SPY', 608.92, 608.94]]}
2025-01-24 18:12:28.617 | DEBUG    | __main__:_message_processor:517 - Processing message: {'type': 'FEED_DATA', 'channel': 3, 'data': ['Quote', ['Quote', 'SPY', 608.92, 608.94]]}
2025-01-24 18:12:28.652 | DEBUG    | __main__:_message_processor:517 - Processing message: {'type': 'FEED_DATA', 'channel': 3, 'data': ['Quote', ['Quote', 'SPY', 608.92, 608.94]]}
2025-01-24 18:12:28.670 | DEBUG    | __main__:_message_processor:517 - Processing message: {'type': 'FEED_CONFIG', 'channel': 3, 'dataFormat': 'COMPACT', 'aggregationPeriod': 0.1, 'eventFields': {'Greeks': ['eventType', 'eventSymbol', 'price', 'delta', 'gamma', 'theta', 'rho', 'vega', 'volatility']}}
2025-01-24 18:12:28.671 | DEBUG    | __main__:_message_processor:517 - Processing message: {'type': 'FEED_DATA', 'channel': 3, 'data': ['Greeks', ['Greeks', '.SPY250124C609', 0.455006335038077, 0.403619408639264, 0.2453911030237, -0.455006335038077, 0.000924434111607299, 0.0457623345333795, 0.1335362510280352, 'Greeks', '.SPY250124P609', 0.835001181933451, -0.597519808811342, 0.248140680392709, -0.447801181933443, -0.001374223756571289, 0.0457292888946154, 0.1319612132898086]]}
2025-01-24 18:12:28.673 | DEBUG    | __main__:_message_processor:532 - Processing Greeks data: ['Greeks', ['Greeks', '.SPY250124C609', 0.455006335038077, 0.403619408639264, 0.2453911030237, -0.455006335038077, 0.000924434111607299, 0.0457623345333795, 0.1335362510280352, 'Greeks', '.SPY250124P609', 0.835001181933451, -0.597519808811342, 0.248140680392709, -0.447801181933443, -0.001374223756571289, 0.0457292888946154, 0.1319612132898086]]
2025-01-24 18:12:28.676 | DEBUG    | __main__:update:160 - Updated Greeks for .SPY250124C609: price=$0.46
2025-01-24 18:12:28.678 | DEBUG    | __main__:update:160 - Updated Greeks for .SPY250124P609: price=$0.84
2025-01-24 18:12:28.679 | DEBUG    | __main__:get_current_pnl:639 - Leg PnLs: [45.500633503807705, 0], Total: $45.50
2025-01-24 18:12:28.683 | DEBUG    | __main__:get_current_pnl:639 - Leg PnLs: [45.500633503807705, 83.5001181933451], Total: $129.00
2025-01-24 18:12:28.701 | INFO     | __main__:wait_for_greeks:475 - Received Greeks for .SPY250124C609: price=$0.46
2025-01-24 18:12:28.702 | INFO     | __main__:wait_for_greeks:475 - Received Greeks for .SPY250124P609: price=$0.84
2025-01-24 18:12:28.704 | INFO     | __main__:setup_spy_straddle_tracking:721 - Initial call price: $0.46
2025-01-24 18:12:28.705 | INFO     | __main__:setup_spy_straddle_tracking:722 - Initial put price: $0.84
2025-01-24 18:12:28.705 | INFO     | __main__:setup_spy_straddle_tracking:734 - Total straddle cost: $129.00
2025-01-24 18:12:56.166 | DEBUG    | __main__:_message_processor:517 - Processing message: {'type': 'KEEPALIVE', 'channel': 0}
2025-01-24 18:13:06.726 | DEBUG    | __main__:_message_processor:517 - Processing message: {'type': 'FEED_DATA', 'channel': 3, 'data': ['Greeks', ['Greeks', '.SPY250124C609', 0.535006187865341, 0.463558452595724, 0.263120321853755, -0.535006187865341, 0.001056741692017678, 0.046848536767024, 0.1280371053479587, 'Greeks', '.SPY250124P609', 0.67500675397574, -0.536441512177658, 0.263120075661319, -0.535006753975754, -0.001227742636993746, 0.0468485371470083, 0.1280372261863882]]}
2025-01-24 18:13:06.728 | DEBUG    | __main__:_message_processor:532 - Processing Greeks data: ['Greeks', ['Greeks', '.SPY250124C609', 0.535006187865341, 0.463558452595724, 0.263120321853755, -0.535006187865341, 0.001056741692017678, 0.046848536767024, 0.1280371053479587, 'Greeks', '.SPY250124P609', 0.67500675397574, -0.536441512177658, 0.263120075661319, -0.535006753975754, -0.001227742636993746, 0.0468485371470083, 0.1280372261863882]]
2025-01-24 18:13:06.729 | DEBUG    | __main__:update:160 - Updated Greeks for .SPY250124C609: price=$0.54
2025-01-24 18:13:06.730 | DEBUG    | __main__:update:160 - Updated Greeks for .SPY250124P609: price=$0.68
2025-01-24 18:13:06.732 | DEBUG    | __main__:get_current_pnl:639 - Leg PnLs: [7.999985282726402, 0.0], Total: $8.00
2025-01-24 18:13:06.733 | DEBUG    | __main__:get_current_pnl:639 - Leg PnLs: [7.999985282726402, -15.999442795771103], Total: $-8.00
2025-01-24 18:13:26.180 | DEBUG    | __main__:_message_processor:517 - Processing message: {'type': 'KEEPALIVE', 'channel': 0}
2025-01-24 18:13:56.169 | DEBUG    | __main__:_message_processor:517 - Processing message: {'type': 'KEEPALIVE', 'channel': 0}
2025-01-24 18:14:04.725 | DEBUG    | __main__:_message_processor:517 - Processing message: {'type': 'FEED_DATA', 'channel': 3, 'data': ['Greeks', ['Greeks', '.SPY250124C609', 0.455006549513829, 0.406791477782686, 0.2486998386391, -0.455006549513829, 0.000922335407855011, 0.0456215782293414, 0.1326861341440797, 'Greeks', '.SPY250124P609', 0.805005852095839, -0.596368325733056, 0.256703827212437, -0.435005852095834, -0.001357664948167884, 0.045532455133593, 0.1282978752279057]]}
2025-01-24 18:14:04.727 | DEBUG    | __main__:_message_processor:532 - Processing Greeks data: ['Greeks', ['Greeks', '.SPY250124C609', 0.455006549513829, 0.406791477782686, 0.2486998386391, -0.455006549513829, 0.000922335407855011, 0.0456215782293414, 0.1326861341440797, 'Greeks', '.SPY250124P609', 0.805005852095839, -0.596368325733056, 0.256703827212437, -0.435005852095834, -0.001357664948167884, 0.045532455133593, 0.1282978752279057]]
2025-01-24 18:14:04.729 | DEBUG    | __main__:update:160 - Updated Greeks for .SPY250124C609: price=$0.46
2025-01-24 18:14:04.730 | DEBUG    | __main__:update:160 - Updated Greeks for .SPY250124P609: price=$0.81
2025-01-24 18:14:04.731 | DEBUG    | __main__:get_current_pnl:639 - Leg PnLs: [2.144757519917384e-05, -15.999442795771103], Total: $-16.00
2025-01-24 18:14:04.733 | DEBUG    | __main__:get_current_pnl:639 - Leg PnLs: [2.144757519917384e-05, -2.9995329837611995], Total: $-3.00
2025-01-24 18:14:26.166 | DEBUG    | __main__:_message_processor:517 - Processing message: {'type': 'KEEPALIVE', 'channel': 0}
2025-01-24 18:14:56.176 | DEBUG    | __main__:_message_processor:517 - Processing message: {'type': 'KEEPALIVE', 'channel': 0}
2025-01-24 18:15:11.727 | DEBUG    | __main__:_message_processor:517 - Processing message: {'type': 'FEED_DATA', 'channel': 3, 'data': ['Greeks', ['Greeks', '.SPY250124C609', 0.46500599958179, 0.410151895607437, 0.246785469169998, -0.46500599958179, 0.000925205966070768, 0.0455971224299869, 0.1343240954105326, 'Greeks', '.SPY250124P609', 0.795007289671222, -0.59444715671843, 0.258797811422202, -0.435007289671209, -0.001346387080863757, 0.0454714052081367, 0.1277361580258039]]}
2025-01-24 18:15:11.735 | DEBUG    | __main__:_message_processor:532 - Processing Greeks data: ['Greeks', ['Greeks', '.SPY250124C609', 0.46500599958179, 0.410151895607437, 0.246785469169998, -0.46500599958179, 0.000925205966070768, 0.0455971224299869, 0.1343240954105326, 'Greeks', '.SPY250124P609', 0.795007289671222, -0.59444715671843, 0.258797811422202, -0.435007289671209, -0.001346387080863757, 0.0454714052081367, 0.1277361580258039]]
2025-01-24 18:15:11.742 | DEBUG    | __main__:update:160 - Updated Greeks for .SPY250124C609: price=$0.47
2025-01-24 18:15:11.747 | DEBUG    | __main__:update:160 - Updated Greeks for .SPY250124P609: price=$0.80
2025-01-24 18:15:11.751 | DEBUG    | __main__:get_current_pnl:639 - Leg PnLs: [0.9999664543712983, -2.9995329837611995], Total: $-2.00
2025-01-24 18:15:11.758 | DEBUG    | __main__:get_current_pnl:639 - Leg PnLs: [0.9999664543712983, -3.9993892262228936], Total: $-3.00
2025-01-24 18:15:26.168 | DEBUG    | __main__:_message_processor:517 - Processing message: {'type': 'KEEPALIVE', 'channel': 0}
2025-01-24 18:15:56.169 | DEBUG    | __main__:_message_processor:517 - Processing message: {'type': 'KEEPALIVE', 'channel': 0}
2025-01-24 18:16:06.231 | DEBUG    | __main__:_message_processor:517 - Processing message: {'type': 'FEED_DATA', 'channel': 3, 'data': ['Greeks', ['Greeks', '.SPY250124C609', 0.455006296466796, 0.401305192721483, 0.242984205925078, -0.455006296466796, 0.000900552058828173, 0.0452303047558226, 0.1360428230612017, 'Greeks', '.SPY250124P609', 0.825007150180435, -0.603699460572417, 0.254610938454329, -0.425007150180457, -0.00136031275394089, 0.0450801764765018, 0.1293995352765647]]}
2025-01-24 18:16:06.234 | DEBUG    | __main__:_message_processor:532 - Processing Greeks data: ['Greeks', ['Greeks', '.SPY250124C609', 0.455006296466796, 0.401305192721483, 0.242984205925078, -0.455006296466796, 0.000900552058828173, 0.0452303047558226, 0.1360428230612017, 'Greeks', '.SPY250124P609', 0.825007150180435, -0.603699460572417, 0.254610938454329, -0.425007150180457, -0.00136031275394089, 0.0450801764765018, 0.1293995352765647]]
2025-01-24 18:16:06.238 | DEBUG    | __main__:update:160 - Updated Greeks for .SPY250124C609: price=$0.46
2025-01-24 18:16:06.240 | DEBUG    | __main__:update:160 - Updated Greeks for .SPY250124P609: price=$0.83
2025-01-24 18:16:06.241 | DEBUG    | __main__:get_current_pnl:639 - Leg PnLs: [-3.85712810024863e-06, -3.9993892262228936], Total: $-4.00
2025-01-24 18:16:06.245 | DEBUG    | __main__:get_current_pnl:639 - Leg PnLs: [-3.85712810024863e-06, -0.9994031753015942], Total: $-1.00
2025-01-24 18:16:26.168 | DEBUG    | __main__:_message_processor:517 - Processing message: {'type': 'KEEPALIVE', 'channel': 0}
2025-01-24 18:16:56.175 | DEBUG    | __main__:_message_processor:517 - Processing message: {'type': 'KEEPALIVE', 'channel': 0}
2025-01-24 18:17:05.727 | DEBUG    | __main__:_message_processor:517 - Processing message: {'type': 'FEED_DATA', 'channel': 3, 'data': ['Greeks', ['Greeks', '.SPY250124C609', 0.535005200050669, 0.45781206211419, 0.257802554389349, -0.535005200050669, 0.001022402386472867, 0.0463027662821539, 0.131841182868638, 'Greeks', '.SPY250124P609', 0.685006001639877, -0.543271596061069, 0.264219877482289, -0.520006001639913, -0.001218104390742509, 0.0462891931478364, 0.1286013397266694]]}
2025-01-24 18:17:05.732 | DEBUG    | __main__:_message_processor:532 - Processing Greeks data: ['Greeks', ['Greeks', '.SPY250124C609', 0.535005200050669, 0.45781206211419, 0.257802554389349, -0.535005200050669, 0.001022402386472867, 0.0463027662821539, 0.131841182868638, 'Greeks', '.SPY250124P609', 0.685006001639877, -0.543271596061069, 0.264219877482289, -0.520006001639913, -0.001218104390742509, 0.0462891931478364, 0.1286013397266694]]
2025-01-24 18:17:05.736 | DEBUG    | __main__:update:160 - Updated Greeks for .SPY250124C609: price=$0.54
2025-01-24 18:17:05.737 | DEBUG    | __main__:update:160 - Updated Greeks for .SPY250124P609: price=$0.69
2025-01-24 18:17:05.739 | DEBUG    | __main__:get_current_pnl:639 - Leg PnLs: [7.999886501259196, -0.9994031753015942], Total: $7.00
2025-01-24 18:17:05.741 | DEBUG    | __main__:get_current_pnl:639 - Leg PnLs: [7.999886501259196, -14.999518029357395], Total: $-7.00
2025-01-24 18:17:26.169 | DEBUG    | __main__:_message_processor:517 - Processing message: {'type': 'KEEPALIVE', 'channel': 0}
2025-01-24 18:17:56.174 | DEBUG    | __main__:_message_processor:517 - Processing message: {'type': 'KEEPALIVE', 'channel': 0}
2025-01-24 18:18:07.731 | DEBUG    | __main__:_message_processor:517 - Processing message: {'type': 'FEED_DATA', 'channel': 3, 'data': ['Greeks', ['Greeks', '.SPY250124C609', 0.485004392860374, 0.424398800959912, 0.250703381632334, -0.485004392860374, 0.000942706545647158, 0.0455961310909137, 0.1342597992321903, 'Greeks', '.SPY250124P609', 0.765007939421588, -0.578156711805822, 0.258846577710678, -0.465007939421634, -0.001289457752348995, 0.0455384541612851, 0.1298715573746509]]}
2025-01-24 18:18:07.735 | DEBUG    | __main__:_message_processor:532 - Processing Greeks data: ['Greeks', ['Greeks', '.SPY250124C609', 0.485004392860374, 0.424398800959912, 0.250703381632334, -0.485004392860374, 0.000942706545647158, 0.0455961310909137, 0.1342597992321903, 'Greeks', '.SPY250124P609', 0.765007939421588, -0.578156711805822, 0.258846577710678, -0.465007939421634, -0.001289457752348995, 0.0455384541612851, 0.1298715573746509]]
2025-01-24 18:18:07.737 | DEBUG    | __main__:update:160 - Updated Greeks for .SPY250124C609: price=$0.49
2025-01-24 18:18:07.739 | DEBUG    | __main__:update:160 - Updated Greeks for .SPY250124P609: price=$0.77
2025-01-24 18:18:07.742 | DEBUG    | __main__:get_current_pnl:639 - Leg PnLs: [2.9998057822296973, -14.999518029357395], Total: $-12.00
2025-01-24 18:18:07.744 | DEBUG    | __main__:get_current_pnl:639 - Leg PnLs: [2.9998057822296973, -6.999324251186301], Total: $-4.00
2025-01-24 18:18:26.172 | DEBUG    | __main__:_message_processor:517 - Processing message: {'type': 'KEEPALIVE', 'channel': 0}
2025-01-24 18:18:56.170 | DEBUG    | __main__:_message_processor:517 - Processing message: {'type': 'KEEPALIVE', 'channel': 0}
2025-01-24 18:19:07.738 | DEBUG    | __main__:_message_processor:517 - Processing message: {'type': 'FEED_DATA', 'channel': 3, 'data': ['Greeks', ['Greeks', '.SPY250124C609', 0.490013919153111, 0.429009035627606, 0.252693452204331, -0.490013919153111, 0.000948020329675383, 0.0455777239543943, 0.133836382360295, 'Greeks', '.SPY250124P609', 0.755006685730952, -0.57278750688388, 0.258854956534589, -0.47500668573098, -0.001270866201363826, 0.0455399358671874, 0.1305423640691275]]}
2025-01-24 18:19:07.743 | DEBUG    | __main__:_message_processor:532 - Processing Greeks data: ['Greeks', ['Greeks', '.SPY250124C609', 0.490013919153111, 0.429009035627606, 0.252693452204331, -0.490013919153111, 0.000948020329675383, 0.0455777239543943, 0.133836382360295, 'Greeks', '.SPY250124P609', 0.755006685730952, -0.57278750688388, 0.258854956534589, -0.47500668573098, -0.001270866201363826, 0.0455399358671874, 0.1305423640691275]]
2025-01-24 18:19:07.747 | DEBUG    | __main__:update:160 - Updated Greeks for .SPY250124C609: price=$0.49
2025-01-24 18:19:07.748 | DEBUG    | __main__:update:160 - Updated Greeks for .SPY250124P609: price=$0.76
2025-01-24 18:19:07.751 | DEBUG    | __main__:get_current_pnl:639 - Leg PnLs: [3.500758411503396, -6.999324251186301], Total: $-3.50
2025-01-24 18:19:07.754 | DEBUG    | __main__:get_current_pnl:639 - Leg PnLs: [3.500758411503396, -7.999449620249899], Total: $-4.50
2025-01-24 18:19:26.189 | DEBUG    | __main__:_message_processor:517 - Processing message: {'type': 'KEEPALIVE', 'channel': 0}
2025-01-24 18:19:56.170 | DEBUG    | __main__:_message_processor:517 - Processing message: {'type': 'KEEPALIVE', 'channel': 0}
2025-01-24 18:20:04.730 | DEBUG    | __main__:_message_processor:517 - Processing message: {'type': 'FEED_DATA', 'channel': 3, 'data': ['Greeks', ['Greeks', '.SPY250124C609', 0.515005071917323, 0.444107599645669, 0.254720551953674, -0.515005071917323, 0.000976319634658458, 0.045742069382126, 0.1339243562745751, 'Greeks', '.SPY250124P609', 0.715015854322208, -0.557798720567765, 0.263133836151639, -0.49501585432218, -0.001231183776727757, 0.0457105079623861, 0.1295528873636766]]}
2025-01-24 18:20:04.733 | DEBUG    | __main__:_message_processor:532 - Processing Greeks data: ['Greeks', ['Greeks', '.SPY250124C609', 0.515005071917323, 0.444107599645669, 0.254720551953674, -0.515005071917323, 0.000976319634658458, 0.045742069382126, 0.1339243562745751, 'Greeks', '.SPY250124P609', 0.715015854322208, -0.557798720567765, 0.263133836151639, -0.49501585432218, -0.001231183776727757, 0.0457105079623861, 0.1295528873636766]]
2025-01-24 18:20:04.736 | DEBUG    | __main__:update:160 - Updated Greeks for .SPY250124C609: price=$0.52
2025-01-24 18:20:04.737 | DEBUG    | __main__:update:160 - Updated Greeks for .SPY250124P609: price=$0.72
2025-01-24 18:20:04.738 | DEBUG    | __main__:get_current_pnl:639 - Leg PnLs: [5.999873687924601, -7.999449620249899], Total: $-2.00
2025-01-24 18:20:04.742 | DEBUG    | __main__:get_current_pnl:639 - Leg PnLs: [5.999873687924601, -11.998532761124292], Total: $-6.00
2025-01-24 18:20:26.209 | DEBUG    | __main__:_message_processor:517 - Processing message: {'type': 'KEEPALIVE', 'channel': 0}
2025-01-24 18:20:56.234 | DEBUG    | __main__:_message_processor:517 - Processing message: {'type': 'KEEPALIVE', 'channel': 0}
2025-01-24 18:21:02.743 | DEBUG    | __main__:_message_processor:517 - Processing message: {'type': 'FEED_DATA', 'channel': 3, 'data': ['Greeks', ['Greeks', '.SPY250124C609', 0.47500496611959, 0.421149498598771, 0.252686635670898, -0.47500496611959, 0.000920891908252984, 0.0451649806814024, 0.1340434334583208, 'Greeks', '.SPY250124P609', 0.75500812598506, -0.582957843315311, 0.265303861271373, -0.445008125985114, -0.001279788132409143, 0.0450681259764554, 0.1273948631719794]]}
2025-01-24 18:21:03.639 | DEBUG    | __main__:_message_processor:532 - Processing Greeks data: ['Greeks', ['Greeks', '.SPY250124C609', 0.47500496611959, 0.421149498598771, 0.252686635670898, -0.47500496611959, 0.000920891908252984, 0.0451649806814024, 0.1340434334583208, 'Greeks', '.SPY250124P609', 0.75500812598506, -0.582957843315311, 0.265303861271373, -0.445008125985114, -0.001279788132409143, 0.0450681259764554, 0.1273948631719794]]
2025-01-24 18:21:03.642 | DEBUG    | __main__:update:160 - Updated Greeks for .SPY250124C609: price=$0.48
2025-01-24 18:21:03.644 | DEBUG    | __main__:update:160 - Updated Greeks for .SPY250124P609: price=$0.76
2025-01-24 18:21:03.645 | DEBUG    | __main__:get_current_pnl:639 - Leg PnLs: [1.9998631081512952, -11.998532761124292], Total: $-10.00
2025-01-24 18:21:03.664 | DEBUG    | __main__:get_current_pnl:639 - Leg PnLs: [1.9998631081512952, -7.999305594839101], Total: $-6.00
2025-01-24 18:21:26.174 | DEBUG    | __main__:_message_processor:517 - Processing message: {'type': 'KEEPALIVE', 'channel': 0}
2025-01-24 18:21:56.172 | DEBUG    | __main__:_message_processor:517 - Processing message: {'type': 'KEEPALIVE', 'channel': 0}
2025-01-24 18:22:02.739 | DEBUG    | __main__:_message_processor:517 - Processing message: {'type': 'FEED_DATA', 'channel': 3, 'data': ['Greeks', ['Greeks', '.SPY250124C609', 0.475005877143404, 0.417246499163465, 0.248732281894998, -0.475005877143404, 0.000907488632798806, 0.04495228560163, 0.1362624486535674, 'Greeks', '.SPY250124P609', 0.775017148452824, -0.587002642998628, 0.260941703206625, -0.445017148452783, -0.001281865987095251, 0.0448473730933099, 0.1295836121081411]]}
2025-01-24 18:22:02.743 | DEBUG    | __main__:_message_processor:532 - Processing Greeks data: ['Greeks', ['Greeks', '.SPY250124C609', 0.475005877143404, 0.417246499163465, 0.248732281894998, -0.475005877143404, 0.000907488632798806, 0.04495228560163, 0.1362624486535674, 'Greeks', '.SPY250124P609', 0.775017148452824, -0.587002642998628, 0.260941703206625, -0.445017148452783, -0.001281865987095251, 0.0448473730933099, 0.1295836121081411]]
2025-01-24 18:22:02.747 | DEBUG    | __main__:update:160 - Updated Greeks for .SPY250124C609: price=$0.48
2025-01-24 18:22:02.749 | DEBUG    | __main__:update:160 - Updated Greeks for .SPY250124P609: price=$0.78
2025-01-24 18:22:02.750 | DEBUG    | __main__:get_current_pnl:639 - Leg PnLs: [1.999954210532695, -7.999305594839101], Total: $-6.00
2025-01-24 18:22:02.753 | DEBUG    | __main__:get_current_pnl:639 - Leg PnLs: [1.999954210532695, -5.9984033480626975], Total: $-4.00
