2025-01-24 16:44:51.531 | INFO     | __main__:<module>:31 - Using environment: sandbox
2025-01-24 16:44:52.527 | SUCCESS  | __main__:get_session_token:605 - Found existing session token.
2025-01-24 16:44:52.529 | INFO     | __main__:get_session_token:606 - Existing session token will expire at 2025-01-25 16:19:19.226580.
2025-01-24 16:44:52.537 | SUCCESS  | __main__:get_quote_token:672 - Found existing quote token.
2025-01-24 16:44:52.537 | INFO     | __main__:get_quote_token:673 - Existing quote token will expire at 2025-01-25 16:19:21.413653.
2025-01-24 16:44:52.538 | INFO     | __main__:connect:223 - Connecting to wss://tasty-demo-ws.dxfeed.com/delayed
2025-01-24 16:44:53.756 | INFO     | __main__:connect:235 - Sending SETUP message
2025-01-24 16:44:53.846 | INFO     | __main__:connect:241 - SETUP completed successfully
2025-01-24 16:44:53.847 | INFO     | __main__:connect:248 - Received initial UNAUTHORIZED state
2025-01-24 16:44:53.848 | INFO     | __main__:connect:256 - Sending AUTH message
2025-01-24 16:44:53.936 | INFO     | __main__:connect:266 - Authorization successful
2025-01-24 16:44:53.937 | INFO     | __main__:connect:278 - Requesting feed channel
2025-01-24 16:44:54.029 | INFO     | __main__:connect:287 - Feed channel opened successfully
2025-01-24 16:44:54.030 | INFO     | __main__:connect:310 - Setting up feed configuration
2025-01-24 16:44:54.112 | INFO     | __main__:connect:318 - Feed setup completed successfully
2025-01-24 16:44:54.113 | SUCCESS  | __main__:connect:326 - Successfully connected to DXLink and completed setup sequence
2025-01-24 16:44:54.114 | INFO     | __main__:subscribe_quote:355 - Subscribing to Quote for SPY
2025-01-24 16:44:54.196 | DEBUG    | __main__:_message_handler:416 - Raw message received: {"type":"FEED_CONFIG","channel":3,"dataFormat":"COMPACT","aggregationPeriod":0.1,"eventFields":{"Quote":["eventType","eventSymbol","bidPrice","askPrice"]}}
2025-01-24 16:44:54.197 | DEBUG    | __main__:_message_handler:416 - Raw message received: {"type":"FEED_DATA","channel":3,"data":["Quote",["Quote","SPY",609.84,609.85]]}
2025-01-24 16:44:54.198 | INFO     | __main__:unsubscribe_quote:377 - Unsubscribing from Quote for SPY
2025-01-24 16:44:54.199 | INFO     | __main__:setup_spy_straddle_tracking:550 - Got SPY quote: $609.85
2025-01-24 16:44:54.200 | DEBUG    | __main__:get_atm_straddle:152 - Requesting option chain from: https://api.cert.tastyworks.com/option-chains/SPY/nested
2025-01-24 16:44:54.201 | DEBUG    | __main__:get_atm_straddle:153 - Headers: {'Authorization': 'y5nDoqHSQErRr6P4lnsLMRO3SJa_SiuQKKwU-cioOiTFjxae8PY8fw+C'}
2025-01-24 16:44:55.320 | DEBUG    | __main__:get_atm_straddle:156 - Response status: 200
2025-01-24 16:44:55.322 | DEBUG    | __main__:get_atm_straddle:157 - Response content: {"data":{"items":[{"underlying-symbol":"SPY","root-symbol":"SPY","option-chain-type":"Standard","shares-per-contract":100,"tick-sizes":[{"value":"0.01"}],"deliverables":[{"id":13907,"amount":"100.0","deliverable-type":"Shares","description":"100 shares of SPY","instrument-type":"Equity","percent":"100","root-symbol":"SPY","symbol":"SPY"}],"expirations":[{"expiration-type":"Weekly","expiration-date":"2025-01-24","days-to-expiration":0,"settlement-type":"PM","strikes":[{"strike-price":"350.0","call":"SPY   250124C00350000","call-streamer-symbol":".SPY250124C350","put":"SPY   250124P00350000","put-streamer-symbol":".SPY250124P350"},{"strike-price":"355.0","call":"SPY   250124C00355000","call-streamer-symbol":".SPY250124C355","put":"SPY   250124P00355000","put-streamer-symbol":".SPY250124P355"},{"strike-price":"360.0","call":"SPY   250124C00360000","call-streamer-symbol":".SPY250124C360","put":"SPY   250124P00360000","put-streamer-symbol":".SPY250124P360"},{"strike-price":"365.0","call":"S
2025-01-24 16:44:55.345 | DEBUG    | __main__:get_atm_straddle:164 - Parsed data: {'underlying-symbol': 'SPY', 'root-symbol': 'SPY', 'option-chain-type': 'Standard', 'shares-per-contract': 100, 'tick-sizes': [{'value': '0.01'}], 'deliverables': [{'id': 13907, 'amount': '100.0', 'deliverable-type': 'Shares', 'description': '100 shares of SPY', 'instrument-type': 'Equity', 'percent': '100', 'root-symbol': 'SPY', 'symbol': 'SPY'}], 'expirations': [{'expiration-type': 'Weekly', 'expiration-date': '2025-01-24', 'days-to-expiration': 0, 'settlement-type': 'PM', 'strikes': [{'strike-price': '350.0', 'call': 'SPY   250124C00350000', 'call-streamer-symbol': '.SPY250124C350', 'put': 'SPY   250124P00350000', 'put-streamer-symbol': '.SPY250124P350'}, {'strike-price': '355.0', 'call': 'SPY   250124C00355000', 'call-streamer-symbol': '.SPY250124C355', 'put': 'SPY   250124P00355000', 'put-streamer-symbol': '.SPY250124P355'}, {'strike-price': '360.0', 'call': 'SPY   250124C00360000', 'call-streamer-symbol': '.SPY250124C360', 'put': 'SPY   250124P00360000', 'put-streamer-symbol': '.
2025-01-24 16:44:55.348 | INFO     | __main__:subscribe_greeks:401 - Subscribing to Greeks for .SPY250124C610
2025-01-24 16:44:55.349 | INFO     | __main__:subscribe_greeks:401 - Subscribing to Greeks for .SPY250124P610
2025-01-24 16:44:55.430 | DEBUG    | __main__:_message_handler:416 - Raw message received: {"type":"FEED_CONFIG","channel":3,"dataFormat":"COMPACT","aggregationPeriod":0.1,"eventFields":{"Greeks":["eventType","eventSymbol","price","volatility","delta","gamma","theta","rho","vega"]}}
2025-01-24 16:44:55.432 | DEBUG    | __main__:_message_handler:416 - Raw message received: {"type":"FEED_DATA","channel":3,"data":["Greeks",["Greeks",".SPY250124C610",0.615006642691283,0.1243417454820482,0.457821993130783,0.224224379844212,-0.615006642691283,0.001516674297486413,0.0564478957808256,"Greeks",".SPY250124P610",0.805005100583653,0.1243414722906868,-0.542178101721541,0.2242248668102207,-0.615005100583598,-0.001804477740393046,0.0564478943512407]]}
2025-01-24 16:45:05.742 | DEBUG    | __main__:_message_handler:416 - Raw message received: {"type":"FEED_DATA","channel":3,"data":["Greeks",["Greeks",".SPY250124C610",0.625005808741202,0.123879880164533,0.464354008819489,0.225806186512149,-0.625005808741202,0.00153300687302577,0.0564425993772627,"Greeks",".SPY250124P610",0.775007903025558,0.1221084335773357,-0.536178217066957,0.229054334168852,-0.61500790302559,-0.001778245794985836,0.0564357846290211]]}
2025-01-24 16:45:23.843 | DEBUG    | __main__:_message_handler:416 - Raw message received: {"type":"KEEPALIVE","channel":0}
2025-01-24 16:45:53.848 | DEBUG    | __main__:_message_handler:416 - Raw message received: {"type":"KEEPALIVE","channel":0}
2025-01-24 16:46:05.202 | DEBUG    | __main__:_message_handler:416 - Raw message received: {"type":"FEED_DATA","channel":3,"data":["Greeks",["Greeks",".SPY250124C610",0.615004648505704,0.1239627610721309,0.459795402905709,0.225812408385959,-0.615004648505704,0.001512605272984097,0.0562801579466625,"Greeks",".SPY250124P610",0.785005835278789,0.1221860113823815,-0.540803713948124,0.229060856116073,-0.60500583527884,-0.001787256100958262,0.0562715180726173]]}
2025-01-24 16:46:23.847 | DEBUG    | __main__:_message_handler:416 - Raw message received: {"type":"KEEPALIVE","channel":0}
2025-01-24 16:46:53.848 | DEBUG    | __main__:_message_handler:416 - Raw message received: {"type":"KEEPALIVE","channel":0}
2025-01-24 16:47:05.705 | DEBUG    | __main__:_message_handler:416 - Raw message received: {"type":"FEED_DATA","channel":3,"data":["Greeks",["Greeks",".SPY250124C610",0.625006051838032,0.1218251835073204,0.470520335615287,0.230704936823774,-0.625006051838032,0.001542590440215972,0.0563184143374065,"Greeks",".SPY250124P610",0.755007280415931,0.1218254016558289,-0.5294796096782,0.230704526054755,-0.625007280415936,-0.0017437437664138,0.0563184149101697]]}
2025-01-24 16:47:23.851 | DEBUG    | __main__:_message_handler:416 - Raw message received: {"type":"KEEPALIVE","channel":0}
2025-01-24 16:47:53.849 | DEBUG    | __main__:_message_handler:416 - Raw message received: {"type":"KEEPALIVE","channel":0}
2025-01-24 16:48:11.682 | DEBUG    | __main__:_message_handler:416 - Raw message received: {"type":"FEED_DATA","channel":3,"data":["Greeks",["Greeks",".SPY250124C610",0.635005541091544,0.1212911167281034,0.47729920834797,0.232378444769683,-0.635005541091544,0.001559360164175318,0.056284340192873,"Greeks",".SPY250124P610",0.745005948345728,0.123067838581341,-0.522357129406626,0.229034778512063,-0.645005948345706,-0.001714296901886291,0.0562870841373874]]}
2025-01-24 16:48:23.849 | DEBUG    | __main__:_message_handler:416 - Raw message received: {"type":"KEEPALIVE","channel":0}
2025-01-24 16:48:53.850 | DEBUG    | __main__:_message_handler:416 - Raw message received: {"type":"KEEPALIVE","channel":0}
2025-01-24 16:49:07.190 | DEBUG    | __main__:_message_handler:416 - Raw message received: {"type":"FEED_DATA","channel":3,"data":["Greeks",["Greeks",".SPY250124C610",0.645004992472253,0.1215790150109123,0.481959547849989,0.232371275199998,-0.645004992472253,0.001569036469331719,0.0562199389562013,"Greeks",".SPY250124P610",0.725011751705357,0.1215802172948651,-0.518040262790907,0.232368982318448,-0.645011751705316,-0.001694085567599682,0.0562199401645548]]}
2025-01-24 16:49:23.856 | DEBUG    | __main__:_message_handler:416 - Raw message received: {"type":"KEEPALIVE","channel":0}
2025-01-24 16:49:53.850 | DEBUG    | __main__:_message_handler:416 - Raw message received: {"type":"KEEPALIVE","channel":0}
2025-01-24 16:50:11.682 | DEBUG    | __main__:_message_handler:416 - Raw message received: {"type":"FEED_DATA","channel":3,"data":["Greeks",["Greeks",".SPY250124C610",0.655005119133689,0.1235776950647801,0.482235781454462,0.22902778717961,-0.655005119133689,0.001564300712539426,0.0561216187044303,"Greeks",".SPY250124P610",0.735012032741085,0.1235789269621123,-0.517764030244681,0.229025508934491,-0.655012032741044,-0.001687215546858012,0.0561216198855137]]}
2025-01-24 16:50:23.857 | DEBUG    | __main__:_message_handler:416 - Raw message received: {"type":"KEEPALIVE","channel":0}
2025-01-24 16:50:53.851 | DEBUG    | __main__:_message_handler:416 - Raw message received: {"type":"KEEPALIVE","channel":0}
2025-01-24 16:51:04.689 | DEBUG    | __main__:_message_handler:416 - Raw message received: {"type":"FEED_DATA","channel":3,"data":["Greeks",["Greeks",".SPY250124C610",0.575006089631706,0.1199359798088572,0.452153879435839,0.234983097099538,-0.575006089631706,0.001461391988490123,0.0556617788179476,"Greeks",".SPY250124P610",0.785012096513653,0.1208352919883035,-0.547483541613196,0.233259815161775,-0.580012096513612,-0.001777371322159539,0.0556678813953211]]}
2025-01-24 16:51:23.858 | DEBUG    | __main__:_message_handler:416 - Raw message received: {"type":"KEEPALIVE","channel":0}
2025-01-24 16:51:53.887 | DEBUG    | __main__:_message_handler:416 - Raw message received: {"type":"KEEPALIVE","channel":0}
2025-01-24 16:52:09.189 | DEBUG    | __main__:_message_handler:416 - Raw message received: {"type":"FEED_DATA","channel":3,"data":["Greeks",["Greeks",".SPY250124C610",0.665005295574246,0.1205651576797569,0.495837336205073,0.235790677029547,-0.665005295574246,0.001597142391583636,0.0559789049744622,"Greeks",".SPY250124P610",0.685006260769712,0.1205653301010406,-0.504162656259751,0.235790339870198,-0.66500626076973,-0.00163116285619587,0.0559789049854954]]}
2025-01-24 16:52:23.851 | DEBUG    | __main__:_message_handler:416 - Raw message received: {"type":"KEEPALIVE","channel":0}
2025-01-24 16:52:53.850 | DEBUG    | __main__:_message_handler:416 - Raw message received: {"type":"KEEPALIVE","channel":0}
2025-01-24 16:53:04.204 | DEBUG    | __main__:_message_handler:416 - Raw message received: {"type":"FEED_DATA","channel":3,"data":["Greeks",["Greeks",".SPY250124C610",0.675007698499318,0.1198915137509141,0.502924607354864,0.237537767452643,-0.665007698499327,0.00161422434200307,0.0558824807672679,"Greeks",".SPY250124P610",0.675005811868042,0.1216806452934068,-0.497102124268479,0.23404524499387,-0.675005811868042,-0.001602613852965608,0.0558825080931785]]}
2025-01-24 16:53:23.851 | DEBUG    | __main__:_message_handler:416 - Raw message received: {"type":"KEEPALIVE","channel":0}
2025-01-24 16:53:53.911 | DEBUG    | __main__:_message_handler:416 - Raw message received: {"type":"KEEPALIVE","channel":0}
2025-01-24 16:54:05.710 | DEBUG    | __main__:_message_handler:416 - Raw message received: {"type":"FEED_DATA","channel":3,"data":["Greeks",["Greeks",".SPY250124C610",0.705005394720403,0.1199997928281829,0.517185812869706,0.237515103597383,-0.635005394720353,0.001654114933916531,0.05573679110486,"Greeks",".SPY250124P610",0.645007468175866,0.1217942889177092,-0.483050972292694,0.234021546474475,-0.645007468175866,-0.001551790324483033,0.0557382081378779]]}
2025-01-24 16:54:23.855 | DEBUG    | __main__:_message_handler:416 - Raw message received: {"type":"KEEPALIVE","channel":0}
2025-01-24 16:54:53.851 | DEBUG    | __main__:_message_handler:416 - Raw message received: {"type":"KEEPALIVE","channel":0}
2025-01-24 16:55:05.193 | DEBUG    | __main__:_message_handler:416 - Raw message received: {"type":"FEED_DATA","channel":3,"data":["Greeks",["Greeks",".SPY250124C610",0.665005709042523,0.1194312250336285,0.500545086646757,0.239328388986641,-0.665005709042523,0.001595003230079874,0.0556810243747003]]}
2025-01-24 16:55:05.289 | DEBUG    | __main__:_message_handler:416 - Raw message received: {"type":"FEED_DATA","channel":3,"data":["Greeks",["Greeks",".SPY250124P610",0.675005078492872,0.1212270557863204,-0.499446717148776,0.235783024574861,-0.675005078492872,-0.001598510859798319,0.055681022799924]]}
2025-01-24 16:55:05.297 | INFO     | __main__:handle_greeks:576 - Current Straddle PnL: $-1218.35
2025-01-24 16:55:23.852 | DEBUG    | __main__:_message_handler:416 - Raw message received: {"type":"KEEPALIVE","channel":0}
2025-01-24 16:55:53.852 | DEBUG    | __main__:_message_handler:416 - Raw message received: {"type":"KEEPALIVE","channel":0}
2025-01-24 16:56:06.181 | DEBUG    | __main__:_message_handler:416 - Raw message received: {"type":"FEED_DATA","channel":3,"data":["Greeks",["Greeks",".SPY250124C610",0.705005399900382,0.1185644938021853,0.522263542186788,0.241105659324863,-0.61500539990035,0.00165834876432404,0.0555014234539065,"Greeks",".SPY250124P610",0.625007871602161,0.1203666547128018,-0.478053182127574,0.23750623171398,-0.625007871602161,-0.001524593470228487,0.0555038700306929]]}
2025-01-24 16:56:06.189 | INFO     | __main__:handle_greeks:576 - Current Straddle PnL: $-1218.31
2025-01-24 16:56:23.853 | DEBUG    | __main__:_message_handler:416 - Raw message received: {"type":"KEEPALIVE","channel":0}
2025-01-24 16:56:53.853 | DEBUG    | __main__:_message_handler:416 - Raw message received: {"type":"KEEPALIVE","channel":0}
2025-01-24 16:57:05.192 | DEBUG    | __main__:_message_handler:416 - Raw message received: {"type":"FEED_DATA","channel":3,"data":["Greeks",["Greeks",".SPY250124C610",0.705006287295431,0.1187814804760868,0.522263513649656,0.241105335153356,-0.615006287295399,0.00165229980968163,0.0554001099414819,"Greeks",".SPY250124P610",0.62500812594245,0.1205868228423389,-0.478053190057455,0.237506141555052,-0.62500812594245,-0.001519032512198199,0.0554025518913147]]}
2025-01-24 16:57:05.208 | INFO     | __main__:handle_greeks:576 - Current Straddle PnL: $-1218.31
2025-01-24 16:57:23.855 | DEBUG    | __main__:_message_handler:416 - Raw message received: {"type":"KEEPALIVE","channel":0}
2025-01-24 16:57:53.854 | DEBUG    | __main__:_message_handler:416 - Raw message received: {"type":"KEEPALIVE","channel":0}
2025-01-24 16:58:04.202 | DEBUG    | __main__:_message_handler:416 - Raw message received: {"type":"FEED_DATA","channel":3,"data":["Greeks",["Greeks",".SPY250124C610",0.715005643673565,0.1179535961528779,0.529743949742949,0.242933305671245,-0.595005643673561,0.001669913386166592,0.0552335894164351,"Greeks",".SPY250124P610",0.615005463112218,0.1215742590205074,-0.47110800427146,0.235735516075102,-0.615005463112218,-0.001491552311120224,0.0552422897137876]]}
2025-01-24 16:58:04.203 | INFO     | __main__:handle_greeks:576 - Current Straddle PnL: $-1218.30
2025-01-24 16:58:23.854 | DEBUG    | __main__:_message_handler:416 - Raw message received: {"type":"KEEPALIVE","channel":0}
2025-01-24 16:58:53.854 | DEBUG    | __main__:_message_handler:416 - Raw message received: {"type":"KEEPALIVE","channel":0}
2025-01-24 16:59:05.197 | DEBUG    | __main__:_message_handler:416 - Raw message received: {"type":"FEED_DATA","channel":3,"data":["Greeks",["Greeks",".SPY250124C610",0.715006806091754,0.1167237748805538,0.533786395930395,0.24573990165132,-0.580006806091763,0.001676543331252222,0.0550887260850307,"Greeks",".SPY250124P610",0.605007812341106,0.1212614997905566,-0.467434850104535,0.236604575475654,-0.605007812341106,-0.001474494622897536,0.0551028166909229]]}
2025-01-24 16:59:05.198 | INFO     | __main__:handle_greeks:576 - Current Straddle PnL: $-1218.30
2025-01-24 16:59:23.863 | DEBUG    | __main__:_message_handler:416 - Raw message received: {"type":"KEEPALIVE","channel":0}
2025-01-24 16:59:53.855 | DEBUG    | __main__:_message_handler:416 - Raw message received: {"type":"KEEPALIVE","channel":0}
2025-01-24 17:00:04.695 | DEBUG    | __main__:_message_handler:416 - Raw message received: {"type":"FEED_DATA","channel":3,"data":["Greeks",["Greeks",".SPY250124C610",0.705006763655058,0.1175331933511348,0.527504965619144,0.244805922340191,-0.595006763655045,0.001650644643890917,0.05505161112026,"Greeks",".SPY250124P610",0.605008786480443,0.1193499747664034,-0.472896804723705,0.241096081897612,-0.605008786480443,-0.001486125725142807,0.0550554176449355]]}
2025-01-24 17:00:04.696 | INFO     | __main__:handle_greeks:576 - Current Straddle PnL: $-1218.31
2025-01-24 17:00:24.180 | DEBUG    | __main__:_message_handler:416 - Raw message received: {"type":"KEEPALIVE","channel":0}
2025-01-24 17:00:53.870 | DEBUG    | __main__:_message_handler:416 - Raw message received: {"type":"KEEPALIVE","channel":0}
2025-01-24 17:01:06.694 | DEBUG    | __main__:_message_handler:416 - Raw message received: {"type":"FEED_DATA","channel":3,"data":["Greeks",["Greeks",".SPY250124C610",0.705006897937233,0.1163053670924889,0.531549479595002,0.247656767102458,-0.580006897937233,0.001657212421828268,0.0549096127107666,"Greeks",".SPY250124P610",0.595008108935537,0.1190371598304993,-0.469148785378152,0.242006534016424,-0.595008108935537,-0.001468899336900301,0.0549171603708265]]}
2025-01-24 17:01:06.695 | INFO     | __main__:handle_greeks:576 - Current Straddle PnL: $-1218.31
2025-01-24 17:01:23.860 | DEBUG    | __main__:_message_handler:416 - Raw message received: {"type":"KEEPALIVE","channel":0}
2025-01-24 17:01:53.857 | DEBUG    | __main__:_message_handler:416 - Raw message received: {"type":"KEEPALIVE","channel":0}
2025-01-24 17:02:04.689 | DEBUG    | __main__:_message_handler:416 - Raw message received: {"type":"FEED_DATA","channel":3,"data":["Greeks",["Greeks",".SPY250124C610",0.685007540559867,0.1162401808528763,0.522927310954298,0.248639286276293,-0.595007540559835,0.001624224359330022,0.0548855628498493,"Greeks",".SPY250124P610",0.615005023572347,0.119883493076499,-0.477736445711112,0.241105796800333,-0.615005023572347,-0.001490191176824795,0.0548907462887374]]}
2025-01-24 17:02:04.691 | INFO     | __main__:handle_greeks:576 - Current Straddle PnL: $-1218.33
2025-01-24 17:02:23.857 | DEBUG    | __main__:_message_handler:416 - Raw message received: {"type":"KEEPALIVE","channel":0}
2025-01-24 17:02:53.858 | DEBUG    | __main__:_message_handler:416 - Raw message received: {"type":"KEEPALIVE","channel":0}
2025-01-24 17:03:05.704 | DEBUG    | __main__:_message_handler:416 - Raw message received: {"type":"FEED_DATA","channel":3,"data":["Greeks",["Greeks",".SPY250124C610",0.725005890106442,0.115975426627778,0.542953199942722,0.248602424403896,-0.555005890106483,0.001680287152195899,0.0545625619438995,"Greeks",".SPY250124P610",0.585007026154638,0.121472497802,-0.458935493872469,0.237471499053502,-0.585007026154638,-0.001426364589559656,0.054589971967489]]}
2025-01-24 17:03:05.705 | INFO     | __main__:handle_greeks:576 - Current Straddle PnL: $-1218.29
2025-01-24 17:03:23.859 | DEBUG    | __main__:_message_handler:416 - Raw message received: {"type":"KEEPALIVE","channel":0}
2025-01-24 17:03:53.859 | DEBUG    | __main__:_message_handler:416 - Raw message received: {"type":"KEEPALIVE","channel":0}
2025-01-24 17:04:03.687 | DEBUG    | __main__:_message_handler:416 - Raw message received: {"type":"FEED_DATA","channel":3,"data":["Greeks",["Greeks",".SPY250124C610",0.71500574142066,0.1163414789043303,0.537930867220371,0.248612738120573,-0.565005741420683,0.001658475566888067,0.054528594430507,"Greeks",".SPY250124P610",0.585007571476006,0.1200091206812814,-0.46319272547377,0.241078761252946,-0.585007571476006,-0.001434133254452339,0.0545430665134514]]}
2025-01-24 17:04:03.688 | INFO     | __main__:handle_greeks:576 - Current Straddle PnL: $-1218.30
2025-01-24 17:04:23.861 | DEBUG    | __main__:_message_handler:416 - Raw message received: {"type":"KEEPALIVE","channel":0}
2025-01-24 17:04:53.873 | DEBUG    | __main__:_message_handler:416 - Raw message received: {"type":"KEEPALIVE","channel":0}
2025-01-24 17:05:05.698 | DEBUG    | __main__:_message_handler:416 - Raw message received: {"type":"FEED_DATA","channel":3,"data":["Greeks",["Greeks",".SPY250124C610",0.735006388291437,0.1172511212203076,0.545121991887184,0.246669889773044,-0.555006388291487,0.001674361752186741,0.0543259638414209,"Greeks",".SPY250124P610",0.56500591777765,0.1190915966164713,-0.455556160822817,0.242904521873115,-0.56500591777765,-0.001405206355223916,0.0543364190372278]]}
2025-01-24 17:05:05.700 | INFO     | __main__:handle_greeks:576 - Current Straddle PnL: $-1218.28
2025-01-24 17:05:23.868 | DEBUG    | __main__:_message_handler:416 - Raw message received: {"type":"KEEPALIVE","channel":0}
2025-01-24 17:05:53.862 | DEBUG    | __main__:_message_handler:416 - Raw message received: {"type":"KEEPALIVE","channel":0}
2025-01-24 17:06:03.685 | DEBUG    | __main__:_message_handler:416 - Raw message received: {"type":"FEED_DATA","channel":3,"data":["Greeks",["Greeks",".SPY250124C610",0.765007585463628,0.1163483845844739,0.561739098784572,0.247624751991646,-0.519807585463673,0.001719040757343301,0.0539238114728759,"Greeks",".SPY250124P610",0.535007646357102,0.1191663969352577,-0.439684967584059,0.241903140601644,-0.535007646357102,-0.001351227622383783,0.0539537313924755]]}
2025-01-24 17:06:03.687 | INFO     | __main__:handle_greeks:576 - Current Straddle PnL: $-1218.25
2025-01-24 17:06:23.861 | DEBUG    | __main__:_message_handler:416 - Raw message received: {"type":"KEEPALIVE","channel":0}
2025-01-24 17:06:53.863 | DEBUG    | __main__:_message_handler:416 - Raw message received: {"type":"KEEPALIVE","channel":0}
2025-01-24 17:07:02.687 | DEBUG    | __main__:_message_handler:416 - Raw message received: {"type":"FEED_DATA","channel":3,"data":["Greeks",["Greeks",".SPY250124C610",0.785005613012629,0.116625116079994,0.570308027078435,0.246597411961541,-0.505005613012657,0.001738714411163554,0.0536301668618606,"Greeks",".SPY250124P610",0.515008631125138,0.1184898478080303,-0.430770920139761,0.242833805800835,-0.515008631125138,-0.001318851035303902,0.0536560666552916]]}
2025-01-24 17:07:02.689 | INFO     | __main__:handle_greeks:576 - Current Straddle PnL: $-1218.23
2025-01-24 17:07:23.864 | DEBUG    | __main__:_message_handler:416 - Raw message received: {"type":"KEEPALIVE","channel":0}
2025-01-24 17:07:53.861 | DEBUG    | __main__:_message_handler:416 - Raw message received: {"type":"KEEPALIVE","channel":0}
2025-01-24 17:08:05.199 | DEBUG    | __main__:_message_handler:416 - Raw message received: {"type":"FEED_DATA","channel":3,"data":["Greeks",["Greeks",".SPY250124C610",0.785006150008236,0.1179092856981434,0.567244797765302,0.244710685790341,-0.515006150008254,0.00172275464178266,0.0535996343696648,"Greeks",".SPY250124P610",0.515008501504033,0.117909724413125,-0.432755446200803,0.244709800989161,-0.515008501504033,-0.001319858837708802,0.0535996400012418]]}
2025-01-24 17:08:05.200 | INFO     | __main__:handle_greeks:576 - Current Straddle PnL: $-1218.23
2025-01-24 17:08:23.863 | DEBUG    | __main__:_message_handler:416 - Raw message received: {"type":"KEEPALIVE","channel":0}
2025-01-24 17:08:53.862 | DEBUG    | __main__:_message_handler:416 - Raw message received: {"type":"KEEPALIVE","channel":0}
2025-01-24 17:09:02.689 | DEBUG    | __main__:_message_handler:416 - Raw message received: {"type":"FEED_DATA","channel":3,"data":["Greeks",["Greeks",".SPY250124C610",0.785005620802663,0.1159996832559152,0.57342756196237,0.248512348123455,-0.495005620802699,0.001734988627203752,0.0533499946031721,"Greeks",".SPY250124P610",0.515009437991029,0.1197472471906139,-0.428813196616306,0.240985690141507,-0.515009437991029,-0.001302912694026273,0.0534055505729148]]}
2025-01-24 17:09:02.691 | INFO     | __main__:handle_greeks:576 - Current Straddle PnL: $-1218.23
2025-01-24 17:09:23.865 | DEBUG    | __main__:_message_handler:416 - Raw message received: {"type":"KEEPALIVE","channel":0}
2025-01-24 17:09:53.863 | DEBUG    | __main__:_message_handler:416 - Raw message received: {"type":"KEEPALIVE","channel":0}
2025-01-24 17:10:08.201 | DEBUG    | __main__:_message_handler:416 - Raw message received: {"type":"FEED_DATA","channel":3,"data":["Greeks",["Greeks",".SPY250124C610",0.735005198500956,0.1173561470147622,0.547988921152787,0.248591527728613,-0.545005198500902,0.001651475592863586,0.0537666923357171,"Greeks",".SPY250124P610",0.555007529231062,0.1192162616042446,-0.452740039260333,0.244766685856342,-0.555007529231062,-0.001370176783940763,0.0537785341939383]]}
2025-01-24 17:10:08.203 | INFO     | __main__:handle_greeks:576 - Current Straddle PnL: $-1218.28
2025-01-24 17:10:23.892 | DEBUG    | __main__:_message_handler:416 - Raw message received: {"type":"KEEPALIVE","channel":0}
2025-01-24 17:10:54.089 | DEBUG    | __main__:_message_handler:416 - Raw message received: {"type":"KEEPALIVE","channel":0}
2025-01-24 17:11:02.688 | DEBUG    | __main__:_message_handler:416 - Raw message received: {"type":"FEED_DATA","channel":3,"data":["Greeks",["Greeks",".SPY250124C610",0.675006756619624,0.1163877683449445,0.523275504983651,0.252586190381717,-0.585006756619592,0.001570809527089176,0.0539539454756531,"Greeks",".SPY250124P610",0.605010160942128,0.1200950780910981,-0.477409943306553,0.244813139546964,-0.605010160942128,-0.001439146471859591,0.0539592863693036]]}
2025-01-24 17:11:02.691 | INFO     | __main__:handle_greeks:576 - Current Straddle PnL: $-1218.34
2025-01-24 17:11:23.865 | DEBUG    | __main__:_message_handler:416 - Raw message received: {"type":"KEEPALIVE","channel":0}
2025-01-24 17:11:53.875 | DEBUG    | __main__:_message_handler:416 - Raw message received: {"type":"KEEPALIVE","channel":0}
2025-01-24 17:12:05.232 | DEBUG    | __main__:_message_handler:416 - Raw message received: {"type":"FEED_DATA","channel":3,"data":["Greeks",["Greeks",".SPY250124C610",0.535005080600637,0.1193310426494289,0.443826958673266,0.244927180502775,-0.535005080600637,0.001326660486553767,0.0533779611925562,"Greeks",".SPY250124P610",0.77500880177439,0.1212048777304828,-0.555293950876845,0.241215814385472,-0.545008801774371,-0.001666945310727891,0.0533946124006199]]}
2025-01-24 17:12:05.234 | INFO     | __main__:handle_greeks:576 - Current Straddle PnL: $-1218.48
2025-01-24 17:12:23.864 | DEBUG    | __main__:_message_handler:416 - Raw message received: {"type":"KEEPALIVE","channel":0}
2025-01-24 17:12:53.864 | DEBUG    | __main__:_message_handler:416 - Raw message received: {"type":"KEEPALIVE","channel":0}
2025-01-24 17:13:07.692 | DEBUG    | __main__:_message_handler:416 - Raw message received: {"type":"FEED_DATA","channel":3,"data":["Greeks",["Greeks",".SPY250124C610",0.585004959419179,0.1212526194760399,0.466432616891889,0.243036128715953,-0.585004959419179,0.001388925445794079,0.0536260995975895,"Greeks",".SPY250124P610",0.715006033415946,0.1193879494983466,-0.534106912316885,0.246803559332559,-0.575006033415959,-0.001597219338235604,0.0536199190420395]]}
2025-01-24 17:13:07.694 | INFO     | __main__:handle_greeks:576 - Current Straddle PnL: $-1218.43
2025-01-24 17:13:23.864 | DEBUG    | __main__:_message_handler:416 - Raw message received: {"type":"KEEPALIVE","channel":0}
2025-01-24 17:13:53.874 | DEBUG    | __main__:_message_handler:416 - Raw message received: {"type":"KEEPALIVE","channel":0}
2025-01-24 17:14:06.706 | DEBUG    | __main__:_message_handler:416 - Raw message received: {"type":"FEED_DATA","channel":3,"data":["Greeks",["Greeks",".SPY250124C610",0.465005425120663,0.1232408505368181,0.395946950913555,0.232322165641965,-0.465005425120663,0.001174026184224622,0.0518489682493811,"Greeks",".SPY250124P610",0.90500656035548,0.1232410694871296,-0.6040528666134,0.232321781928576,-0.465006560355426,-0.001798951301154339,0.0518489747283552]]}
2025-01-24 17:14:07.244 | INFO     | __main__:handle_greeks:576 - Current Straddle PnL: $-1218.55
2025-01-24 17:14:24.225 | DEBUG    | __main__:_message_handler:416 - Raw message received: {"type":"KEEPALIVE","channel":0}
2025-01-24 17:14:53.867 | DEBUG    | __main__:_message_handler:416 - Raw message received: {"type":"KEEPALIVE","channel":0}
2025-01-24 17:15:03.720 | DEBUG    | __main__:_message_handler:416 - Raw message received: {"type":"FEED_DATA","channel":3,"data":["Greeks",["Greeks",".SPY250124C610",0.415005643845271,0.1226625255177076,0.367500539406956,0.228721644356034,-0.415005643845271,0.001085292062942386,0.0505876194837009,"Greeks",".SPY250124P610",0.975004990179997,0.1226623963032335,-0.63249959599317,0.228721857470361,-0.415004990180052,-0.001876080572563449,0.0505876133295866]]}
2025-01-24 17:15:03.722 | INFO     | __main__:handle_greeks:576 - Current Straddle PnL: $-1218.60
2025-01-24 17:15:23.867 | DEBUG    | __main__:_message_handler:416 - Raw message received: {"type":"KEEPALIVE","channel":0}
2025-01-24 17:15:53.869 | DEBUG    | __main__:_message_handler:416 - Raw message received: {"type":"KEEPALIVE","channel":0}
2025-01-24 17:16:06.207 | DEBUG    | __main__:_message_handler:416 - Raw message received: {"type":"FEED_DATA","channel":3,"data":["Greeks",["Greeks",".SPY250124C610",0.395006220233173,0.1281629984769851,0.34451488247322,0.2144404651193048,-0.395006220233173,0.001013178803217178,0.049340529868441,"Greeks",".SPY250124P610",1.09002007365176,0.1291785285489802,-0.654317715548357,0.213023488491429,-0.400020073651706,-0.001933172228397767,0.0494028762848251]]}
2025-01-24 17:16:06.208 | INFO     | __main__:handle_greeks:576 - Current Straddle PnL: $-1218.62
2025-01-24 17:16:23.870 | DEBUG    | __main__:_message_handler:416 - Raw message received: {"type":"KEEPALIVE","channel":0}
2025-01-24 17:16:53.867 | DEBUG    | __main__:_message_handler:416 - Raw message received: {"type":"KEEPALIVE","channel":0}
2025-01-24 17:17:07.256 | DEBUG    | __main__:_message_handler:416 - Raw message received: {"type":"FEED_DATA","channel":3,"data":["Greeks",["Greeks",".SPY250124C610",0.435005072589732,0.1300310109384443,0.365644542170239,0.2162615852249641,-0.435005072589732,0.001071170361921512,0.0503010323490807,"Greeks",".SPY250124P610",1.020015780066437,0.1270469298269219,-0.637409707672891,0.2207165603872391,-0.420015780066414,-0.001875882966125707,0.0501590925952894]]}
2025-01-24 17:17:07.259 | INFO     | __main__:handle_greeks:576 - Current Straddle PnL: $-1218.58
2025-01-24 17:17:23.868 | DEBUG    | __main__:_message_handler:416 - Raw message received: {"type":"KEEPALIVE","channel":0}
2025-01-24 17:17:53.886 | DEBUG    | __main__:_message_handler:416 - Raw message received: {"type":"KEEPALIVE","channel":0}
2025-01-24 17:18:03.737 | DEBUG    | __main__:_message_handler:416 - Raw message received: {"type":"FEED_DATA","channel":3,"data":["Greeks",["Greeks",".SPY250124C610",0.465005318070536,0.1265129954007324,0.39097856902024,0.227317401837144,-0.465005318070536,0.001141107554605319,0.0512607285752504,"Greeks",".SPY250124P610",0.930023913634306,0.1255409263654413,-0.609852210743798,0.228939808186203,-0.460023913634279,-0.001787852495019853,0.0512299103793738]]}
2025-01-24 17:18:03.738 | INFO     | __main__:handle_greeks:576 - Current Straddle PnL: $-1218.55
2025-01-24 17:18:23.868 | DEBUG    | __main__:_message_handler:416 - Raw message received: {"type":"KEEPALIVE","channel":0}
2025-01-24 17:18:53.870 | DEBUG    | __main__:_message_handler:416 - Raw message received: {"type":"KEEPALIVE","channel":0}
2025-01-24 17:19:07.245 | DEBUG    | __main__:_message_handler:416 - Raw message received: {"type":"FEED_DATA","channel":3,"data":["Greeks",["Greeks",".SPY250124C610",0.485005519490636,0.1228634263797108,0.411159041887882,0.237585532703908,-0.485005519490636,0.001195462987336807,0.0518413601596386,"Greeks",".SPY250124P610",0.865006278931875,0.1247917740821754,-0.587474255585003,0.234097342890063,-0.49500627893187,-0.001715552259927071,0.0518819411158417]]}
2025-01-24 17:19:07.246 | INFO     | __main__:handle_greeks:576 - Current Straddle PnL: $-1218.53
2025-01-24 17:19:23.868 | DEBUG    | __main__:_message_handler:416 - Raw message received: {"type":"KEEPALIVE","channel":0}
2025-01-24 17:19:53.868 | DEBUG    | __main__:_message_handler:416 - Raw message received: {"type":"KEEPALIVE","channel":0}
2025-01-24 17:20:04.731 | DEBUG    | __main__:_message_handler:416 - Raw message received: {"type":"FEED_DATA","channel":3,"data":["Greeks",["Greeks",".SPY250124C610",0.445004487332103,0.1268724294805336,0.379525581843695,0.225615823534681,-0.445004487332103,0.001098835636354807,0.0506085925549275,"Greeks",".SPY250124P610",0.960023842941818,0.1258879141481853,-0.621395282849903,0.227210861564247,-0.440023842941836,-0.001807155090246889,0.050570887335323]]}
2025-01-24 17:20:04.732 | INFO     | __main__:handle_greeks:576 - Current Straddle PnL: $-1218.57
2025-01-24 17:20:23.871 | DEBUG    | __main__:_message_handler:416 - Raw message received: {"type":"KEEPALIVE","channel":0}
2025-01-24 17:20:53.869 | DEBUG    | __main__:_message_handler:416 - Raw message received: {"type":"KEEPALIVE","channel":0}
2025-01-24 17:21:04.258 | DEBUG    | __main__:_message_handler:416 - Raw message received: {"type":"FEED_DATA","channel":3,"data":["Greeks",["Greeks",".SPY250124C610",0.445004886847912,0.1271268504145967,0.379525655139036,0.225615696479073,-0.445004886847912,0.001094443375775672,0.0505073432049575,"Greeks",".SPY250124P610",0.955004609294936,0.1251453969452066,-0.622337909646457,0.228840971556308,-0.435004609294954,-0.001802630904856752,0.0504308849310541]]}
2025-01-24 17:21:04.259 | INFO     | __main__:handle_greeks:576 - Current Straddle PnL: $-1218.57
2025-01-24 17:21:23.872 | DEBUG    | __main__:_message_handler:416 - Raw message received: {"type":"KEEPALIVE","channel":0}
2025-01-24 17:21:53.872 | DEBUG    | __main__:_message_handler:416 - Raw message received: {"type":"KEEPALIVE","channel":0}
2025-01-24 17:22:07.239 | DEBUG    | __main__:_message_handler:416 - Raw message received: {"type":"FEED_DATA","channel":3,"data":["Greeks",["Greeks",".SPY250124C610",0.485004389990105,0.1228043860055192,0.412975820096166,0.239376456108284,-0.485004389990105,0.001186432775030536,0.0515851515456421,"Greeks",".SPY250124P610",0.84501732283877,0.1228068930917359,-0.587022410553484,0.2393718084312,-0.485017322838757,-0.001693693750662917,0.0515852030854358]]}
2025-01-24 17:22:07.240 | INFO     | __main__:handle_greeks:576 - Current Straddle PnL: $-1218.53
2025-01-24 17:22:23.871 | DEBUG    | __main__:_message_handler:416 - Raw message received: {"type":"KEEPALIVE","channel":0}
2025-01-24 17:22:53.874 | DEBUG    | __main__:_message_handler:416 - Raw message received: {"type":"KEEPALIVE","channel":0}
2025-01-24 17:23:01.735 | DEBUG    | __main__:_message_handler:416 - Raw message received: {"type":"FEED_DATA","channel":3,"data":["Greeks",["Greeks",".SPY250124C610",0.465005560062828,0.1223431122585991,0.402848497965898,0.239321848623962,-0.465005560062828,0.001152636662414713,0.051165894217711,"Greeks",".SPY250124P610",0.865012189002032,0.1223248634840506,-0.597165858525785,0.239355367315789,-0.46491218900208,-0.001715929827181771,0.0511654273521374]]}
2025-01-24 17:23:01.737 | INFO     | __main__:handle_greeks:576 - Current Straddle PnL: $-1218.55
2025-01-24 17:23:23.872 | DEBUG    | __main__:_message_handler:416 - Raw message received: {"type":"KEEPALIVE","channel":0}
2025-01-24 17:23:53.877 | DEBUG    | __main__:_message_handler:416 - Raw message received: {"type":"KEEPALIVE","channel":0}
2025-01-24 17:24:07.237 | DEBUG    | __main__:_message_handler:416 - Raw message received: {"type":"FEED_DATA","channel":3,"data":["Greeks",["Greeks",".SPY250124C610",0.435005933283346,0.1266582752223348,0.376098152022882,0.227191255070762,-0.435005933283346,0.001071511422471415,0.0500608350356925,"Greeks",".SPY250124P610",0.955005674340441,0.1246590426424907,-0.625838758882575,0.230459900612997,-0.425005674340468,-0.001790890523016631,0.0499795183637504]]}
2025-01-24 17:24:07.239 | INFO     | __main__:handle_greeks:576 - Current Straddle PnL: $-1218.58
2025-01-24 17:24:23.871 | DEBUG    | __main__:_message_handler:416 - Raw message received: {"type":"KEEPALIVE","channel":0}
2025-01-24 17:24:53.872 | DEBUG    | __main__:_message_handler:416 - Raw message received: {"type":"KEEPALIVE","channel":0}
2025-01-24 17:25:04.724 | DEBUG    | __main__:_message_handler:416 - Raw message received: {"type":"FEED_DATA","channel":3,"data":["Greeks",["Greeks",".SPY250124C610",0.485005418021901,0.1259181118023807,0.407682527370209,0.234168681064163,-0.485005418021901,0.001156981924496503,0.0511119307964263,"Greeks",".SPY250124P610",0.865010357593499,0.1240596447169264,-0.593690602857754,0.237478835332392,-0.475510357593501,-0.001692192484497311,0.0510693956045272]]}
2025-01-24 17:25:04.725 | INFO     | __main__:handle_greeks:576 - Current Straddle PnL: $-1218.53
2025-01-24 17:25:23.876 | DEBUG    | __main__:_message_handler:416 - Raw message received: {"type":"KEEPALIVE","channel":0}
2025-01-24 17:25:53.871 | DEBUG    | __main__:_message_handler:416 - Raw message received: {"type":"KEEPALIVE","channel":0}
2025-01-24 17:26:12.240 | DEBUG    | __main__:_message_handler:416 - Raw message received: {"type":"FEED_DATA","channel":3,"data":["Greeks",["Greeks",".SPY250124C610",0.455006337931316,0.1242565852401901,0.394314306196827,0.235751492751204,-0.455006337931316,0.001114452100153195,0.050562916037465,"Greeks",".SPY250124P610",0.895011373527721,0.1242575811469205,-0.60568485858596,0.235749740397299,-0.455011373527666,-0.001719253980305158,0.0505629454552809]]}
2025-01-24 17:26:12.241 | INFO     | __main__:handle_greeks:576 - Current Straddle PnL: $-1218.56
2025-01-24 17:26:23.872 | DEBUG    | __main__:_message_handler:416 - Raw message received: {"type":"KEEPALIVE","channel":0}
2025-01-24 17:26:53.878 | DEBUG    | __main__:_message_handler:416 - Raw message received: {"type":"KEEPALIVE","channel":0}
2025-01-24 17:27:07.258 | DEBUG    | __main__:_message_handler:416 - Raw message received: {"type":"FEED_DATA","channel":3,"data":["Greeks",["Greeks",".SPY250124C610",0.475005890473385,0.1209534045409152,0.414236600647669,0.245693501511539,-0.475005890473385,0.001166157938186391,0.0511001149156433,"Greeks",".SPY250124P610",0.835006991692741,0.1237309971900528,-0.583844029042113,0.240431407524702,-0.489206991692687,-0.001650596810619677,0.0511540262270258]]}
2025-01-24 17:27:07.261 | INFO     | __main__:handle_greeks:576 - Current Straddle PnL: $-1218.54
2025-01-24 17:27:23.874 | DEBUG    | __main__:_message_handler:416 - Raw message received: {"type":"KEEPALIVE","channel":0}
2025-01-24 17:27:53.873 | DEBUG    | __main__:_message_handler:416 - Raw message received: {"type":"KEEPALIVE","channel":0}
2025-01-24 17:28:04.727 | DEBUG    | __main__:_message_handler:416 - Raw message received: {"type":"FEED_DATA","channel":3,"data":["Greeks",["Greeks",".SPY250124C610",0.445005985666308,0.1235609421682031,0.390919292935717,0.237487398259976,-0.445005985666308,0.001095816559874737,0.0502335291756109,"Greeks",".SPY250124P610",0.885006374228666,0.1215690544022202,-0.610838183013391,0.24107007952692,-0.435006374228621,-0.001719569765640099,0.0501693252057232]]}
2025-01-24 17:28:04.728 | INFO     | __main__:handle_greeks:576 - Current Straddle PnL: $-1218.57
2025-01-24 17:28:23.876 | DEBUG    | __main__:_message_handler:416 - Raw message received: {"type":"KEEPALIVE","channel":0}
2025-01-24 17:28:53.877 | DEBUG    | __main__:_message_handler:416 - Raw message received: {"type":"KEEPALIVE","channel":0}
2025-01-24 17:29:01.751 | DEBUG    | __main__:_message_handler:416 - Raw message received: {"type":"FEED_DATA","channel":3,"data":["Greeks",["Greeks",".SPY250124C610",0.435006169569543,0.1249109539970814,0.382469465049397,0.233930726265951,-0.435006169569543,0.001067634435767432,0.0498087446980085,"Greeks",".SPY250124P610",0.920031783327943,0.1239118934132183,-0.618458099498622,0.235644701656839,-0.430031783327934,-0.00173382768363934,0.0497723876219805]]}
2025-01-24 17:29:01.756 | INFO     | __main__:handle_greeks:576 - Current Straddle PnL: $-1218.58
2025-01-24 17:29:23.873 | DEBUG    | __main__:_message_handler:416 - Raw message received: {"type":"KEEPALIVE","channel":0}
2025-01-24 17:29:53.882 | DEBUG    | __main__:_message_handler:416 - Raw message received: {"type":"KEEPALIVE","channel":0}
2025-01-24 17:30:11.277 | DEBUG    | __main__:_message_handler:416 - Raw message received: {"type":"FEED_DATA","channel":3,"data":["Greeks",["Greeks",".SPY250124C610",0.425005297224554,0.1262065419430087,0.374161166908514,0.230460025625611,-0.425005297224554,0.001040045736987276,0.0493666544728113,"Greeks",".SPY250124P610",0.940025919294252,0.1231683442752684,-0.628858853886426,0.235533422201268,-0.410025919294279,-0.001755581255908617,0.0492388463532114]]}
2025-01-24 17:30:11.280 | INFO     | __main__:handle_greeks:576 - Current Straddle PnL: $-1218.59
2025-01-24 17:30:23.881 | DEBUG    | __main__:_message_handler:416 - Raw message received: {"type":"KEEPALIVE","channel":0}
2025-01-24 17:30:53.878 | DEBUG    | __main__:_message_handler:416 - Raw message received: {"type":"KEEPALIVE","channel":0}
2025-01-24 17:31:10.240 | DEBUG    | __main__:_message_handler:416 - Raw message received: {"type":"FEED_DATA","channel":3,"data":["Greeks",["Greeks",".SPY250124C610",0.405006531087199,0.1246555937609907,0.36539551699714,0.23202794785341,-0.405006531087199,0.001011446789590105,0.0488825028604311,"Greeks",".SPY250124P610",0.96500436258342,0.1246551501453701,-0.634604946977104,0.232028675070157,-0.405004362583475,-0.001764233796564723,0.0488824821066839]]}
2025-01-24 17:31:10.242 | INFO     | __main__:handle_greeks:576 - Current Straddle PnL: $-1218.61
2025-01-24 17:31:23.879 | DEBUG    | __main__:_message_handler:416 - Raw message received: {"type":"KEEPALIVE","channel":0}
2025-01-24 17:31:53.886 | DEBUG    | __main__:_message_handler:416 - Raw message received: {"type":"KEEPALIVE","channel":0}
2025-01-24 17:32:16.253 | DEBUG    | __main__:_message_handler:416 - Raw message received: {"type":"FEED_DATA","channel":3,"data":["Greeks",["Greeks",".SPY250124C610",0.445006046504971,0.1230198992534578,0.394360383748771,0.241106042841014,-0.445006046504971,0.001087256264907756,0.0499402128023756,"Greeks",".SPY250124P610",0.875010901429543,0.1230208714005448,-0.605638793282516,0.241104275702762,-0.445010901429593,-0.00167681500944336,0.0499402414180966]]}
2025-01-24 17:32:16.254 | INFO     | __main__:handle_greeks:576 - Current Straddle PnL: $-1218.57
2025-01-24 17:32:23.878 | DEBUG    | __main__:_message_handler:416 - Raw message received: {"type":"KEEPALIVE","channel":0}
2025-01-24 17:32:53.886 | DEBUG    | __main__:_message_handler:416 - Raw message received: {"type":"KEEPALIVE","channel":0}
2025-01-24 17:33:04.744 | DEBUG    | __main__:_message_handler:416 - Raw message received: {"type":"FEED_DATA","channel":3,"data":["Greeks",["Greeks",".SPY250124C610",0.465006141377406,0.1216593870657283,0.410132395145591,0.246765996432137,-0.465006141377406,0.001126111560027145,0.0503465955014377,"Greeks",".SPY250124P610",0.835008069808164,0.1236253230710436,-0.588446225623998,0.243041929324761,-0.474908069808176,-0.001622490870560473,0.0503880802986879]]}
2025-01-24 17:33:04.745 | INFO     | __main__:handle_greeks:576 - Current Straddle PnL: $-1218.55
2025-01-24 17:33:23.878 | DEBUG    | __main__:_message_handler:416 - Raw message received: {"type":"KEEPALIVE","channel":0}
2025-01-24 17:33:53.890 | DEBUG    | __main__:_message_handler:416 - Raw message received: {"type":"KEEPALIVE","channel":0}
2025-01-24 17:34:02.252 | DEBUG    | __main__:_message_handler:416 - Raw message received: {"type":"FEED_DATA","channel":3,"data":["Greeks",["Greeks",".SPY250124C610",0.445005925303665,0.1231428688287552,0.395234451442175,0.242027631391454,-0.445005925303665,0.001080528818064705,0.0497606265821065,"Greeks",".SPY250124P610",0.865013587231677,0.1221393042163483,-0.605614270345775,0.243872783705668,-0.440013587231723,-0.001662635316570717,0.0497313673205514]]}
2025-01-24 17:34:02.254 | INFO     | __main__:handle_greeks:576 - Current Straddle PnL: $-1218.57
2025-01-24 17:34:23.878 | DEBUG    | __main__:_message_handler:416 - Raw message received: {"type":"KEEPALIVE","channel":0}
2025-01-24 17:34:53.880 | DEBUG    | __main__:_message_handler:416 - Raw message received: {"type":"KEEPALIVE","channel":0}
2025-01-24 17:35:04.738 | DEBUG    | __main__:_message_handler:416 - Raw message received: {"type":"FEED_DATA","channel":3,"data":["Greeks",["Greeks",".SPY250124C610",0.46500636747243,0.1206326526770548,0.413691911781028,0.250424012401084,-0.46500636747243,0.00112635895267787,0.0502375978875404,"Greeks",".SPY250124P610",0.815005990461419,0.1223637591345332,-0.585091723753181,0.247048095768308,-0.473705990461373,-0.001599618232199404,0.0502715573059263]]}
2025-01-24 17:35:04.740 | INFO     | __main__:handle_greeks:576 - Current Straddle PnL: $-1218.55
2025-01-24 17:35:23.879 | DEBUG    | __main__:_message_handler:416 - Raw message received: {"type":"KEEPALIVE","channel":0}
2025-01-24 17:35:53.885 | DEBUG    | __main__:_message_handler:416 - Raw message received: {"type":"KEEPALIVE","channel":0}
2025-01-24 17:36:05.252 | DEBUG    | __main__:_message_handler:416 - Raw message received: {"type":"FEED_DATA","channel":3,"data":["Greeks",["Greeks",".SPY250124C610",0.455005740857234,0.1205099432370282,0.408479685142937,0.250466381284423,-0.455005740857234,0.00110742080760537,0.0499783055357414,"Greeks",".SPY250124P610",0.82500920908117,0.1223107003649793,-0.590181584110163,0.246974224200395,-0.46400920908118,-0.001606633452147455,0.0500178808374969]]}
2025-01-24 17:36:05.254 | INFO     | __main__:handle_greeks:576 - Current Straddle PnL: $-1218.56
2025-01-24 17:36:23.880 | DEBUG    | __main__:_message_handler:416 - Raw message received: {"type":"KEEPALIVE","channel":0}
2025-01-24 17:36:53.889 | DEBUG    | __main__:_message_handler:416 - Raw message received: {"type":"KEEPALIVE","channel":0}
2025-01-24 17:37:04.742 | DEBUG    | __main__:_message_handler:416 - Raw message received: {"type":"FEED_DATA","channel":3,"data":["Greeks",["Greeks",".SPY250124C610",0.495005581767723,0.1176750567017635,0.440020161877035,0.260982407477926,-0.495005581767723,0.001188069314491726,0.0506562309216919,"Greeks",".SPY250124P610",0.735011270663788,0.1196498933559739,-0.558980896246028,0.256772143810384,-0.50501127066377,-0.001515317516253892,0.0506754304764752]]}
2025-01-24 17:37:04.744 | INFO     | __main__:handle_greeks:576 - Current Straddle PnL: $-1218.52
2025-01-24 17:37:23.880 | DEBUG    | __main__:_message_handler:416 - Raw message received: {"type":"KEEPALIVE","channel":0}
2025-01-24 17:37:53.881 | DEBUG    | __main__:_message_handler:416 - Raw message received: {"type":"KEEPALIVE","channel":0}
2025-01-24 17:38:02.736 | DEBUG    | __main__:_message_handler:416 - Raw message received: {"type":"FEED_DATA","channel":3,"data":["Greeks",["Greeks",".SPY250124C610",0.535005944531716,0.1168859436878636,0.465918651580482,0.265309388500069,-0.535005944531716,0.001252758579251257,0.050948093786858,"Greeks",".SPY250124P610",0.675005389902219,0.1188484948436668,-0.533503637164112,0.260960483122772,-0.545005389902223,-0.001440168135826885,0.0509543736168433]]}
2025-01-24 17:38:02.737 | INFO     | __main__:handle_greeks:576 - Current Straddle PnL: $-1218.48
2025-01-24 17:38:23.891 | DEBUG    | __main__:_message_handler:416 - Raw message received: {"type":"KEEPALIVE","channel":0}
2025-01-24 17:38:53.882 | DEBUG    | __main__:_message_handler:416 - Raw message received: {"type":"KEEPALIVE","channel":0}
2025-01-24 17:39:06.246 | DEBUG    | __main__:_message_handler:416 - Raw message received: {"type":"FEED_DATA","channel":3,"data":["Greeks",["Greeks",".SPY250124C610",0.605005204073111,0.1177303939871671,0.502691015735395,0.264876820126919,-0.596705204073148,0.001345993452894821,0.0510349647898681,"Greeks",".SPY250124P610",0.605006080236071,0.1193569013368312,-0.497332139792688,0.261267377078921,-0.605006080236071,-0.001336938023336748,0.0510349846855685]]}
2025-01-24 17:39:06.247 | INFO     | __main__:handle_greeks:576 - Current Straddle PnL: $-1218.41
2025-01-24 17:39:23.888 | DEBUG    | __main__:_message_handler:416 - Raw message received: {"type":"KEEPALIVE","channel":0}
2025-01-24 17:39:53.893 | DEBUG    | __main__:_message_handler:416 - Raw message received: {"type":"KEEPALIVE","channel":0}
2025-01-24 17:40:04.228 | DEBUG    | __main__:_message_handler:416 - Raw message received: {"type":"FEED_DATA","channel":3,"data":["Greeks",["Greeks",".SPY250124C610",0.545005660872918,0.1165862399519387,0.473696895425885,0.267527439181244,-0.545005660872918,0.001262757918188243,0.0508058668696418,"Greeks",".SPY250124P610",0.645005823378507,0.1165862719375261,-0.526303097101846,0.267527366116097,-0.545005823378484,-0.001408469123703001,0.0508058669325654]]}
2025-01-24 17:40:04.229 | INFO     | __main__:handle_greeks:576 - Current Straddle PnL: $-1218.47
2025-01-24 17:40:23.890 | DEBUG    | __main__:_message_handler:416 - Raw message received: {"type":"KEEPALIVE","channel":0}
2025-01-24 17:40:53.895 | DEBUG    | __main__:_message_handler:416 - Raw message received: {"type":"KEEPALIVE","channel":0}
2025-01-24 17:41:10.242 | DEBUG    | __main__:_message_handler:416 - Raw message received: {"type":"FEED_DATA","channel":3,"data":["Greeks",["Greeks",".SPY250124C610",0.585004508463248,0.1151262660474769,0.500479511892183,0.272057373065524,-0.585004508463248,0.001328535415226169,0.0508141405804911,"Greeks",".SPY250124P610",0.605007024313687,0.119062673535969,-0.499504092603021,0.263062696375886,-0.605007024313687,-0.00133112966131056,0.0508141380274899]]}
2025-01-24 17:41:10.248 | INFO     | __main__:handle_greeks:576 - Current Straddle PnL: $-1218.43
2025-01-24 17:41:23.893 | DEBUG    | __main__:_message_handler:416 - Raw message received: {"type":"KEEPALIVE","channel":0}
2025-01-24 17:41:53.900 | DEBUG    | __main__:_message_handler:416 - Raw message received: {"type":"KEEPALIVE","channel":0}
2025-01-24 17:42:10.252 | DEBUG    | __main__:_message_handler:416 - Raw message received: {"type":"FEED_DATA","channel":3,"data":["Greeks",["Greeks",".SPY250124C610",0.5950074965683,0.116361390975466,0.503181132228386,0.269746026811218,-0.585007496568309,0.001329870344365363,0.0507024045940467,"Greeks",".SPY250124P610",0.58500819525293,0.1163615287765682,-0.496818870393424,0.269745707378711,-0.58500819525293,-0.001318145159014704,0.0507024045967038]]}
2025-01-24 17:42:10.254 | INFO     | __main__:handle_greeks:576 - Current Straddle PnL: $-1218.42
2025-01-24 17:42:23.899 | DEBUG    | __main__:_message_handler:416 - Raw message received: {"type":"KEEPALIVE","channel":0}
2025-01-24 17:42:53.901 | DEBUG    | __main__:_message_handler:416 - Raw message received: {"type":"KEEPALIVE","channel":0}
2025-01-24 17:43:06.739 | DEBUG    | __main__:_message_handler:416 - Raw message received: {"type":"FEED_DATA","channel":3,"data":["Greeks",["Greeks",".SPY250124C610",0.475006629219291,0.1186953100940328,0.429290953197106,0.260977704371216,-0.475006629219291,0.001129232994842208,0.0497731575565725,"Greeks",".SPY250124P610",0.745006308828898,0.1186952457239365,-0.570709085270772,0.260977841347502,-0.475006308828917,-0.00150717700811331,0.0497731566877411]]}
2025-01-24 17:43:06.741 | INFO     | __main__:handle_greeks:576 - Current Straddle PnL: $-1218.54
2025-01-24 17:43:23.903 | DEBUG    | __main__:_message_handler:416 - Raw message received: {"type":"KEEPALIVE","channel":0}
2025-01-24 17:43:53.897 | DEBUG    | __main__:_message_handler:416 - Raw message received: {"type":"KEEPALIVE","channel":0}
2025-01-24 17:44:01.754 | DEBUG    | __main__:_message_handler:416 - Raw message received: {"type":"FEED_DATA","channel":3,"data":["Greeks",["Greeks",".SPY250124C610",0.435006876288679,0.1233763927469402,0.39440932545419,0.246709237472088,-0.435006876288679,0.00103266261276324,0.0486682760059116,"Greeks",".SPY250124P610",0.855006661876333,0.1233763486910437,-0.605590711709373,0.246709319187862,-0.435006661876374,-0.00159214160289604,0.0486682747472321]]}
2025-01-24 17:44:01.754 | INFO     | __main__:handle_greeks:576 - Current Straddle PnL: $-1218.58
2025-01-24 17:44:23.904 | DEBUG    | __main__:_message_handler:416 - Raw message received: {"type":"KEEPALIVE","channel":0}
2025-01-24 17:44:53.910 | DEBUG    | __main__:_message_handler:416 - Raw message received: {"type":"KEEPALIVE","channel":0}
2025-01-24 17:45:05.731 | DEBUG    | __main__:_message_handler:416 - Raw message received: {"type":"FEED_DATA","channel":3,"data":["Greeks",["Greeks",".SPY250124C610",0.395005848825415,0.1278923224007371,0.360155154728109,0.231947824724944,-0.395005848825415,9.38569802272094E-4,0.0471966008326507,"Greeks",".SPY250124P610",0.970036932939734,0.1268389453879076,-0.640965038231084,0.233622374586331,-0.390036932939693,-0.001677531749520221,0.0471457989424215]]}
2025-01-24 17:45:05.732 | INFO     | __main__:handle_greeks:576 - Current Straddle PnL: $-1218.62
2025-01-24 17:45:23.903 | DEBUG    | __main__:_message_handler:416 - Raw message received: {"type":"KEEPALIVE","channel":0}
2025-01-24 17:45:53.905 | DEBUG    | __main__:_message_handler:416 - Raw message received: {"type":"KEEPALIVE","channel":0}
2025-01-24 17:46:03.267 | DEBUG    | __main__:_message_handler:416 - Raw message received: {"type":"FEED_DATA","channel":3,"data":["Greeks",["Greeks",".SPY250124C610",0.385008109792128,0.1252892300729681,0.359417608433223,0.237122636855436,-0.385008109792128,9.32542337415573E-4,0.047059122816166,"Greeks",".SPY250124P610",0.950026025255455,0.124229954429091,-0.641737770146118,0.23887733966894,-0.380026025255405,-0.001672031787764675,0.0470065471189474]]}
2025-01-24 17:46:03.268 | INFO     | __main__:handle_greeks:576 - Current Straddle PnL: $-1218.63
2025-01-24 17:46:23.907 | DEBUG    | __main__:_message_handler:416 - Raw message received: {"type":"KEEPALIVE","channel":0}
2025-01-24 17:46:53.906 | DEBUG    | __main__:_message_handler:416 - Raw message received: {"type":"KEEPALIVE","channel":0}
2025-01-24 17:47:07.252 | DEBUG    | __main__:_message_handler:416 - Raw message received: {"type":"FEED_DATA","channel":3,"data":["Greeks",["Greeks",".SPY250124C610",0.38500966175696,0.1248034120336397,0.360972173465198,0.238929538857262,-0.38500966175696,9.32420167008082E-4,0.0470246881928775,"Greeks",".SPY250124P610",0.940000943060457,0.123737701459557,-0.640183150799269,0.240721623346808,-0.380000943060511,-0.001660534861626994,0.0469728345979555]]}
2025-01-24 17:47:07.253 | INFO     | __main__:handle_greeks:576 - Current Straddle PnL: $-1218.63
2025-01-24 17:47:23.904 | DEBUG    | __main__:_message_handler:416 - Raw message received: {"type":"KEEPALIVE","channel":0}
2025-01-24 17:47:53.900 | DEBUG    | __main__:_message_handler:416 - Raw message received: {"type":"KEEPALIVE","channel":0}
2025-01-24 17:48:08.254 | DEBUG    | __main__:_message_handler:416 - Raw message received: {"type":"FEED_DATA","channel":3,"data":["Greeks",["Greeks",".SPY250124C610",0.405011298351263,0.1222661421673149,0.380039397873622,0.248513514561583,-0.405011298351263,9.77419438451696E-4,0.0477159578652294,"Greeks",".SPY250124P610",0.875007573771042,0.1222653615937722,-0.619961350583993,0.248514951960082,-0.405007573771015,-0.001600963457764774,0.0477159292228498]]}
2025-01-24 17:48:08.255 | INFO     | __main__:handle_greeks:576 - Current Straddle PnL: $-1218.61
2025-01-24 17:48:23.901 | DEBUG    | __main__:_message_handler:416 - Raw message received: {"type":"KEEPALIVE","channel":0}
2025-01-24 17:48:53.906 | DEBUG    | __main__:_message_handler:416 - Raw message received: {"type":"KEEPALIVE","channel":0}
2025-01-24 17:49:08.746 | DEBUG    | __main__:_message_handler:416 - Raw message received: {"type":"FEED_DATA","channel":3,"data":["Greeks",["Greeks",".SPY250124C610",0.385007107825791,0.1238193216708123,0.36413809472481,0.24262620201157,-0.385007107825791,9.32213182591134E-4,0.0469542096291897,"Greeks",".SPY250124P610",0.920029902050222,0.1227587521197272,-0.636996817966541,0.244464328833256,-0.380029902050259,-0.001637451560923378,0.0469047015466717]]}
2025-01-24 17:49:08.747 | INFO     | __main__:handle_greeks:576 - Current Straddle PnL: $-1218.63
2025-01-24 17:49:23.915 | DEBUG    | __main__:_message_handler:416 - Raw message received: {"type":"KEEPALIVE","channel":0}
2025-01-24 17:49:53.901 | DEBUG    | __main__:_message_handler:416 - Raw message received: {"type":"KEEPALIVE","channel":0}
2025-01-24 17:50:08.254 | DEBUG    | __main__:_message_handler:416 - Raw message received: {"type":"FEED_DATA","channel":3,"data":["Greeks",["Greeks",".SPY250124C610",0.415006729607492,0.1225025228714163,0.3872301449325,0.250538246889474,-0.415006729607492,9.86986548663789E-4,0.047768527420132,"Greeks",".SPY250124P610",0.860027355101766,0.1235531848622457,-0.611828322452133,0.248582018847693,-0.420027355101712,-0.001565799857620119,0.0478020412037935]]}
2025-01-24 17:50:08.255 | INFO     | __main__:handle_greeks:576 - Current Straddle PnL: $-1218.60
2025-01-24 17:50:23.908 | DEBUG    | __main__:_message_handler:416 - Raw message received: {"type":"KEEPALIVE","channel":0}
2025-01-24 17:50:53.904 | DEBUG    | __main__:_message_handler:416 - Raw message received: {"type":"KEEPALIVE","channel":0}
2025-01-24 17:51:08.260 | DEBUG    | __main__:_message_handler:416 - Raw message received: {"type":"FEED_DATA","channel":3,"data":["Greeks",["Greeks",".SPY250124C610",0.425006273288867,0.1220085807884455,0.395377135885831,0.253591451751889,-0.425006273288867,0.001003226949460856,0.0479424822898772,"Greeks",".SPY250124P610",0.835007305186499,0.1230513983368708,-0.603748404853802,0.251593180911911,-0.430007305186526,-0.001538134576480442,0.0479712406437782]]}
2025-01-24 17:51:08.262 | INFO     | __main__:handle_greeks:576 - Current Straddle PnL: $-1218.59
2025-01-24 17:51:23.905 | DEBUG    | __main__:_message_handler:416 - Raw message received: {"type":"KEEPALIVE","channel":0}
2025-01-24 17:51:54.209 | DEBUG    | __main__:_message_handler:416 - Raw message received: {"type":"KEEPALIVE","channel":0}
2025-01-24 17:52:06.766 | DEBUG    | __main__:_message_handler:416 - Raw message received: {"type":"FEED_DATA","channel":3,"data":["Greeks",["Greeks",".SPY250124C610",0.425006287104024,0.1227008281983733,0.394460884655413,0.252579822102404,-0.425006287104024,9.96322941028062E-4,0.0478022623951977,"Greeks",".SPY250124P610",0.825006485209273,0.1206076049940099,-0.607342890868951,0.256638302272142,-0.415006485209304,-0.001540157414378111,0.0477417650729804]]}
2025-01-24 17:52:06.768 | INFO     | __main__:handle_greeks:576 - Current Straddle PnL: $-1218.59
2025-01-24 17:52:23.904 | DEBUG    | __main__:_message_handler:416 - Raw message received: {"type":"KEEPALIVE","channel":0}
2025-01-24 17:52:53.919 | DEBUG    | __main__:_message_handler:416 - Raw message received: {"type":"KEEPALIVE","channel":0}
2025-01-24 17:53:02.750 | DEBUG    | __main__:_message_handler:416 - Raw message received: {"type":"FEED_DATA","channel":3,"data":["Greeks",["Greeks",".SPY250124C610",0.395006340531486,0.1247335870210632,0.371219534926287,0.244592807856962,-0.395006340531486,9.33189637488744E-4,0.046826493661386,"Greeks",".SPY250124P610",0.895005248069503,0.1225957832935579,-0.630960921044916,0.248382049914251,-0.385005248069512,-0.001592612027152985,0.0467369411021799]]}
2025-01-24 17:53:02.751 | INFO     | __main__:handle_greeks:576 - Current Straddle PnL: $-1218.62
2025-01-24 17:53:23.908 | DEBUG    | __main__:_message_handler:416 - Raw message received: {"type":"KEEPALIVE","channel":0}
2025-01-24 17:53:53.906 | DEBUG    | __main__:_message_handler:416 - Raw message received: {"type":"KEEPALIVE","channel":0}
2025-01-24 17:53:56.776 | DEBUG    | __main__:_message_handler:416 - Raw message received: {"type":"FEED_DATA","channel":3,"data":["Greeks",["Greeks",".SPY250124C610",0.38500657677297,0.1252430360554467,0.364137974666243,0.242626396688139,-0.38500657677297,9.11137604680378E-4,0.046420404780863,"Greeks",".SPY250124P610",0.915005868505274,0.1230863627282395,-0.638162409774927,0.24634763672747,-0.375005868505311,-0.001603333324071578,0.0463207546603397]]}
2025-01-24 17:53:56.778 | INFO     | __main__:handle_greeks:576 - Current Straddle PnL: $-1218.63
2025-01-24 17:54:23.915 | DEBUG    | __main__:_message_handler:416 - Raw message received: {"type":"KEEPALIVE","channel":0}
2025-01-24 17:54:53.912 | DEBUG    | __main__:_message_handler:416 - Raw message received: {"type":"KEEPALIVE","channel":0}
2025-01-24 17:55:08.241 | DEBUG    | __main__:_message_handler:416 - Raw message received: {"type":"FEED_DATA","channel":3,"data":["Greeks",["Greeks",".SPY250124C610",0.365006460612023,0.1250757958759609,0.35155670093705,0.240563256161063,-0.365006460612023,8.7554315442449E-4,0.0457440764858535,"Greeks",".SPY250124P610",0.940023525450713,0.1217939561200286,-0.652270638635122,0.246060937240663,-0.350023525450681,-0.001631084167496999,0.0455617825457017]]}
2025-01-24 17:55:08.242 | INFO     | __main__:handle_greeks:576 - Current Straddle PnL: $-1218.65
2025-01-24 17:55:23.908 | DEBUG    | __main__:_message_handler:416 - Raw message received: {"type":"KEEPALIVE","channel":0}
2025-01-24 17:55:53.910 | DEBUG    | __main__:_message_handler:416 - Raw message received: {"type":"KEEPALIVE","channel":0}
2025-01-24 17:56:02.747 | DEBUG    | __main__:_message_handler:416 - Raw message received: {"type":"FEED_DATA","channel":3,"data":["Greeks",["Greeks",".SPY250124C610",0.345006455062534,0.1240016942783281,0.340351302902865,0.240317536259579,-0.345006455062534,8.43675645964961E-4,0.0450884557850112,"Greeks",".SPY250124P610",0.955006474567879,0.119574214953845,-0.665249286974103,0.247619719875261,-0.325106474567858,-0.001655684067273283,0.044799693808389]]}
2025-01-24 17:56:02.752 | INFO     | __main__:handle_greeks:576 - Current Straddle PnL: $-1218.67
2025-01-24 17:56:23.913 | DEBUG    | __main__:_message_handler:416 - Raw message received: {"type":"KEEPALIVE","channel":0}
2025-01-24 17:56:53.912 | DEBUG    | __main__:_message_handler:416 - Raw message received: {"type":"KEEPALIVE","channel":0}
2025-01-24 17:57:06.740 | DEBUG    | __main__:_message_handler:416 - Raw message received: {"type":"FEED_DATA","channel":3,"data":["Greeks",["Greeks",".SPY250124C610",0.335005574990504,0.1258124225620904,0.33034800065953,0.234678155939566,-0.335005574990504,8.14987715271709E-4,0.0444574356732766,"Greeks",".SPY250124P610",0.98505084087039,0.1190373929523275,-0.67870327893961,0.245237196710764,-0.30505084087044,-0.001681186794696463,0.0439559799665254]]}
2025-01-24 17:57:06.742 | INFO     | __main__:handle_greeks:576 - Current Straddle PnL: $-1218.68
2025-01-24 17:57:23.910 | DEBUG    | __main__:_message_handler:416 - Raw message received: {"type":"KEEPALIVE","channel":0}
2025-01-24 17:57:53.910 | DEBUG    | __main__:_message_handler:416 - Raw message received: {"type":"KEEPALIVE","channel":0}
2025-01-24 17:58:08.286 | DEBUG    | __main__:_message_handler:416 - Raw message received: {"type":"FEED_DATA","channel":3,"data":["Greeks",["Greeks",".SPY250124C610",0.355004989582406,0.122980845784009,0.350576828556722,0.246131979327585,-0.355004989582406,8.60979580648974E-4,0.0453789145604802,"Greeks",".SPY250124P610",0.930027172059154,0.1218831682734806,-0.650711446976215,0.248015851170379,-0.350027172059113,-0.001604492411731894,0.0453181066439759]]}
2025-01-24 17:58:08.288 | INFO     | __main__:handle_greeks:576 - Current Straddle PnL: $-1218.66
2025-01-24 17:58:23.911 | DEBUG    | __main__:_message_handler:416 - Raw message received: {"type":"KEEPALIVE","channel":0}
2025-01-24 17:58:53.915 | DEBUG    | __main__:_message_handler:416 - Raw message received: {"type":"KEEPALIVE","channel":0}
2025-01-24 17:59:06.255 | DEBUG    | __main__:_message_handler:416 - Raw message received: {"type":"FEED_DATA","channel":3,"data":["Greeks",["Greeks",".SPY250124C610",0.365007644101347,0.1231345168731165,0.357836042846636,0.248198972291079,-0.365007644101347,8.74697792930316E-4,0.045605719364547,"Greeks",".SPY250124P610",0.900028672891504,0.1198440399619662,-0.645915679061868,0.254067257926655,-0.350028672891549,-0.001585145314942826,0.0454364782336696]]}
2025-01-24 17:59:06.256 | INFO     | __main__:handle_greeks:576 - Current Straddle PnL: $-1218.65
2025-01-24 17:59:23.913 | DEBUG    | __main__:_message_handler:416 - Raw message received: {"type":"KEEPALIVE","channel":0}
2025-01-24 17:59:53.918 | DEBUG    | __main__:_message_handler:416 - Raw message received: {"type":"KEEPALIVE","channel":0}
2025-01-24 18:00:07.257 | DEBUG    | __main__:_message_handler:416 - Raw message received: {"type":"FEED_DATA","channel":3,"data":["Greeks",["Greeks",".SPY250124C610",0.345008498482218,0.1255802253775918,0.339570311505563,0.239335869426672,-0.345008498482218,8.26007749619172E-4,0.0446257512668655,"Greeks",".SPY250124P610",0.970021582218088,0.1232938350626629,-0.663251267716744,0.242990071373647,-0.334821582218034,-0.001619937686923213,0.0444822125491762]]}
2025-01-24 18:00:07.261 | INFO     | __main__:handle_greeks:576 - Current Straddle PnL: $-1218.67
2025-01-24 18:00:23.917 | DEBUG    | __main__:_message_handler:416 - Raw message received: {"type":"KEEPALIVE","channel":0}
2025-01-24 18:00:54.211 | DEBUG    | __main__:_message_handler:416 - Raw message received: {"type":"KEEPALIVE","channel":0}
2025-01-24 18:01:05.775 | DEBUG    | __main__:_message_handler:416 - Raw message received: {"type":"FEED_DATA","channel":3,"data":["Greeks",["Greeks",".SPY250124C610",0.365005019671632,0.1213456329654883,0.362758504750371,0.254240079282671,-0.365005019671632,8.78395013949729E-4,0.0456055245458798,"Greeks",".SPY250124P610",0.875007458621099,0.1191509440770149,-0.639680995266102,0.258326322966793,-0.355007458621117,-0.001554987458406229,0.0455004234637169]]}
2025-01-24 18:01:05.777 | INFO     | __main__:handle_greeks:576 - Current Straddle PnL: $-1218.65
2025-01-24 18:01:23.914 | DEBUG    | __main__:_message_handler:416 - Raw message received: {"type":"KEEPALIVE","channel":0}
2025-01-24 18:01:53.919 | DEBUG    | __main__:_message_handler:416 - Raw message received: {"type":"KEEPALIVE","channel":0}
2025-01-24 18:02:05.243 | DEBUG    | __main__:_message_handler:416 - Raw message received: {"type":"FEED_DATA","channel":3,"data":["Greeks",["Greeks",".SPY250124C610",0.345006268679399,0.1242483126660234,0.343331332063319,0.24407037872531,-0.345006268679399,8.27258187356389E-4,0.0446010694154829,"Greeks",".SPY250124P610",0.940026442380078,0.1208820246309196,-0.6608154146405,0.24971017400897,-0.330026442380064,-0.001598590213482009,0.0443953679762949]]}
2025-01-24 18:02:05.244 | INFO     | __main__:handle_greeks:576 - Current Straddle PnL: $-1218.67
2025-01-24 18:02:23.917 | DEBUG    | __main__:_message_handler:416 - Raw message received: {"type":"KEEPALIVE","channel":0}
2025-01-24 18:02:53.916 | DEBUG    | __main__:_message_handler:416 - Raw message received: {"type":"KEEPALIVE","channel":0}
2025-01-24 18:03:12.756 | DEBUG    | __main__:_message_handler:416 - Raw message received: {"type":"FEED_DATA","channel":3,"data":["Greeks",["Greeks",".SPY250124C610",0.345006297607857,0.1236203486049559,0.345164100810097,0.246387995219203,-0.345006297607857,8.27702473591113E-4,0.0445835792789184,"Greeks",".SPY250124P610",0.935006929078972,0.1218239936784874,-0.657011431057419,0.249428676276358,-0.337006929079015,-0.001581785132252473,0.0444779373199478]]}
2025-01-24 18:03:12.757 | INFO     | __main__:handle_greeks:576 - Current Straddle PnL: $-1218.67
2025-01-24 18:03:23.920 | DEBUG    | __main__:_message_handler:416 - Raw message received: {"type":"KEEPALIVE","channel":0}
2025-01-24 18:03:53.927 | DEBUG    | __main__:_message_handler:416 - Raw message received: {"type":"KEEPALIVE","channel":0}
2025-01-24 18:04:06.749 | DEBUG    | __main__:_message_handler:416 - Raw message received: {"type":"FEED_DATA","channel":3,"data":["Greeks",["Greeks",".SPY250124C610",0.31500892248722,0.1233403704779601,0.324417691966471,0.241630134392483,-0.31500892248722,7.74129426647352E-4,0.043401371869784,"Greeks",".SPY250124P610",0.990026039765771,0.1221911493663996,-0.677129356618421,0.243422668214164,-0.310026039765821,-0.001622236561478561,0.0433159537887917]]}
2025-01-24 18:04:06.751 | INFO     | __main__:handle_greeks:576 - Current Straddle PnL: $-1218.70
2025-01-24 18:04:23.929 | DEBUG    | __main__:_message_handler:416 - Raw message received: {"type":"KEEPALIVE","channel":0}
2025-01-24 18:04:53.930 | DEBUG    | __main__:_message_handler:416 - Raw message received: {"type":"KEEPALIVE","channel":0}
2025-01-24 18:05:07.756 | DEBUG    | __main__:_message_handler:416 - Raw message received: {"type":"FEED_DATA","channel":3,"data":["Greeks",["Greeks",".SPY250124C610",0.325005419350898,0.1236760151702827,0.331744778018483,0.243740011800165,-0.325005419350898,7.87801270062793E-4,0.0436908515160584,"Greeks",".SPY250124P610",0.960031930823819,0.120239535476998,-0.672780691462471,0.249326398327455,-0.310031930823842,-0.001603986586269926,0.0434503971617374]]}
2025-01-24 18:05:07.757 | INFO     | __main__:handle_greeks:576 - Current Straddle PnL: $-1218.69
2025-01-24 18:05:23.934 | DEBUG    | __main__:_message_handler:416 - Raw message received: {"type":"KEEPALIVE","channel":0}
2025-01-24 18:05:53.931 | DEBUG    | __main__:_message_handler:416 - Raw message received: {"type":"KEEPALIVE","channel":0}
2025-01-24 18:06:07.259 | DEBUG    | __main__:_message_handler:416 - Raw message received: {"type":"FEED_DATA","channel":3,"data":["Greeks",["Greeks",".SPY250124C610",0.325005272990083,0.1216858544825883,0.336214789809122,0.249632060667155,-0.325005272990083,7.94580879842834E-4,0.0438166750929435,"Greeks",".SPY250124P610",0.955007586420417,0.1239648490864082,-0.6609284163145,0.245846571865396,-0.335007586420413,-0.001568172234381275,0.0439604039218261]]}
2025-01-24 18:06:07.260 | INFO     | __main__:handle_greeks:576 - Current Straddle PnL: $-1218.69
2025-01-24 18:06:23.930 | DEBUG    | __main__:_message_handler:416 - Raw message received: {"type":"KEEPALIVE","channel":0}
2025-01-24 18:06:53.930 | DEBUG    | __main__:_message_handler:416 - Raw message received: {"type":"KEEPALIVE","channel":0}
2025-01-24 18:07:07.253 | DEBUG    | __main__:_message_handler:416 - Raw message received: {"type":"FEED_DATA","channel":3,"data":["Greeks",["Greeks",".SPY250124C610",0.305006398877577,0.1263799496115668,0.313026862551429,0.23403051193766,-0.305006398877577,7.36002476160104E-4,0.042437140102235,"Greeks",".SPY250124P610",1.035005947090674,0.1240180571644236,-0.690270034316874,0.237395764958021,-0.295005947090665,-0.001629593603935382,0.042242862401214]]}
2025-01-24 18:07:07.254 | INFO     | __main__:handle_greeks:576 - Current Straddle PnL: $-1218.71
2025-01-24 18:07:23.931 | DEBUG    | __main__:_message_handler:416 - Raw message received: {"type":"KEEPALIVE","channel":0}
2025-01-24 18:07:53.931 | DEBUG    | __main__:_message_handler:416 - Raw message received: {"type":"KEEPALIVE","channel":0}
2025-01-24 18:08:08.759 | DEBUG    | __main__:_message_handler:416 - Raw message received: {"type":"FEED_DATA","channel":3,"data":["Greeks",["Greeks",".SPY250124C610",0.305005719340669,0.1246963677331477,0.316654813789964,0.238939683577744,-0.305005719340669,7.40914276711617E-4,0.0425434699667769,"Greeks",".SPY250124P610",1.010029832626764,0.1227947361900212,-0.685984252353193,0.24177524642755,-0.29692983262671,-0.001611503902120886,0.0423918536277115]]}
2025-01-24 18:08:08.760 | INFO     | __main__:handle_greeks:576 - Current Straddle PnL: $-1218.71
2025-01-24 18:08:23.931 | DEBUG    | __main__:_message_handler:416 - Raw message received: {"type":"KEEPALIVE","channel":0}
2025-01-24 18:08:53.935 | DEBUG    | __main__:_message_handler:416 - Raw message received: {"type":"KEEPALIVE","channel":0}
2025-01-24 18:09:05.744 | DEBUG    | __main__:_message_handler:416 - Raw message received: {"type":"FEED_DATA","channel":3,"data":["Greeks",["Greeks",".SPY250124C610",0.255004490656116,0.1297323623349353,0.269995011516891,0.2138998834852062,-0.255004490656116,6.28388599993886E-4,0.0393965670861616,"Greeks",".SPY250124P610",1.190018360634102,0.1259066094054102,-0.736151422363524,0.2178503322385408,-0.240018360634056,-0.001720540464336945,0.0389409247943795]]}
2025-01-24 18:09:05.746 | INFO     | __main__:handle_greeks:576 - Current Straddle PnL: $-1218.76
2025-01-24 18:09:23.934 | DEBUG    | __main__:_message_handler:416 - Raw message received: {"type":"KEEPALIVE","channel":0}
2025-01-24 18:09:53.933 | DEBUG    | __main__:_message_handler:416 - Raw message received: {"type":"KEEPALIVE","channel":0}
2025-01-24 18:10:08.761 | DEBUG    | __main__:_message_handler:416 - Raw message received: {"type":"FEED_DATA","channel":3,"data":["Greeks",["Greeks",".SPY250124C610",0.235004808813863,0.1262778371158781,0.259604794362816,0.2159548292598141,-0.235004808813863,6.01221783141018E-4,0.0385209278797194,"Greeks",".SPY250124P610",1.195048529686174,0.1236818669116498,-0.744777291276925,0.2185458254431871,-0.2250485296861469,-0.001731957089124078,0.0381816974487]]}
2025-01-24 18:10:08.763 | INFO     | __main__:handle_greeks:576 - Current Straddle PnL: $-1218.78
2025-01-24 18:10:23.931 | DEBUG    | __main__:_message_handler:416 - Raw message received: {"type":"KEEPALIVE","channel":0}
2025-01-24 18:10:53.932 | DEBUG    | __main__:_message_handler:416 - Raw message received: {"type":"KEEPALIVE","channel":0}
2025-01-24 18:11:11.258 | DEBUG    | __main__:_message_handler:416 - Raw message received: {"type":"FEED_DATA","channel":3,"data":["Greeks",["Greeks",".SPY250124C610",0.2050037728097332,0.1290589729373872,0.230623795887342,0.1988101123312053,-0.2050037728097332,5.31310411517159E-4,0.0360437498137648,"Greeks",".SPY250124P610",1.315032698687081,0.1234493457427349,-0.779464580978743,0.2026487124752137,-0.1850326986870856,-0.001803336647308545,0.0351427653398183]]}
2025-01-24 18:11:11.261 | INFO     | __main__:handle_greeks:576 - Current Straddle PnL: $-1218.81
2025-01-24 18:11:23.934 | DEBUG    | __main__:_message_handler:416 - Raw message received: {"type":"KEEPALIVE","channel":0}
2025-01-24 18:11:53.946 | DEBUG    | __main__:_message_handler:416 - Raw message received: {"type":"KEEPALIVE","channel":0}
2025-01-24 18:12:05.734 | DEBUG    | __main__:_message_handler:416 - Raw message received: {"type":"FEED_DATA","channel":3,"data":["Greeks",["Greeks",".SPY250124C610",0.1650106885309319,0.133492480110647,0.190231343090563,0.1721460799946241,-0.1650106885309319,4.35884830328073E-4,0.0320925420399381,"Greeks",".SPY250124P610",1.535025087990249,0.1280491796401554,-0.819755762776161,0.1735528082237367,-0.1478250879902416,-0.001886808103955456,0.031035491326122]]}
2025-01-24 18:12:05.736 | INFO     | __main__:handle_greeks:576 - Current Straddle PnL: $-1218.85
2025-01-24 18:12:23.943 | DEBUG    | __main__:_message_handler:416 - Raw message received: {"type":"KEEPALIVE","channel":0}
2025-01-24 18:12:53.952 | DEBUG    | __main__:_message_handler:416 - Raw message received: {"type":"KEEPALIVE","channel":0}
2025-01-24 18:13:06.760 | DEBUG    | __main__:_message_handler:416 - Raw message received: {"type":"FEED_DATA","channel":3,"data":["Greeks",["Greeks",".SPY250124C610",0.1950085887426217,0.1275444970371035,0.2248229202826885,0.1993132364885134,-0.1950085887426217,5.12754868177403E-4,0.035351159181162,"Greeks",".SPY250124P610",1.325031749317576,0.1247038224914971,-0.780322416262344,0.201178122364838,-0.1850317493175895,-0.0017871950589391,0.0348872155552304]]}
2025-01-24 18:13:06.762 | INFO     | __main__:handle_greeks:576 - Current Straddle PnL: $-1218.82
2025-01-24 18:13:23.953 | DEBUG    | __main__:_message_handler:416 - Raw message received: {"type":"KEEPALIVE","channel":0}
2025-01-24 18:13:53.961 | DEBUG    | __main__:_message_handler:416 - Raw message received: {"type":"KEEPALIVE","channel":0}
2025-01-24 18:14:04.744 | DEBUG    | __main__:_message_handler:416 - Raw message received: {"type":"FEED_DATA","channel":3,"data":["Greeks",["Greeks",".SPY250124C610",0.165000778309609,0.1331422789996329,0.191371009086783,0.1741085671501152,-0.165000778309609,4.34086601759604E-4,0.0320483288767435,"Greeks",".SPY250124P610",1.505029746523514,0.1235091072477492,-0.826680221852786,0.1764186982495562,-0.1350297465235089,-0.001883434846582067,0.0301240150880297]]}
2025-01-24 18:14:04.745 | INFO     | __main__:handle_greeks:576 - Current Straddle PnL: $-1218.85
2025-01-24 18:14:23.961 | DEBUG    | __main__:_message_handler:416 - Raw message received: {"type":"KEEPALIVE","channel":0}
2025-01-24 18:14:53.961 | DEBUG    | __main__:_message_handler:416 - Raw message received: {"type":"KEEPALIVE","channel":0}
2025-01-24 18:15:11.807 | DEBUG    | __main__:_message_handler:416 - Raw message received: {"type":"FEED_DATA","channel":3,"data":["Greeks",["Greeks",".SPY250124C610",0.1650007658836853,0.1328838815298842,0.1920449564823642,0.1752675285160894,-0.1650007658836853,4.3340392815048E-4,0.0320359564469876,"Greeks",".SPY250124P610",1.500023525203447,0.1248963360376552,-0.822831095995878,0.1773561002620416,-0.1400235252034337,-0.001865146670790237,0.0304691090768901]]}
2025-01-24 18:15:11.813 | INFO     | __main__:handle_greeks:576 - Current Straddle PnL: $-1218.85
2025-01-24 18:15:23.962 | DEBUG    | __main__:_message_handler:416 - Raw message received: {"type":"KEEPALIVE","channel":0}
2025-01-24 18:15:53.962 | DEBUG    | __main__:_message_handler:416 - Raw message received: {"type":"KEEPALIVE","channel":0}
2025-01-24 18:16:06.248 | DEBUG    | __main__:_message_handler:416 - Raw message received: {"type":"FEED_DATA","channel":3,"data":["Greeks",["Greeks",".SPY250124C610",0.1650007575994811,0.1356232474469905,0.1893848450361566,0.1707127471482155,-0.1650007575994811,4.25174241212894E-4,0.0316793253082795,"Greeks",".SPY250124P610",1.530031717088107,0.1241853537067581,-0.831839947726777,0.1729892113679823,-0.1300317170881296,-0.001875833208574096,0.0293944427015282]]}
2025-01-24 18:16:06.251 | INFO     | __main__:handle_greeks:576 - Current Straddle PnL: $-1218.85
2025-01-24 18:16:23.964 | DEBUG    | __main__:_message_handler:416 - Raw message received: {"type":"KEEPALIVE","channel":0}
2025-01-24 18:16:53.962 | DEBUG    | __main__:_message_handler:416 - Raw message received: {"type":"KEEPALIVE","channel":0}
2025-01-24 18:17:05.763 | DEBUG    | __main__:_message_handler:416 - Raw message received: {"type":"FEED_DATA","channel":3,"data":["Greeks",["Greeks",".SPY250124C610",0.1850012234561731,0.1275666501444528,0.2175554505044182,0.1975900227781524,-0.1850012234561731,4.86107120840476E-4,0.0343376677074619,"Greeks",".SPY250124P610",1.34503309763202,0.1261147179907939,-0.785086926857508,0.1984557027539588,-0.1800330976320561,-0.001761599305961862,0.0340955725119754]]}
2025-01-24 18:17:05.765 | INFO     | __main__:handle_greeks:576 - Current Straddle PnL: $-1218.83
2025-01-24 18:17:23.969 | DEBUG    | __main__:_message_handler:416 - Raw message received: {"type":"KEEPALIVE","channel":0}
2025-01-24 18:17:53.963 | DEBUG    | __main__:_message_handler:416 - Raw message received: {"type":"KEEPALIVE","channel":0}
2025-01-24 18:18:07.761 | DEBUG    | __main__:_message_handler:416 - Raw message received: {"type":"FEED_DATA","channel":3,"data":["Greeks",["Greeks",".SPY250124C610",0.1650007152676379,0.1302773840712592,0.1962200359752716,0.1825221403803522,-0.1650007152676379,4.36075292723383E-4,0.0322111618950709,"Greeks",".SPY250124P610",1.460028247511508,0.1287268448949907,-0.806626443180017,0.1830860694488834,-0.1600282475115535,-0.001800447541369999,0.0319261267984412]]}
2025-01-24 18:18:07.763 | INFO     | __main__:handle_greeks:576 - Current Straddle PnL: $-1218.85
2025-01-24 18:18:23.970 | DEBUG    | __main__:_message_handler:416 - Raw message received: {"type":"KEEPALIVE","channel":0}
2025-01-24 18:18:53.965 | DEBUG    | __main__:_message_handler:416 - Raw message received: {"type":"KEEPALIVE","channel":0}
2025-01-24 18:19:07.764 | DEBUG    | __main__:_message_handler:416 - Raw message received: {"type":"FEED_DATA","channel":3,"data":["Greeks",["Greeks",".SPY250124C610",0.1749997325648887,0.1324668891966936,0.2032068021450392,0.1837967973743027,-0.1749997325648887,4.49252260112081E-4,0.0328117756454433,"Greeks",".SPY250124P610",1.440027264420823,0.1278465098637439,-0.805192390433666,0.1856560256680388,-0.16002726442085,-0.001787889353771625,0.0319876534244855]]}
2025-01-24 18:19:07.767 | INFO     | __main__:handle_greeks:576 - Current Straddle PnL: $-1218.84
2025-01-24 18:19:23.966 | DEBUG    | __main__:_message_handler:416 - Raw message received: {"type":"KEEPALIVE","channel":0}
2025-01-24 18:19:53.967 | DEBUG    | __main__:_message_handler:416 - Raw message received: {"type":"KEEPALIVE","channel":0}
2025-01-24 18:20:04.761 | DEBUG    | __main__:_message_handler:416 - Raw message received: {"type":"FEED_DATA","channel":3,"data":["Greeks",["Greeks",".SPY250124C610",0.1749997329932779,0.1290726167698997,0.2077601350616938,0.1916116780669819,-0.1749997329932779,4.56975360865811E-4,0.0331625824518264,"Greeks",".SPY250124P610",1.380028691229905,0.1245028686106318,-0.800718711184377,0.1937682857099914,-0.1600286912298774,-0.001768640751472652,0.0323485120162271]]}
2025-01-24 18:20:04.762 | INFO     | __main__:handle_greeks:576 - Current Straddle PnL: $-1218.84
2025-01-24 18:20:23.976 | DEBUG    | __main__:_message_handler:416 - Raw message received: {"type":"KEEPALIVE","channel":0}
2025-01-24 18:20:53.972 | DEBUG    | __main__:_message_handler:416 - Raw message received: {"type":"KEEPALIVE","channel":0}
2025-01-24 18:21:02.765 | DEBUG    | __main__:_message_handler:416 - Raw message received: {"type":"FEED_DATA","channel":3,"data":["Greeks",["Greeks",".SPY250124C610",0.1649997869650849,0.1319196230936283,0.1955075408472768,0.1812760390202914,-0.1649997869650849,4.27699542622982E-4,0.0318877456295024,"Greeks",".SPY250124P610",1.445023212941035,0.1222417967052904,-0.822745491802906,0.1840999039470573,-0.1350232129410893,-0.00180756817305024,0.0300087080622551]]}
2025-01-24 18:21:02.768 | INFO     | __main__:handle_greeks:576 - Current Straddle PnL: $-1218.85
2025-01-24 18:21:23.973 | DEBUG    | __main__:_message_handler:416 - Raw message received: {"type":"KEEPALIVE","channel":0}
2025-01-24 18:21:53.969 | DEBUG    | __main__:_message_handler:416 - Raw message received: {"type":"KEEPALIVE","channel":0}
2025-01-24 18:22:02.770 | DEBUG    | __main__:_message_handler:416 - Raw message received: {"type":"FEED_DATA","channel":3,"data":["Greeks",["Greeks",".SPY250124C610",0.1649993448044375,0.1334973345199876,0.1941029888225044,0.1788289870968697,-0.1649993448044375,4.22363915203899E-4,0.0316631374578696,"Greeks",".SPY250124P610",1.470030913785962,0.1254206134907335,-0.820847529757981,0.1811277661925081,-0.1400309137859206,-0.001793907179790672,0.0301298789667069]]}
2025-01-24 18:22:02.772 | INFO     | __main__:handle_greeks:576 - Current Straddle PnL: $-1218.85
2025-01-24 18:22:23.966 | DEBUG    | __main__:_message_handler:416 - Raw message received: {"type":"KEEPALIVE","channel":0}
2025-01-24 18:22:53.979 | DEBUG    | __main__:_message_handler:416 - Raw message received: {"type":"KEEPALIVE","channel":0}
2025-01-24 18:23:05.744 | DEBUG    | __main__:_message_handler:416 - Raw message received: {"type":"FEED_DATA","channel":3,"data":["Greeks",["Greeks",".SPY250124C610",0.1649987796751906,0.1344429962899641,0.1934377207286219,0.1776753988619473,-0.1649987796751906,4.18670708685455E-4,0.0315123644679652,"Greeks",".SPY250124P610",1.460029445657974,0.1196325761698365,-0.834653163425108,0.1809016717166859,-0.1204294456579556,-0.001814232153972922,0.0285500941008896]]}
2025-01-24 18:23:05.745 | INFO     | __main__:handle_greeks:576 - Current Straddle PnL: $-1218.85
2025-01-24 18:23:23.968 | DEBUG    | __main__:_message_handler:416 - Raw message received: {"type":"KEEPALIVE","channel":0}
2025-01-24 18:23:53.966 | DEBUG    | __main__:_message_handler:416 - Raw message received: {"type":"KEEPALIVE","channel":0}
2025-01-24 18:24:02.761 | DEBUG    | __main__:_message_handler:416 - Raw message received: {"type":"FEED_DATA","channel":3,"data":["Greeks",["Greeks",".SPY250124C610",0.1549988489484197,0.1352520777437298,0.1836859683343538,0.1715438359691733,-0.1549988489484197,3.95406816731151E-4,0.030438395017381,"Greeks",".SPY250124P610",1.525024094595405,0.1250744803917498,-0.835208942054502,0.1731342842120335,-0.125024094595428,-0.001805788534861841,0.0284089033448317]]}
2025-01-24 18:24:02.763 | INFO     | __main__:handle_greeks:576 - Current Straddle PnL: $-1218.86
2025-01-24 18:24:23.967 | DEBUG    | __main__:_message_handler:416 - Raw message received: {"type":"KEEPALIVE","channel":0}
2025-01-24 18:24:53.966 | DEBUG    | __main__:_message_handler:416 - Raw message received: {"type":"KEEPALIVE","channel":0}
2025-01-24 18:25:05.254 | DEBUG    | __main__:_message_handler:416 - Raw message received: {"type":"FEED_DATA","channel":3,"data":["Greeks",["Greeks",".SPY250124C610",0.1449989087693841,0.1377376805638014,0.1721318813479536,0.1621456082432905,-0.1449989087693841,3.68490109863451E-4,0.0291333617906419,"Greeks",".SPY250124P610",1.610020345987355,0.1282740895048694,-0.845121995578835,0.1625625697065937,-0.1183203459873177,-0.001817368848524161,0.0272014555029908]]}
2025-01-24 18:25:05.942 | INFO     | __main__:handle_greeks:576 - Current Straddle PnL: $-1218.87
2025-01-24 18:25:23.967 | DEBUG    | __main__:_message_handler:416 - Raw message received: {"type":"KEEPALIVE","channel":0}
2025-01-24 18:25:53.971 | DEBUG    | __main__:_message_handler:416 - Raw message received: {"type":"KEEPALIVE","channel":0}
