2024-11-05 14:35:09.120 | INFO     | __main__:<module>:34 - Using environment: production
2024-11-05 14:35:09.593 | INFO     | __main__:is_market_open:166 - Current ET time: 09:35:09
2024-11-05 14:35:09.594 | INFO     | __main__:is_market_open:167 - Market open time: 09:30:00
2024-11-05 14:35:09.595 | INFO     | __main__:<module>:503 - Waiting for market open...
2024-11-05 14:35:39.596 | INFO     | __main__:is_market_open:166 - Current ET time: 09:35:39
2024-11-05 14:35:39.596 | INFO     | __main__:is_market_open:167 - Market open time: 09:30:00
2024-11-05 14:35:39.597 | INFO     | __main__:<module>:503 - Waiting for market open...
2024-11-05 14:36:09.600 | INFO     | __main__:is_market_open:166 - Current ET time: 09:36:09
2024-11-05 14:36:09.600 | INFO     | __main__:is_market_open:167 - Market open time: 09:30:00
2024-11-05 14:36:09.600 | INFO     | __main__:<module>:492 - Trading time reached - executing trading tasks
2024-11-05 14:36:09.639 | WARNING  | __main__:get_session_token:61 - Session token expired or invalid, generating new session token...
2024-11-05 14:36:09.640 | INFO     | __main__:get_session_token:71 - Using environment:production with base url: https://api.tastyworks.com/sessions
2024-11-05 14:36:09.642 | DEBUG    | __main__:get_session_token:76 - Generated payload.
2024-11-05 14:36:10.095 | INFO     | __main__:get_session_token:79 - Posted request: <Response [201]>
2024-11-05 14:36:10.095 | SUCCESS  | __main__:get_session_token:82 - Response status code: 201. Received session token.
2024-11-05 14:36:10.096 | DEBUG    | __main__:get_session_token:86 - Saved new session token expiring at: 2024-11-06 14:36:10.096507.
2024-11-05 14:36:10.104 | SUCCESS  | __main__:get_session_token:92 - Stored new session token and token expiry.
2024-11-05 14:36:10.486 | SUCCESS  | __main__:account_information_and_balances:119 - Retrieved account information for account 5WX16582 - a production account.
2024-11-05 14:36:10.891 | SUCCESS  | __main__:account_information_and_balances:128 - Retrieved account balances for account 5WX16582 - a production account.
2024-11-05 14:36:10.892 | INFO     | __main__:account_information_and_balances:133 - Option Buying Power: $40287.632
2024-11-05 14:36:12.826 | INFO     | __main__:get_underlying_regime:229 - Retrieved and calculated underlying regime.
2024-11-05 14:36:13.839 | INFO     | __main__:get_underlying_regime:229 - Retrieved and calculated underlying regime.
2024-11-05 14:36:14.340 | SUCCESS  | __main__:calculate_expected_move:273 - Calculated expected move.
2024-11-05 14:36:14.734 | INFO     | __main__:calculate_expected_move:296 - Generated Call-Side Trade | Short: 5760 Long: 5765
2024-11-05 14:36:15.572 | INFO     | __main__:get_underlying_regime:229 - Retrieved and calculated underlying regime.
2024-11-05 14:36:17.058 | SUCCESS  | __main__:calculate_expected_move:273 - Calculated expected move.
2024-11-05 14:36:17.941 | INFO     | __main__:calculate_expected_move:296 - Generated Call-Side Trade | Short: 5760 Long: 5765
2024-11-05 14:36:19.160 | SUCCESS  | __main__:get_option_chain_data:358 - Retrieved nested option chain.
2024-11-05 14:36:19.164 | SUCCESS  | __main__:get_option_chain_data:368 - Retrieved call-side tickers.
2024-11-05 14:36:19.616 | SUCCESS  | __main__:submit_order:471 - Validated order, no issues in preflight.
2024-11-05 14:36:20.150 | SUCCESS  | __main__:submit_order:480 - Sent order.
