2024-12-16 14:44:18.077 | INFO     | __main__:<module>:38 - Using environment: sandbox
2024-12-16 14:44:19.378 | SUCCESS  | __main__:get_session_token:60 - Found existing session token.
2024-12-16 14:44:19.380 | INFO     | __main__:get_session_token:61 - Existing session token will expire at 2024-12-16 19:32:09.956610.
2024-12-16 14:44:21.508 | INFO     | __main__:<module>:5 - Using environment: sandbox
2024-12-16 14:44:22.896 | SUCCESS  | __main__:get_session_token:60 - Found existing session token.
2024-12-16 14:44:22.897 | INFO     | __main__:get_session_token:61 - Existing session token will expire at 2024-12-16 19:32:09.956610.
2024-12-16 14:44:22.909 | SUCCESS  | __main__:get_quote_token:31 - Found existing quote token.
2024-12-16 14:44:22.911 | INFO     | __main__:get_quote_token:32 - Existing quote token will expire at 2024-12-16 19:43:30.269836.
2024-12-16 14:44:28.920 | SUCCESS  | __main__:get_session_token:60 - Found existing session token.
2024-12-16 14:44:28.922 | INFO     | __main__:get_session_token:61 - Existing session token will expire at 2024-12-16 19:32:09.956610.
2024-12-16 14:44:28.932 | SUCCESS  | __main__:get_quote_token:31 - Found existing quote token.
2024-12-16 14:44:28.933 | INFO     | __main__:get_quote_token:32 - Existing quote token will expire at 2024-12-16 19:43:30.269836.
2024-12-16 14:44:30.987 | SUCCESS  | __main__:get_closest_45_dte_spy_streamer_symbol:73 - Found streamer symbol: .SPY250131C340 for expiration 2025-01-31
2024-12-16 14:44:31.000 | INFO     | __main__:connect:34 - Connecting to wss://tasty-openapi-ws.dxfeed.com/realtime
2024-12-16 14:44:32.868 | INFO     | __main__:connect:46 - Sending SETUP message
2024-12-16 14:44:32.970 | INFO     | __main__:connect:52 - SETUP completed successfully
2024-12-16 14:44:32.971 | INFO     | __main__:connect:65 - Sending AUTH message
2024-12-16 14:44:33.071 | INFO     | __main__:connect:75 - Authorization successful
2024-12-16 14:44:33.073 | INFO     | __main__:connect:84 - Requesting channel
2024-12-16 14:44:33.180 | INFO     | __main__:connect:93 - Channel opened successfully
2024-12-16 14:44:33.182 | INFO     | __main__:connect:114 - Setting up feed
2024-12-16 14:44:33.286 | INFO     | __main__:connect:122 - Feed setup completed successfully
2024-12-16 14:44:33.288 | SUCCESS  | __main__:connect:130 - Successfully connected to DXLink and completed setup sequence
2024-12-16 14:44:33.290 | INFO     | __main__:subscribe_greeks:154 - Subscribing to Greeks for .SPY250131C340
2024-12-16 14:49:41.773 | SUCCESS  | __main__:get_session_token:60 - Found existing session token.
2024-12-16 14:49:41.776 | INFO     | __main__:get_session_token:61 - Existing session token will expire at 2024-12-16 19:32:09.956610.
2024-12-16 14:49:41.785 | SUCCESS  | __main__:get_quote_token:31 - Found existing quote token.
2024-12-16 14:49:41.787 | INFO     | __main__:get_quote_token:32 - Existing quote token will expire at 2024-12-16 19:43:30.269836.
2024-12-16 14:49:43.928 | SUCCESS  | __main__:get_closest_45_dte_spy_streamer_symbol:73 - Found streamer symbol: .SPY250131C340 for expiration 2025-01-31
2024-12-16 14:49:43.940 | INFO     | __main__:connect:34 - Connecting to wss://tasty-openapi-ws.dxfeed.com/realtime
2024-12-16 14:49:45.016 | INFO     | __main__:connect:46 - Sending SETUP message
2024-12-16 14:49:45.122 | INFO     | __main__:connect:52 - SETUP completed successfully
2024-12-16 14:49:45.124 | INFO     | __main__:connect:65 - Sending AUTH message
2024-12-16 14:49:45.231 | INFO     | __main__:connect:75 - Authorization successful
2024-12-16 14:49:45.233 | INFO     | __main__:connect:84 - Requesting channel
2024-12-16 14:49:45.348 | INFO     | __main__:connect:93 - Channel opened successfully
2024-12-16 14:49:45.350 | INFO     | __main__:connect:115 - Setting up feed
2024-12-16 14:49:45.451 | INFO     | __main__:connect:123 - Feed setup completed successfully
2024-12-16 14:49:45.454 | SUCCESS  | __main__:connect:131 - Successfully connected to DXLink and completed setup sequence
2024-12-16 14:49:45.456 | INFO     | __main__:subscribe_greeks:155 - Subscribing to Greeks for .SPY250131C340
