2024-12-15 20:04:14.875 | INFO     | __main__:<module>:38 - Using environment: sandbox
2024-12-15 20:04:15.333 | SUCCESS  | __main__:get_session_token:60 - Found existing session token.
2024-12-15 20:04:15.335 | INFO     | __main__:get_session_token:61 - Existing session token will expire at 2024-12-16 19:32:09.956610.
2024-12-15 20:04:19.316 | INFO     | __main__:<module>:5 - Using environment: sandbox
2024-12-15 20:04:27.375 | SUCCESS  | __main__:get_session_token:60 - Found existing session token.
2024-12-15 20:04:27.378 | INFO     | __main__:get_session_token:61 - Existing session token will expire at 2024-12-16 19:32:09.956610.
2024-12-15 20:04:27.393 | SUCCESS  | __main__:get_quote_token:31 - Found existing quote token.
2024-12-15 20:04:27.395 | INFO     | __main__:get_quote_token:32 - Existing quote token will expire at 2024-12-16 19:43:30.269836.
2024-12-15 20:04:40.653 | SUCCESS  | __main__:get_session_token:60 - Found existing session token.
2024-12-15 20:04:40.655 | INFO     | __main__:get_session_token:61 - Existing session token will expire at 2024-12-16 19:32:09.956610.
2024-12-15 20:04:40.672 | SUCCESS  | __main__:get_quote_token:31 - Found existing quote token.
2024-12-15 20:04:40.676 | INFO     | __main__:get_quote_token:32 - Existing quote token will expire at 2024-12-16 19:43:30.269836.
2024-12-15 20:04:43.005 | SUCCESS  | __main__:get_closest_45_dte_spy_streamer_symbol:73 - Found streamer symbol: .SPY250131C340 for expiration 2025-01-31
2024-12-15 20:04:44.559 | SUCCESS  | __main__:connect:92 - Successfully connected to DXLink and completed setup
2024-12-15 20:04:44.564 | INFO     | __main__:subscribe_greeks:110 - Subscribed to Greeks data for .SPY250131C340
2024-12-15 20:04:44.573 | INFO     | __main__:_handle_auth_state:186 - Auth state changed to: UNAUTHORIZED
2024-12-15 20:04:44.655 | INFO     | __main__:_handle_auth_state:186 - Auth state changed to: UNAUTHORIZED
2024-12-15 20:04:44.662 | INFO     | __main__:_handle_auth_state:186 - Auth state changed to: UNAUTHORIZED
2024-12-15 20:04:44.665 | INFO     | __main__:_handle_auth_state:186 - Auth state changed to: UNAUTHORIZED
2024-12-15 20:05:14.562 | ERROR    | __main__:_message_handler:156 - Error handling message: received 1000 (OK) Bye; then sent 1000 (OK) Bye
2024-12-15 20:05:14.592 | ERROR    | __main__:_keepalive_loop:141 - Keepalive error: received 1000 (OK) Bye; then sent 1000 (OK) Bye
2024-12-15 20:05:15.570 | ERROR    | __main__:_message_handler:156 - Error handling message: received 1000 (OK) Bye; then sent 1000 (OK) Bye
2024-12-15 20:05:15.617 | ERROR    | __main__:_keepalive_loop:141 - Keepalive error: received 1000 (OK) Bye; then sent 1000 (OK) Bye
2024-12-15 20:05:16.569 | ERROR    | __main__:_message_handler:156 - Error handling message: received 1000 (OK) Bye; then sent 1000 (OK) Bye
2024-12-15 20:05:16.630 | ERROR    | __main__:_keepalive_loop:141 - Keepalive error: received 1000 (OK) Bye; then sent 1000 (OK) Bye
2024-12-15 20:05:17.594 | ERROR    | __main__:_message_handler:156 - Error handling message: received 1000 (OK) Bye; then sent 1000 (OK) Bye
2024-12-15 20:05:17.657 | ERROR    | __main__:_keepalive_loop:141 - Keepalive error: received 1000 (OK) Bye; then sent 1000 (OK) Bye
2024-12-15 20:05:18.605 | ERROR    | __main__:_message_handler:156 - Error handling message: received 1000 (OK) Bye; then sent 1000 (OK) Bye
2024-12-15 20:05:18.667 | ERROR    | __main__:_keepalive_loop:141 - Keepalive error: received 1000 (OK) Bye; then sent 1000 (OK) Bye
2024-12-15 20:05:19.605 | ERROR    | __main__:_message_handler:156 - Error handling message: received 1000 (OK) Bye; then sent 1000 (OK) Bye
2024-12-15 20:05:19.683 | ERROR    | __main__:_keepalive_loop:141 - Keepalive error: received 1000 (OK) Bye; then sent 1000 (OK) Bye
2024-12-15 20:05:20.619 | ERROR    | __main__:_message_handler:156 - Error handling message: received 1000 (OK) Bye; then sent 1000 (OK) Bye
2024-12-15 20:05:20.697 | ERROR    | __main__:_keepalive_loop:141 - Keepalive error: received 1000 (OK) Bye; then sent 1000 (OK) Bye
2024-12-15 20:05:21.621 | ERROR    | __main__:_message_handler:156 - Error handling message: received 1000 (OK) Bye; then sent 1000 (OK) Bye
2024-12-15 20:05:21.714 | ERROR    | __main__:_keepalive_loop:141 - Keepalive error: received 1000 (OK) Bye; then sent 1000 (OK) Bye
2024-12-15 20:05:22.620 | ERROR    | __main__:_message_handler:156 - Error handling message: received 1000 (OK) Bye; then sent 1000 (OK) Bye
2024-12-15 20:05:22.731 | ERROR    | __main__:_keepalive_loop:141 - Keepalive error: received 1000 (OK) Bye; then sent 1000 (OK) Bye
2024-12-15 20:05:23.634 | ERROR    | __main__:_message_handler:156 - Error handling message: received 1000 (OK) Bye; then sent 1000 (OK) Bye
2024-12-15 20:05:23.742 | ERROR    | __main__:_keepalive_loop:141 - Keepalive error: received 1000 (OK) Bye; then sent 1000 (OK) Bye
2024-12-15 20:05:24.659 | ERROR    | __main__:_message_handler:156 - Error handling message: received 1000 (OK) Bye; then sent 1000 (OK) Bye
2024-12-15 20:05:24.754 | ERROR    | __main__:_keepalive_loop:141 - Keepalive error: received 1000 (OK) Bye; then sent 1000 (OK) Bye
2024-12-15 20:05:25.669 | ERROR    | __main__:_message_handler:156 - Error handling message: received 1000 (OK) Bye; then sent 1000 (OK) Bye
2024-12-15 20:05:25.762 | ERROR    | __main__:_keepalive_loop:141 - Keepalive error: received 1000 (OK) Bye; then sent 1000 (OK) Bye
2024-12-15 20:05:26.680 | ERROR    | __main__:_message_handler:156 - Error handling message: received 1000 (OK) Bye; then sent 1000 (OK) Bye
2024-12-15 20:05:26.774 | ERROR    | __main__:_keepalive_loop:141 - Keepalive error: received 1000 (OK) Bye; then sent 1000 (OK) Bye
2024-12-15 20:05:27.704 | ERROR    | __main__:_message_handler:156 - Error handling message: received 1000 (OK) Bye; then sent 1000 (OK) Bye
2024-12-15 20:05:27.797 | ERROR    | __main__:_keepalive_loop:141 - Keepalive error: received 1000 (OK) Bye; then sent 1000 (OK) Bye
2024-12-15 20:05:28.714 | ERROR    | __main__:_message_handler:156 - Error handling message: received 1000 (OK) Bye; then sent 1000 (OK) Bye
2024-12-15 20:05:28.809 | ERROR    | __main__:_keepalive_loop:141 - Keepalive error: received 1000 (OK) Bye; then sent 1000 (OK) Bye
2024-12-15 20:05:29.725 | ERROR    | __main__:_message_handler:156 - Error handling message: received 1000 (OK) Bye; then sent 1000 (OK) Bye
2024-12-15 20:05:29.833 | ERROR    | __main__:_keepalive_loop:141 - Keepalive error: received 1000 (OK) Bye; then sent 1000 (OK) Bye
2024-12-15 20:05:30.733 | ERROR    | __main__:_message_handler:156 - Error handling message: received 1000 (OK) Bye; then sent 1000 (OK) Bye
2024-12-15 20:05:30.842 | ERROR    | __main__:_keepalive_loop:141 - Keepalive error: received 1000 (OK) Bye; then sent 1000 (OK) Bye
2024-12-15 20:05:31.745 | ERROR    | __main__:_message_handler:156 - Error handling message: received 1000 (OK) Bye; then sent 1000 (OK) Bye
2024-12-15 20:05:31.854 | ERROR    | __main__:_keepalive_loop:141 - Keepalive error: received 1000 (OK) Bye; then sent 1000 (OK) Bye
2024-12-15 20:05:32.768 | ERROR    | __main__:_message_handler:156 - Error handling message: received 1000 (OK) Bye; then sent 1000 (OK) Bye
2024-12-15 20:05:32.876 | ERROR    | __main__:_keepalive_loop:141 - Keepalive error: received 1000 (OK) Bye; then sent 1000 (OK) Bye
2024-12-15 20:05:33.778 | ERROR    | __main__:_message_handler:156 - Error handling message: received 1000 (OK) Bye; then sent 1000 (OK) Bye
2024-12-15 20:05:33.887 | ERROR    | __main__:_keepalive_loop:141 - Keepalive error: received 1000 (OK) Bye; then sent 1000 (OK) Bye
2024-12-15 20:05:34.789 | ERROR    | __main__:_message_handler:156 - Error handling message: received 1000 (OK) Bye; then sent 1000 (OK) Bye
2024-12-15 20:05:34.912 | ERROR    | __main__:_keepalive_loop:141 - Keepalive error: received 1000 (OK) Bye; then sent 1000 (OK) Bye
2024-12-15 20:05:35.800 | ERROR    | __main__:_message_handler:156 - Error handling message: received 1000 (OK) Bye; then sent 1000 (OK) Bye
2024-12-15 20:05:35.926 | ERROR    | __main__:_keepalive_loop:141 - Keepalive error: received 1000 (OK) Bye; then sent 1000 (OK) Bye
2024-12-15 20:05:36.804 | ERROR    | __main__:_message_handler:156 - Error handling message: received 1000 (OK) Bye; then sent 1000 (OK) Bye
2024-12-15 20:05:36.928 | ERROR    | __main__:_keepalive_loop:141 - Keepalive error: received 1000 (OK) Bye; then sent 1000 (OK) Bye
2024-12-15 20:05:37.833 | ERROR    | __main__:_message_handler:156 - Error handling message: received 1000 (OK) Bye; then sent 1000 (OK) Bye
2024-12-15 20:05:37.923 | ERROR    | __main__:_keepalive_loop:141 - Keepalive error: received 1000 (OK) Bye; then sent 1000 (OK) Bye
2024-12-15 20:05:38.854 | ERROR    | __main__:_message_handler:156 - Error handling message: received 1000 (OK) Bye; then sent 1000 (OK) Bye
2024-12-15 20:05:38.931 | ERROR    | __main__:_keepalive_loop:141 - Keepalive error: received 1000 (OK) Bye; then sent 1000 (OK) Bye
2024-12-15 20:05:39.866 | ERROR    | __main__:_message_handler:156 - Error handling message: received 1000 (OK) Bye; then sent 1000 (OK) Bye
2024-12-15 20:05:39.944 | ERROR    | __main__:_keepalive_loop:141 - Keepalive error: received 1000 (OK) Bye; then sent 1000 (OK) Bye
2024-12-15 20:05:40.895 | ERROR    | __main__:_message_handler:156 - Error handling message: received 1000 (OK) Bye; then sent 1000 (OK) Bye
2024-12-15 20:05:40.958 | ERROR    | __main__:_keepalive_loop:141 - Keepalive error: received 1000 (OK) Bye; then sent 1000 (OK) Bye
2024-12-15 20:05:41.922 | ERROR    | __main__:_message_handler:156 - Error handling message: received 1000 (OK) Bye; then sent 1000 (OK) Bye
2024-12-15 20:05:41.982 | ERROR    | __main__:_keepalive_loop:141 - Keepalive error: received 1000 (OK) Bye; then sent 1000 (OK) Bye
2024-12-15 20:05:42.936 | ERROR    | __main__:_message_handler:156 - Error handling message: received 1000 (OK) Bye; then sent 1000 (OK) Bye
2024-12-15 20:05:42.996 | ERROR    | __main__:_keepalive_loop:141 - Keepalive error: received 1000 (OK) Bye; then sent 1000 (OK) Bye
2024-12-15 20:05:43.935 | ERROR    | __main__:_message_handler:156 - Error handling message: received 1000 (OK) Bye; then sent 1000 (OK) Bye
2024-12-15 20:05:44.012 | ERROR    | __main__:_keepalive_loop:141 - Keepalive error: received 1000 (OK) Bye; then sent 1000 (OK) Bye
2024-12-15 20:05:44.947 | ERROR    | __main__:_message_handler:156 - Error handling message: received 1000 (OK) Bye; then sent 1000 (OK) Bye
2024-12-15 20:05:45.022 | ERROR    | __main__:_keepalive_loop:141 - Keepalive error: received 1000 (OK) Bye; then sent 1000 (OK) Bye
2024-12-15 20:05:45.958 | ERROR    | __main__:_message_handler:156 - Error handling message: received 1000 (OK) Bye; then sent 1000 (OK) Bye
2024-12-15 20:05:46.034 | ERROR    | __main__:_keepalive_loop:141 - Keepalive error: received 1000 (OK) Bye; then sent 1000 (OK) Bye
2024-12-15 20:05:46.963 | ERROR    | __main__:_message_handler:156 - Error handling message: received 1000 (OK) Bye; then sent 1000 (OK) Bye
2024-12-15 20:05:47.039 | ERROR    | __main__:_keepalive_loop:141 - Keepalive error: received 1000 (OK) Bye; then sent 1000 (OK) Bye
2024-12-15 20:05:47.993 | ERROR    | __main__:_message_handler:156 - Error handling message: received 1000 (OK) Bye; then sent 1000 (OK) Bye
2024-12-15 20:05:48.039 | ERROR    | __main__:_keepalive_loop:141 - Keepalive error: received 1000 (OK) Bye; then sent 1000 (OK) Bye
