2024-11-08 14:32:30.565 | INFO     | __main__:<module>:34 - Using environment: production
2024-11-08 14:32:31.167 | INFO     | __main__:is_market_open:166 - Current ET time: 09:32:31
2024-11-08 14:32:31.167 | INFO     | __main__:is_market_open:167 - Market open time: 09:30:00
2024-11-08 14:32:31.168 | INFO     | __main__:<module>:503 - Waiting for market open...
2024-11-08 14:33:01.170 | INFO     | __main__:is_market_open:166 - Current ET time: 09:33:01
2024-11-08 14:33:01.172 | INFO     | __main__:is_market_open:167 - Market open time: 09:30:00
2024-11-08 14:33:01.174 | INFO     | __main__:<module>:503 - Waiting for market open...
2024-11-08 14:33:31.177 | INFO     | __main__:is_market_open:166 - Current ET time: 09:33:31
2024-11-08 14:33:31.180 | INFO     | __main__:is_market_open:167 - Market open time: 09:30:00
2024-11-08 14:33:31.182 | INFO     | __main__:<module>:503 - Waiting for market open...
2024-11-08 14:34:01.190 | INFO     | __main__:is_market_open:166 - Current ET time: 09:34:01
2024-11-08 14:34:01.191 | INFO     | __main__:is_market_open:167 - Market open time: 09:30:00
2024-11-08 14:34:01.193 | INFO     | __main__:<module>:503 - Waiting for market open...
2024-11-08 14:34:31.195 | INFO     | __main__:is_market_open:166 - Current ET time: 09:34:31
2024-11-08 14:34:31.196 | INFO     | __main__:is_market_open:167 - Market open time: 09:30:00
2024-11-08 14:34:31.198 | INFO     | __main__:<module>:503 - Waiting for market open...
2024-11-08 14:35:01.201 | INFO     | __main__:is_market_open:166 - Current ET time: 09:35:01
2024-11-08 14:35:01.202 | INFO     | __main__:is_market_open:167 - Market open time: 09:30:00
2024-11-08 14:35:01.205 | INFO     | __main__:<module>:503 - Waiting for market open...
2024-11-08 14:35:31.207 | INFO     | __main__:is_market_open:166 - Current ET time: 09:35:31
2024-11-08 14:35:31.208 | INFO     | __main__:is_market_open:167 - Market open time: 09:30:00
2024-11-08 14:35:31.211 | INFO     | __main__:<module>:503 - Waiting for market open...
2024-11-08 14:36:01.214 | INFO     | __main__:is_market_open:166 - Current ET time: 09:36:01
2024-11-08 14:36:01.215 | INFO     | __main__:is_market_open:167 - Market open time: 09:30:00
2024-11-08 14:36:01.216 | INFO     | __main__:<module>:492 - Trading time reached - executing trading tasks
2024-11-08 14:36:01.351 | WARNING  | __main__:get_session_token:61 - Session token expired or invalid, generating new session token...
2024-11-08 14:36:01.353 | INFO     | __main__:get_session_token:71 - Using environment:production with base url: https://api.tastyworks.com/sessions
2024-11-08 14:36:01.357 | DEBUG    | __main__:get_session_token:76 - Generated payload.
2024-11-08 14:36:01.881 | INFO     | __main__:get_session_token:79 - Posted request: <Response [201]>
2024-11-08 14:36:01.882 | SUCCESS  | __main__:get_session_token:82 - Response status code: 201. Received session token.
2024-11-08 14:36:01.884 | DEBUG    | __main__:get_session_token:86 - Saved new session token expiring at: 2024-11-09 14:36:01.884498.
2024-11-08 14:36:01.910 | SUCCESS  | __main__:get_session_token:92 - Stored new session token and token expiry.
2024-11-08 14:36:02.456 | SUCCESS  | __main__:account_information_and_balances:119 - Retrieved account information for account 5WX16582 - a production account.
2024-11-08 14:36:02.859 | SUCCESS  | __main__:account_information_and_balances:128 - Retrieved account balances for account 5WX16582 - a production account.
2024-11-08 14:36:02.862 | INFO     | __main__:account_information_and_balances:133 - Option Buying Power: $39975.506
2024-11-08 14:36:05.636 | INFO     | __main__:get_underlying_regime:229 - Retrieved and calculated underlying regime.
2024-11-08 14:36:06.979 | INFO     | __main__:get_underlying_regime:229 - Retrieved and calculated underlying regime.
2024-11-08 14:36:07.492 | SUCCESS  | __main__:calculate_expected_move:273 - Calculated expected move.
2024-11-08 14:36:07.918 | INFO     | __main__:calculate_expected_move:324 - Generated Put-Side Trade | Short: 5965 Long: 5960
2024-11-08 14:36:09.167 | INFO     | __main__:get_underlying_regime:229 - Retrieved and calculated underlying regime.
2024-11-08 14:36:10.079 | SUCCESS  | __main__:calculate_expected_move:273 - Calculated expected move.
2024-11-08 14:36:10.555 | INFO     | __main__:calculate_expected_move:324 - Generated Put-Side Trade | Short: 5965 Long: 5960
2024-11-08 14:36:11.967 | SUCCESS  | __main__:get_option_chain_data:358 - Retrieved nested option chain.
2024-11-08 14:36:11.974 | SUCCESS  | __main__:get_option_chain_data:379 - Retrieved put-side tickers.
2024-11-08 14:36:12.571 | SUCCESS  | __main__:submit_order:471 - Validated order, no issues in preflight.
2024-11-08 14:36:13.143 | SUCCESS  | __main__:submit_order:480 - Sent order.
