2024-12-16 14:38:20.264 | INFO     | __main__:<module>:38 - Using environment: sandbox
2024-12-16 14:38:22.108 | SUCCESS  | __main__:get_session_token:60 - Found existing session token.
2024-12-16 14:38:22.109 | INFO     | __main__:get_session_token:61 - Existing session token will expire at 2024-12-16 19:32:09.956610.
2024-12-16 14:38:27.708 | INFO     | __main__:<module>:5 - Using environment: sandbox
2024-12-16 14:38:29.622 | SUCCESS  | __main__:get_session_token:60 - Found existing session token.
2024-12-16 14:38:29.624 | INFO     | __main__:get_session_token:61 - Existing session token will expire at 2024-12-16 19:32:09.956610.
2024-12-16 14:38:29.635 | SUCCESS  | __main__:get_quote_token:31 - Found existing quote token.
2024-12-16 14:38:29.637 | INFO     | __main__:get_quote_token:32 - Existing quote token will expire at 2024-12-16 19:43:30.269836.
2024-12-16 14:38:38.712 | SUCCESS  | __main__:get_session_token:60 - Found existing session token.
2024-12-16 14:38:38.714 | INFO     | __main__:get_session_token:61 - Existing session token will expire at 2024-12-16 19:32:09.956610.
2024-12-16 14:38:38.728 | SUCCESS  | __main__:get_quote_token:31 - Found existing quote token.
2024-12-16 14:38:38.729 | INFO     | __main__:get_quote_token:32 - Existing quote token will expire at 2024-12-16 19:43:30.269836.
2024-12-16 14:38:40.968 | SUCCESS  | __main__:get_closest_45_dte_spy_streamer_symbol:73 - Found streamer symbol: .SPY250131C340 for expiration 2025-01-31
2024-12-16 14:38:40.980 | INFO     | __main__:connect:34 - Connecting to wss://tasty-openapi-ws.dxfeed.com/realtime
2024-12-16 14:38:42.185 | INFO     | __main__:connect:46 - Sending SETUP message
2024-12-16 14:38:42.291 | INFO     | __main__:connect:52 - SETUP completed successfully
2024-12-16 14:38:42.294 | INFO     | __main__:connect:65 - Sending AUTH message
2024-12-16 14:38:42.402 | INFO     | __main__:connect:75 - Authorization successful
2024-12-16 14:38:42.405 | INFO     | __main__:connect:84 - Requesting channel
2024-12-16 14:38:42.511 | INFO     | __main__:connect:93 - Channel opened successfully
2024-12-16 14:38:42.513 | INFO     | __main__:connect:114 - Setting up feed
2024-12-16 14:38:42.615 | INFO     | __main__:connect:122 - Feed setup completed successfully
2024-12-16 14:38:42.616 | SUCCESS  | __main__:connect:130 - Successfully connected to DXLink and completed setup sequence
2024-12-16 14:38:42.618 | INFO     | __main__:subscribe_greeks:154 - Subscribing to Greeks for .SPY250131C340
2024-12-16 14:38:42.731 | ERROR    | __main__:_handle_feed_data:212 - Error processing feed data: list index out of range
2024-12-16 14:39:04.671 | ERROR    | __main__:_handle_feed_data:212 - Error processing feed data: list index out of range
2024-12-16 14:40:27.171 | ERROR    | __main__:_handle_feed_data:212 - Error processing feed data: list index out of range
2024-12-16 14:41:34.688 | ERROR    | __main__:_handle_feed_data:212 - Error processing feed data: list index out of range
