2024-10-30 13:32:47.295 | INFO     | __main__:<module>:34 - Using environment: production
2024-10-30 13:32:47.813 | INFO     | __main__:is_market_open:166 - Current ET time: 09:32:47
2024-10-30 13:32:47.813 | INFO     | __main__:is_market_open:167 - Market open time: 09:30:00
2024-10-30 13:32:47.814 | INFO     | __main__:<module>:495 - Waiting for market open...
2024-10-30 13:33:18.084 | INFO     | __main__:is_market_open:166 - Current ET time: 09:33:18
2024-10-30 13:33:18.088 | INFO     | __main__:is_market_open:167 - Market open time: 09:30:00
2024-10-30 13:33:18.090 | INFO     | __main__:<module>:495 - Waiting for market open...
2024-10-30 13:33:48.096 | INFO     | __main__:is_market_open:166 - Current ET time: 09:33:48
2024-10-30 13:33:48.097 | INFO     | __main__:is_market_open:167 - Market open time: 09:30:00
2024-10-30 13:33:48.101 | INFO     | __main__:<module>:495 - Waiting for market open...
2024-10-30 13:34:18.103 | INFO     | __main__:is_market_open:166 - Current ET time: 09:34:18
2024-10-30 13:34:18.103 | INFO     | __main__:is_market_open:167 - Market open time: 09:30:00
2024-10-30 13:34:18.104 | INFO     | __main__:<module>:495 - Waiting for market open...
2024-10-30 13:34:48.106 | INFO     | __main__:is_market_open:166 - Current ET time: 09:34:48
2024-10-30 13:34:48.109 | INFO     | __main__:is_market_open:167 - Market open time: 09:30:00
2024-10-30 13:34:48.112 | INFO     | __main__:<module>:495 - Waiting for market open...
2024-10-30 13:35:18.119 | INFO     | __main__:is_market_open:166 - Current ET time: 09:35:18
2024-10-30 13:35:18.123 | INFO     | __main__:is_market_open:167 - Market open time: 09:30:00
2024-10-30 13:35:18.126 | INFO     | __main__:<module>:495 - Waiting for market open...
2024-10-30 13:35:48.131 | INFO     | __main__:is_market_open:166 - Current ET time: 09:35:48
2024-10-30 13:35:48.131 | INFO     | __main__:is_market_open:167 - Market open time: 09:30:00
2024-10-30 13:35:48.132 | INFO     | __main__:<module>:495 - Waiting for market open...
2024-10-30 13:36:18.135 | INFO     | __main__:is_market_open:166 - Current ET time: 09:36:18
2024-10-30 13:36:18.137 | INFO     | __main__:is_market_open:167 - Market open time: 09:30:00
2024-10-30 13:36:18.140 | INFO     | __main__:<module>:492 - Trading time reached - executing trading tasks
2024-10-30 13:36:18.444 | SUCCESS  | __main__:get_session_token:56 - Found existing session token.
2024-10-30 13:36:18.446 | INFO     | __main__:get_session_token:57 - Existing session token will expire at 2024-10-30 14:27:21.742098.
2024-10-30 13:36:19.004 | SUCCESS  | __main__:account_information_and_balances:119 - Retrieved account information for account 5WX16582 - a production account.
2024-10-30 13:36:19.385 | SUCCESS  | __main__:account_information_and_balances:128 - Retrieved account balances for account 5WX16582 - a production account.
2024-10-30 13:36:19.388 | INFO     | __main__:account_information_and_balances:133 - Option Buying Power: $39822.106
2024-10-30 13:36:22.121 | INFO     | __main__:get_underlying_regime:229 - Retrieved and calculated underlying regime.
2024-10-30 13:36:23.133 | INFO     | __main__:get_underlying_regime:229 - Retrieved and calculated underlying regime.
2024-10-30 13:36:23.613 | SUCCESS  | __main__:calculate_expected_move:273 - Calculated expected move.
2024-10-30 13:36:24.032 | INFO     | __main__:calculate_expected_move:324 - Generated Put-Side Trade | Short: 5810 Long: 5805
2024-10-30 13:36:25.132 | INFO     | __main__:get_underlying_regime:229 - Retrieved and calculated underlying regime.
2024-10-30 13:36:25.653 | SUCCESS  | __main__:calculate_expected_move:273 - Calculated expected move.
2024-10-30 13:36:26.075 | INFO     | __main__:calculate_expected_move:324 - Generated Put-Side Trade | Short: 5810 Long: 5805
2024-10-30 13:36:27.348 | SUCCESS  | __main__:get_option_chain_data:358 - Retrieved nested option chain.
2024-10-30 13:36:27.350 | SUCCESS  | __main__:get_option_chain_data:379 - Retrieved put-side tickers.
2024-10-30 13:36:27.867 | SUCCESS  | __main__:submit_order:471 - Validated order, no issues in preflight.
2024-10-30 13:36:28.454 | SUCCESS  | __main__:submit_order:480 - Sent order.
2024-10-30 13:36:28.455 | INFO     | __main__:is_market_open:166 - Current ET time: 09:36:28
2024-10-30 13:36:28.455 | INFO     | __main__:is_market_open:167 - Market open time: 09:30:00
2024-10-30 13:36:28.455 | INFO     | __main__:<module>:492 - Trading time reached - executing trading tasks
2024-10-30 13:36:28.460 | SUCCESS  | __main__:get_session_token:56 - Found existing session token.
2024-10-30 13:36:28.460 | INFO     | __main__:get_session_token:57 - Existing session token will expire at 2024-10-30 14:27:21.742098.
2024-10-30 13:36:28.830 | SUCCESS  | __main__:account_information_and_balances:119 - Retrieved account information for account 5WX16582 - a production account.
2024-10-30 13:36:29.164 | SUCCESS  | __main__:account_information_and_balances:128 - Retrieved account balances for account 5WX16582 - a production account.
2024-10-30 13:36:29.165 | INFO     | __main__:account_information_and_balances:133 - Option Buying Power: $39822.106
2024-10-30 13:36:31.415 | INFO     | __main__:get_underlying_regime:229 - Retrieved and calculated underlying regime.
2024-10-30 13:36:34.158 | INFO     | __main__:get_underlying_regime:229 - Retrieved and calculated underlying regime.
2024-10-30 13:36:34.641 | SUCCESS  | __main__:calculate_expected_move:273 - Calculated expected move.
2024-10-30 13:36:35.059 | INFO     | __main__:calculate_expected_move:324 - Generated Put-Side Trade | Short: 5810 Long: 5805
2024-10-30 13:36:36.246 | INFO     | __main__:get_underlying_regime:229 - Retrieved and calculated underlying regime.
2024-10-30 13:36:37.168 | SUCCESS  | __main__:calculate_expected_move:273 - Calculated expected move.
2024-10-30 13:36:37.604 | INFO     | __main__:calculate_expected_move:324 - Generated Put-Side Trade | Short: 5810 Long: 5805
2024-10-30 13:36:38.920 | SUCCESS  | __main__:get_option_chain_data:358 - Retrieved nested option chain.
2024-10-30 13:36:38.921 | SUCCESS  | __main__:get_option_chain_data:379 - Retrieved put-side tickers.
2024-10-30 13:36:39.481 | SUCCESS  | __main__:submit_order:471 - Validated order, no issues in preflight.
2024-10-30 13:36:40.035 | SUCCESS  | __main__:submit_order:480 - Sent order.
2024-10-30 13:36:40.038 | INFO     | __main__:is_market_open:166 - Current ET time: 09:36:40
2024-10-30 13:36:40.039 | INFO     | __main__:is_market_open:167 - Market open time: 09:30:00
2024-10-30 13:36:40.040 | INFO     | __main__:<module>:492 - Trading time reached - executing trading tasks
2024-10-30 13:36:40.051 | SUCCESS  | __main__:get_session_token:56 - Found existing session token.
2024-10-30 13:36:40.052 | INFO     | __main__:get_session_token:57 - Existing session token will expire at 2024-10-30 14:27:21.742098.
2024-10-30 13:36:40.437 | SUCCESS  | __main__:account_information_and_balances:119 - Retrieved account information for account 5WX16582 - a production account.
2024-10-30 13:36:40.811 | SUCCESS  | __main__:account_information_and_balances:128 - Retrieved account balances for account 5WX16582 - a production account.
2024-10-30 13:36:40.812 | INFO     | __main__:account_information_and_balances:133 - Option Buying Power: $39413.543
2024-10-30 13:36:43.240 | INFO     | __main__:get_underlying_regime:229 - Retrieved and calculated underlying regime.
2024-10-30 13:36:44.273 | INFO     | __main__:get_underlying_regime:229 - Retrieved and calculated underlying regime.
2024-10-30 13:36:44.769 | SUCCESS  | __main__:calculate_expected_move:273 - Calculated expected move.
2024-10-30 13:36:45.155 | INFO     | __main__:calculate_expected_move:324 - Generated Put-Side Trade | Short: 5810 Long: 5805
2024-10-30 13:36:47.324 | INFO     | __main__:get_underlying_regime:229 - Retrieved and calculated underlying regime.
2024-10-30 13:36:47.829 | SUCCESS  | __main__:calculate_expected_move:273 - Calculated expected move.
2024-10-30 13:36:48.253 | INFO     | __main__:calculate_expected_move:324 - Generated Put-Side Trade | Short: 5810 Long: 5805
2024-10-30 13:36:49.540 | SUCCESS  | __main__:get_option_chain_data:358 - Retrieved nested option chain.
2024-10-30 13:36:49.542 | SUCCESS  | __main__:get_option_chain_data:379 - Retrieved put-side tickers.
2024-10-30 13:36:50.299 | SUCCESS  | __main__:submit_order:471 - Validated order, no issues in preflight.
2024-10-30 13:36:50.832 | SUCCESS  | __main__:submit_order:480 - Sent order.
2024-10-30 13:36:50.837 | INFO     | __main__:is_market_open:166 - Current ET time: 09:36:50
2024-10-30 13:36:50.842 | INFO     | __main__:is_market_open:167 - Market open time: 09:30:00
2024-10-30 13:36:50.844 | INFO     | __main__:<module>:492 - Trading time reached - executing trading tasks
2024-10-30 13:36:50.862 | SUCCESS  | __main__:get_session_token:56 - Found existing session token.
2024-10-30 13:36:50.863 | INFO     | __main__:get_session_token:57 - Existing session token will expire at 2024-10-30 14:27:21.742098.
2024-10-30 13:36:51.259 | SUCCESS  | __main__:account_information_and_balances:119 - Retrieved account information for account 5WX16582 - a production account.
2024-10-30 13:36:51.770 | SUCCESS  | __main__:account_information_and_balances:128 - Retrieved account balances for account 5WX16582 - a production account.
2024-10-30 13:36:51.770 | INFO     | __main__:account_information_and_balances:133 - Option Buying Power: $39014.98
