2024-11-06 14:36:26.003 | INFO     | __main__:<module>:34 - Using environment: production
2024-11-06 14:36:26.877 | INFO     | __main__:is_market_open:166 - Current ET time: 09:36:26
2024-11-06 14:36:26.877 | INFO     | __main__:is_market_open:167 - Market open time: 09:30:00
2024-11-06 14:36:26.878 | INFO     | __main__:<module>:492 - Trading time reached - executing trading tasks
2024-11-06 14:36:26.939 | WARNING  | __main__:get_session_token:61 - Session token expired or invalid, generating new session token...
2024-11-06 14:36:26.940 | INFO     | __main__:get_session_token:71 - Using environment:production with base url: https://api.tastyworks.com/sessions
2024-11-06 14:36:26.942 | DEBUG    | __main__:get_session_token:76 - Generated payload.
2024-11-06 14:36:27.391 | INFO     | __main__:get_session_token:79 - Posted request: <Response [201]>
2024-11-06 14:36:27.393 | SUCCESS  | __main__:get_session_token:82 - Response status code: 201. Received session token.
2024-11-06 14:36:27.393 | DEBUG    | __main__:get_session_token:86 - Saved new session token expiring at: 2024-11-07 14:36:27.393996.
2024-11-06 14:36:27.412 | SUCCESS  | __main__:get_session_token:92 - Stored new session token and token expiry.
2024-11-06 14:36:27.825 | SUCCESS  | __main__:account_information_and_balances:119 - Retrieved account information for account 5WX16582 - a production account.
2024-11-06 14:36:28.215 | SUCCESS  | __main__:account_information_and_balances:128 - Retrieved account balances for account 5WX16582 - a production account.
2024-11-06 14:36:28.215 | INFO     | __main__:account_information_and_balances:133 - Option Buying Power: $39869.069
2024-11-06 14:36:31.467 | INFO     | __main__:get_underlying_regime:229 - Retrieved and calculated underlying regime.
2024-11-06 14:36:33.370 | INFO     | __main__:get_underlying_regime:229 - Retrieved and calculated underlying regime.
2024-11-06 14:36:33.853 | SUCCESS  | __main__:calculate_expected_move:273 - Calculated expected move.
2024-11-06 14:36:34.307 | INFO     | __main__:calculate_expected_move:324 - Generated Put-Side Trade | Short: 5870 Long: 5865
2024-11-06 14:36:35.235 | INFO     | __main__:get_underlying_regime:229 - Retrieved and calculated underlying regime.
2024-11-06 14:36:35.720 | SUCCESS  | __main__:calculate_expected_move:273 - Calculated expected move.
2024-11-06 14:36:36.174 | INFO     | __main__:calculate_expected_move:324 - Generated Put-Side Trade | Short: 5870 Long: 5865
2024-11-06 14:36:37.503 | SUCCESS  | __main__:get_option_chain_data:358 - Retrieved nested option chain.
2024-11-06 14:36:37.513 | SUCCESS  | __main__:get_option_chain_data:379 - Retrieved put-side tickers.
2024-11-06 14:36:38.046 | SUCCESS  | __main__:submit_order:471 - Validated order, no issues in preflight.
2024-11-06 14:36:38.707 | SUCCESS  | __main__:submit_order:480 - Sent order.
