2024-12-15 20:13:16.805 | INFO     | __main__:<module>:38 - Using environment: sandbox
2024-12-15 20:13:17.740 | SUCCESS  | __main__:get_session_token:60 - Found existing session token.
2024-12-15 20:13:17.742 | INFO     | __main__:get_session_token:61 - Existing session token will expire at 2024-12-16 19:32:09.956610.
2024-12-15 20:13:19.952 | INFO     | __main__:<module>:5 - Using environment: sandbox
2024-12-15 20:13:24.355 | SUCCESS  | __main__:get_session_token:60 - Found existing session token.
2024-12-15 20:13:24.357 | INFO     | __main__:get_session_token:61 - Existing session token will expire at 2024-12-16 19:32:09.956610.
2024-12-15 20:13:24.368 | SUCCESS  | __main__:get_quote_token:31 - Found existing quote token.
2024-12-15 20:13:24.370 | INFO     | __main__:get_quote_token:32 - Existing quote token will expire at 2024-12-16 19:43:30.269836.
2024-12-15 20:13:53.782 | SUCCESS  | __main__:get_session_token:60 - Found existing session token.
2024-12-15 20:13:53.783 | INFO     | __main__:get_session_token:61 - Existing session token will expire at 2024-12-16 19:32:09.956610.
2024-12-15 20:13:53.792 | SUCCESS  | __main__:get_quote_token:31 - Found existing quote token.
2024-12-15 20:13:53.794 | INFO     | __main__:get_quote_token:32 - Existing quote token will expire at 2024-12-16 19:43:30.269836.
2024-12-15 20:13:55.995 | SUCCESS  | __main__:get_closest_45_dte_spy_streamer_symbol:73 - Found streamer symbol: .SPY250131C340 for expiration 2025-01-31
2024-12-15 20:13:56.010 | INFO     | __main__:connect:34 - Connecting to wss://tasty-openapi-ws.dxfeed.com/realtime
2024-12-15 20:13:57.117 | INFO     | __main__:connect:46 - Sending SETUP message
2024-12-15 20:13:57.223 | INFO     | __main__:connect:52 - SETUP completed successfully
2024-12-15 20:13:57.227 | INFO     | __main__:connect:65 - Sending AUTH message
2024-12-15 20:13:57.329 | INFO     | __main__:connect:75 - Authorization successful
2024-12-15 20:13:57.331 | INFO     | __main__:connect:84 - Requesting channel
2024-12-15 20:13:57.431 | INFO     | __main__:connect:93 - Channel opened successfully
2024-12-15 20:13:57.432 | INFO     | __main__:connect:114 - Setting up feed
2024-12-15 20:13:57.532 | INFO     | __main__:connect:122 - Feed setup completed successfully
2024-12-15 20:13:57.534 | SUCCESS  | __main__:connect:130 - Successfully connected to DXLink and completed setup sequence
2024-12-15 20:13:57.536 | INFO     | __main__:subscribe_greeks:154 - Subscribing to Greeks for .SPY250131C340
2024-12-15 20:13:57.649 | ERROR    | __main__:_handle_feed_data:212 - Error processing feed data: list index out of range
